{"/Users/dev/Documents/MERN/Projects/bookNow/frontend/src/App.jsx": {"path":"/Users/dev/Documents/MERN/Projects/bookNow/frontend/src/App.jsx","statementMap":{"0":{"start":{"line":14,"column":2},"end":{"line":37,"column":4}}},"fnMap":{"0":{"name":"App","decl":{"start":{"line":13,"column":9},"end":{"line":13,"column":12}},"loc":{"start":{"line":13,"column":15},"end":{"line":38,"column":1}},"line":13}},"branchMap":{},"s":{"0":0},"f":{"0":0},"b":{}}
,"/Users/dev/Documents/MERN/Projects/bookNow/frontend/src/main.jsx": {"path":"/Users/dev/Documents/MERN/Projects/bookNow/frontend/src/main.jsx","statementMap":{"0":{"start":{"line":6,"column":0},"end":{"line":10,"column":1}}},"fnMap":{},"branchMap":{},"s":{"0":0},"f":{},"b":{}}
,"/Users/dev/Documents/MERN/Projects/bookNow/frontend/src/Components/BookingCart.jsx": {"path":"/Users/dev/Documents/MERN/Projects/bookNow/frontend/src/Components/BookingCart.jsx","statementMap":{"0":{"start":{"line":11,"column":27},"end":{"line":123,"column":1}},"1":{"start":{"line":12,"column":41},"end":{"line":12,"column":48}},"2":{"start":{"line":13,"column":55},"end":{"line":13,"column":69}},"3":{"start":{"line":14,"column":52},"end":{"line":14,"column":67}},"4":{"start":{"line":15,"column":40},"end":{"line":15,"column":55}},"5":{"start":{"line":16,"column":19},"end":{"line":16,"column":32}},"6":{"start":{"line":17,"column":27},"end":{"line":19,"column":3}},"7":{"start":{"line":18,"column":4},"end":{"line":18,"column":32}},"8":{"start":{"line":20,"column":23},"end":{"line":23,"column":3}},"9":{"start":{"line":21,"column":17},"end":{"line":21,"column":48}},"10":{"start":{"line":22,"column":4},"end":{"line":22,"column":59}},"11":{"start":{"line":25,"column":29},"end":{"line":27,"column":3}},"12":{"start":{"line":26,"column":4},"end":{"line":26,"column":45}},"13":{"start":{"line":29,"column":24},"end":{"line":29,"column":32}},"14":{"start":{"line":31,"column":30},"end":{"line":44,"column":3}},"15":{"start":{"line":32,"column":4},"end":{"line":32,"column":27}},"16":{"start":{"line":33,"column":4},"end":{"line":33,"column":25}},"17":{"start":{"line":34,"column":18},"end":{"line":34,"column":47}},"18":{"start":{"line":35,"column":34},"end":{"line":35,"column":71}},"19":{"start":{"line":36,"column":4},"end":{"line":36,"column":39}},"20":{"start":{"line":37,"column":4},"end":{"line":42,"column":5}},"21":{"start":{"line":38,"column":6},"end":{"line":38,"column":34}},"22":{"start":{"line":39,"column":6},"end":{"line":39,"column":62}},"23":{"start":{"line":41,"column":6},"end":{"line":41,"column":69}},"24":{"start":{"line":43,"column":4},"end":{"line":43,"column":26}},"25":{"start":{"line":46,"column":2},"end":{"line":122,"column":4}},"26":{"start":{"line":64,"column":16},"end":{"line":75,"column":19}},"27":{"start":{"line":66,"column":20},"end":{"line":69,"column":23}},"28":{"start":{"line":84,"column":31},"end":{"line":84,"column":69}},"29":{"start":{"line":91,"column":33},"end":{"line":91,"column":59}},"30":{"start":{"line":106,"column":37},"end":{"line":106,"column":61}},"31":{"start":{"line":124,"column":0},"end":{"line":128,"column":2}}},"fnMap":{"0":{"name":"(anonymous_0)","decl":{"start":{"line":11,"column":27},"end":{"line":11,"column":28}},"loc":{"start":{"line":11,"column":77},"end":{"line":123,"column":1}},"line":11},"1":{"name":"(anonymous_1)","decl":{"start":{"line":17,"column":27},"end":{"line":17,"column":28}},"loc":{"start":{"line":17,"column":33},"end":{"line":19,"column":3}},"line":17},"2":{"name":"(anonymous_2)","decl":{"start":{"line":20,"column":23},"end":{"line":20,"column":24}},"loc":{"start":{"line":20,"column":40},"end":{"line":23,"column":3}},"line":20},"3":{"name":"(anonymous_3)","decl":{"start":{"line":25,"column":29},"end":{"line":25,"column":30}},"loc":{"start":{"line":25,"column":44},"end":{"line":27,"column":3}},"line":25},"4":{"name":"(anonymous_4)","decl":{"start":{"line":29,"column":24},"end":{"line":29,"column":25}},"loc":{"start":{"line":29,"column":30},"end":{"line":29,"column":32}},"line":29},"5":{"name":"(anonymous_5)","decl":{"start":{"line":31,"column":30},"end":{"line":31,"column":31}},"loc":{"start":{"line":31,"column":51},"end":{"line":44,"column":3}},"line":31},"6":{"name":"(anonymous_6)","decl":{"start":{"line":63,"column":33},"end":{"line":63,"column":34}},"loc":{"start":{"line":64,"column":16},"end":{"line":75,"column":19}},"line":64},"7":{"name":"(anonymous_7)","decl":{"start":{"line":65,"column":35},"end":{"line":65,"column":36}},"loc":{"start":{"line":66,"column":20},"end":{"line":69,"column":23}},"line":66},"8":{"name":"(anonymous_8)","decl":{"start":{"line":84,"column":25},"end":{"line":84,"column":26}},"loc":{"start":{"line":84,"column":31},"end":{"line":84,"column":69}},"line":84},"9":{"name":"(anonymous_9)","decl":{"start":{"line":91,"column":27},"end":{"line":91,"column":28}},"loc":{"start":{"line":91,"column":33},"end":{"line":91,"column":59}},"line":91},"10":{"name":"(anonymous_10)","decl":{"start":{"line":106,"column":31},"end":{"line":106,"column":32}},"loc":{"start":{"line":106,"column":37},"end":{"line":106,"column":61}},"line":106}},"branchMap":{"0":{"loc":{"start":{"line":37,"column":4},"end":{"line":42,"column":5}},"type":"if","locations":[{"start":{"line":37,"column":4},"end":{"line":42,"column":5}},{"start":{"line":40,"column":11},"end":{"line":42,"column":5}}],"line":37},"1":{"loc":{"start":{"line":68,"column":23},"end":{"line":68,"column":75}},"type":"binary-expr","locations":[{"start":{"line":68,"column":23},"end":{"line":68,"column":54}},{"start":{"line":68,"column":58},"end":{"line":68,"column":75}}],"line":68},"2":{"loc":{"start":{"line":73,"column":19},"end":{"line":73,"column":73}},"type":"binary-expr","locations":[{"start":{"line":73,"column":19},"end":{"line":73,"column":52}},{"start":{"line":73,"column":56},"end":{"line":73,"column":73}}],"line":73},"3":{"loc":{"start":{"line":89,"column":15},"end":{"line":104,"column":15}},"type":"binary-expr","locations":[{"start":{"line":89,"column":15},"end":{"line":89,"column":33}},{"start":{"line":90,"column":16},"end":{"line":103,"column":23}}],"line":89},"4":{"loc":{"start":{"line":94,"column":19},"end":{"line":102,"column":19}},"type":"cond-expr","locations":[{"start":{"line":95,"column":20},"end":{"line":97,"column":23}},{"start":{"line":99,"column":20},"end":{"line":101,"column":23}}],"line":94},"5":{"loc":{"start":{"line":105,"column":15},"end":{"line":109,"column":15}},"type":"binary-expr","locations":[{"start":{"line":105,"column":15},"end":{"line":105,"column":33}},{"start":{"line":106,"column":16},"end":{"line":108,"column":23}}],"line":105}},"s":{"0":0,"1":0,"2":0,"3":0,"4":0,"5":0,"6":0,"7":0,"8":0,"9":0,"10":0,"11":0,"12":0,"13":0,"14":0,"15":0,"16":0,"17":0,"18":0,"19":0,"20":0,"21":0,"22":0,"23":0,"24":0,"25":0,"26":0,"27":0,"28":0,"29":0,"30":0,"31":0},"f":{"0":0,"1":0,"2":0,"3":0,"4":0,"5":0,"6":0,"7":0,"8":0,"9":0,"10":0},"b":{"0":[0,0],"1":[0,0],"2":[0,0],"3":[0,0],"4":[0,0],"5":[0,0]}}
,"/Users/dev/Documents/MERN/Projects/bookNow/frontend/src/Components/BookingConfirmation.jsx": {"path":"/Users/dev/Documents/MERN/Projects/bookNow/frontend/src/Components/BookingConfirmation.jsx","statementMap":{"0":{"start":{"line":4,"column":35},"end":{"line":47,"column":1}},"1":{"start":{"line":5,"column":19},"end":{"line":5,"column":32}},"2":{"start":{"line":6,"column":23},"end":{"line":6,"column":37}},"3":{"start":{"line":7,"column":25},"end":{"line":7,"column":42}},"4":{"start":{"line":8,"column":19},"end":{"line":8,"column":47}},"5":{"start":{"line":9,"column":2},"end":{"line":46,"column":4}}},"fnMap":{"0":{"name":"(anonymous_0)","decl":{"start":{"line":4,"column":35},"end":{"line":4,"column":36}},"loc":{"start":{"line":4,"column":41},"end":{"line":47,"column":1}},"line":4}},"branchMap":{},"s":{"0":0,"1":0,"2":0,"3":0,"4":0,"5":0},"f":{"0":0},"b":{}}
,"/Users/dev/Documents/MERN/Projects/bookNow/frontend/src/Components/BookingDetails.jsx": {"path":"/Users/dev/Documents/MERN/Projects/bookNow/frontend/src/Components/BookingDetails.jsx","statementMap":{"0":{"start":{"line":9,"column":30},"end":{"line":59,"column":1}},"1":{"start":{"line":10,"column":24},"end":{"line":10,"column":35}},"2":{"start":{"line":11,"column":46},"end":{"line":11,"column":56}},"3":{"start":{"line":12,"column":34},"end":{"line":12,"column":44}},"4":{"start":{"line":13,"column":36},"end":{"line":13,"column":51}},"5":{"start":{"line":14,"column":2},"end":{"line":29,"column":18}},"6":{"start":{"line":15,"column":23},"end":{"line":26,"column":5}},"7":{"start":{"line":16,"column":6},"end":{"line":16,"column":25}},"8":{"start":{"line":17,"column":23},"end":{"line":17,"column":66}},"9":{"start":{"line":18,"column":6},"end":{"line":24,"column":7}},"10":{"start":{"line":19,"column":8},"end":{"line":19,"column":35}},"11":{"start":{"line":20,"column":8},"end":{"line":20,"column":56}},"12":{"start":{"line":21,"column":8},"end":{"line":21,"column":44}},"13":{"start":{"line":23,"column":8},"end":{"line":23,"column":71}},"14":{"start":{"line":25,"column":6},"end":{"line":25,"column":26}},"15":{"start":{"line":27,"column":18},"end":{"line":27,"column":47}},"16":{"start":{"line":28,"column":4},"end":{"line":28,"column":33}},"17":{"start":{"line":30,"column":2},"end":{"line":58,"column":4}}},"fnMap":{"0":{"name":"(anonymous_0)","decl":{"start":{"line":9,"column":30},"end":{"line":9,"column":31}},"loc":{"start":{"line":9,"column":36},"end":{"line":59,"column":1}},"line":9},"1":{"name":"(anonymous_1)","decl":{"start":{"line":14,"column":12},"end":{"line":14,"column":13}},"loc":{"start":{"line":14,"column":18},"end":{"line":29,"column":3}},"line":14},"2":{"name":"(anonymous_2)","decl":{"start":{"line":15,"column":23},"end":{"line":15,"column":24}},"loc":{"start":{"line":15,"column":51},"end":{"line":26,"column":5}},"line":15}},"branchMap":{"0":{"loc":{"start":{"line":18,"column":6},"end":{"line":24,"column":7}},"type":"if","locations":[{"start":{"line":18,"column":6},"end":{"line":24,"column":7}},{"start":{"line":22,"column":13},"end":{"line":24,"column":7}}],"line":18},"1":{"loc":{"start":{"line":37,"column":11},"end":{"line":54,"column":11}},"type":"cond-expr","locations":[{"start":{"line":38,"column":12},"end":{"line":42,"column":15}},{"start":{"line":44,"column":12},"end":{"line":53,"column":15}}],"line":37},"2":{"loc":{"start":{"line":45,"column":15},"end":{"line":52,"column":15}},"type":"binary-expr","locations":[{"start":{"line":45,"column":15},"end":{"line":45,"column":29}},{"start":{"line":46,"column":16},"end":{"line":51,"column":22}}],"line":45}},"s":{"0":0,"1":0,"2":0,"3":0,"4":0,"5":0,"6":0,"7":0,"8":0,"9":0,"10":0,"11":0,"12":0,"13":0,"14":0,"15":0,"16":0,"17":0},"f":{"0":0,"1":0,"2":0},"b":{"0":[0,0],"1":[0,0],"2":[0,0]}}
,"/Users/dev/Documents/MERN/Projects/bookNow/frontend/src/Components/BookingSummery.jsx": {"path":"/Users/dev/Documents/MERN/Projects/bookNow/frontend/src/Components/BookingSummery.jsx","statementMap":{"0":{"start":{"line":7,"column":30},"end":{"line":213,"column":1}},"1":{"start":{"line":8,"column":23},"end":{"line":11,"column":3}},"2":{"start":{"line":9,"column":17},"end":{"line":9,"column":48}},"3":{"start":{"line":10,"column":4},"end":{"line":10,"column":59}},"4":{"start":{"line":12,"column":19},"end":{"line":12,"column":32}},"5":{"start":{"line":13,"column":38},"end":{"line":13,"column":53}},"6":{"start":{"line":14,"column":24},"end":{"line":14,"column":32}},"7":{"start":{"line":15,"column":23},"end":{"line":15,"column":31}},"8":{"start":{"line":16,"column":20},"end":{"line":16,"column":28}},"9":{"start":{"line":17,"column":28},"end":{"line":41,"column":3}},"10":{"start":{"line":18,"column":4},"end":{"line":18,"column":24}},"11":{"start":{"line":20,"column":4},"end":{"line":23,"column":5}},"12":{"start":{"line":21,"column":6},"end":{"line":21,"column":61}},"13":{"start":{"line":22,"column":6},"end":{"line":22,"column":50}},"14":{"start":{"line":25,"column":20},"end":{"line":25,"column":41}},"15":{"start":{"line":26,"column":19},"end":{"line":26,"column":45}},"16":{"start":{"line":27,"column":17},"end":{"line":27,"column":46}},"17":{"start":{"line":28,"column":16},"end":{"line":28,"column":42}},"18":{"start":{"line":29,"column":26},"end":{"line":29,"column":54}},"19":{"start":{"line":30,"column":21},"end":{"line":30,"column":53}},"20":{"start":{"line":31,"column":22},"end":{"line":31,"column":77}},"21":{"start":{"line":33,"column":4},"end":{"line":33,"column":57}},"22":{"start":{"line":34,"column":4},"end":{"line":34,"column":36}},"23":{"start":{"line":37,"column":4},"end":{"line":39,"column":5}},"24":{"start":{"line":38,"column":6},"end":{"line":38,"column":61}},"25":{"start":{"line":40,"column":4},"end":{"line":40,"column":25}},"26":{"start":{"line":42,"column":2},"end":{"line":212,"column":4}},"27":{"start":{"line":128,"column":14},"end":{"line":138,"column":17}},"28":{"start":{"line":130,"column":18},"end":{"line":132,"column":21}},"29":{"start":{"line":198,"column":27},"end":{"line":198,"column":40}},"30":{"start":{"line":214,"column":0},"end":{"line":217,"column":2}}},"fnMap":{"0":{"name":"(anonymous_0)","decl":{"start":{"line":7,"column":30},"end":{"line":7,"column":31}},"loc":{"start":{"line":7,"column":64},"end":{"line":213,"column":1}},"line":7},"1":{"name":"(anonymous_1)","decl":{"start":{"line":8,"column":23},"end":{"line":8,"column":24}},"loc":{"start":{"line":8,"column":40},"end":{"line":11,"column":3}},"line":8},"2":{"name":"(anonymous_2)","decl":{"start":{"line":17,"column":28},"end":{"line":17,"column":29}},"loc":{"start":{"line":17,"column":40},"end":{"line":41,"column":3}},"line":17},"3":{"name":"(anonymous_3)","decl":{"start":{"line":127,"column":46},"end":{"line":127,"column":47}},"loc":{"start":{"line":128,"column":14},"end":{"line":138,"column":17}},"line":128},"4":{"name":"(anonymous_4)","decl":{"start":{"line":129,"column":33},"end":{"line":129,"column":34}},"loc":{"start":{"line":130,"column":18},"end":{"line":132,"column":21}},"line":130},"5":{"name":"(anonymous_5)","decl":{"start":{"line":198,"column":21},"end":{"line":198,"column":22}},"loc":{"start":{"line":198,"column":27},"end":{"line":198,"column":40}},"line":198}},"branchMap":{"0":{"loc":{"start":{"line":20,"column":4},"end":{"line":23,"column":5}},"type":"if","locations":[{"start":{"line":20,"column":4},"end":{"line":23,"column":5}},{"start":{},"end":{}}],"line":20},"1":{"loc":{"start":{"line":37,"column":4},"end":{"line":39,"column":5}},"type":"if","locations":[{"start":{"line":37,"column":4},"end":{"line":39,"column":5}},{"start":{},"end":{}}],"line":37},"2":{"loc":{"start":{"line":207,"column":13},"end":{"line":207,"column":75}},"type":"cond-expr","locations":[{"start":{"line":207,"column":35},"end":{"line":207,"column":52}},{"start":{"line":207,"column":55},"end":{"line":207,"column":75}}],"line":207}},"s":{"0":0,"1":0,"2":0,"3":0,"4":0,"5":0,"6":0,"7":0,"8":0,"9":0,"10":0,"11":0,"12":0,"13":0,"14":0,"15":0,"16":0,"17":0,"18":0,"19":0,"20":0,"21":0,"22":0,"23":0,"24":0,"25":0,"26":0,"27":0,"28":0,"29":0,"30":0},"f":{"0":0,"1":0,"2":0,"3":0,"4":0,"5":0},"b":{"0":[0,0],"1":[0,0],"2":[0,0]}}
,"/Users/dev/Documents/MERN/Projects/bookNow/frontend/src/Components/Calendar.jsx": {"path":"/Users/dev/Documents/MERN/Projects/bookNow/frontend/src/Components/Calendar.jsx","statementMap":{"0":{"start":{"line":2,"column":24},"end":{"line":121,"column":1}},"1":{"start":{"line":12,"column":24},"end":{"line":12,"column":58}},"2":{"start":{"line":13,"column":27},"end":{"line":13,"column":65}},"3":{"start":{"line":14,"column":2},"end":{"line":22,"column":3}},"4":{"start":{"line":15,"column":4},"end":{"line":21,"column":7}},"5":{"start":{"line":16,"column":6},"end":{"line":20,"column":7}},"6":{"start":{"line":17,"column":8},"end":{"line":19,"column":10}},"7":{"start":{"line":18,"column":36},"end":{"line":18,"column":79}},"8":{"start":{"line":24,"column":20},"end":{"line":24,"column":22}},"9":{"start":{"line":25,"column":19},"end":{"line":25,"column":20}},"10":{"start":{"line":26,"column":13},"end":{"line":26,"column":15}},"11":{"start":{"line":27,"column":2},"end":{"line":36,"column":3}},"12":{"start":{"line":28,"column":4},"end":{"line":34,"column":5}},"13":{"start":{"line":29,"column":6},"end":{"line":29,"column":28}},"14":{"start":{"line":31,"column":6},"end":{"line":31,"column":28}},"15":{"start":{"line":32,"column":6},"end":{"line":32,"column":29}},"16":{"start":{"line":33,"column":6},"end":{"line":33,"column":16}},"17":{"start":{"line":35,"column":4},"end":{"line":35,"column":17}},"18":{"start":{"line":37,"column":2},"end":{"line":37,"column":46}},"19":{"start":{"line":37,"column":23},"end":{"line":37,"column":46}},"20":{"start":{"line":39,"column":30},"end":{"line":65,"column":3}},"21":{"start":{"line":40,"column":4},"end":{"line":40,"column":59}},"22":{"start":{"line":40,"column":52},"end":{"line":40,"column":59}},"23":{"start":{"line":41,"column":17},"end":{"line":41,"column":46}},"24":{"start":{"line":42,"column":4},"end":{"line":61,"column":5}},"25":{"start":{"line":44,"column":16},"end":{"line":44,"column":29}},"26":{"start":{"line":45,"column":6},"end":{"line":45,"column":30}},"27":{"start":{"line":46,"column":6},"end":{"line":50,"column":7}},"28":{"start":{"line":47,"column":8},"end":{"line":47,"column":29}},"29":{"start":{"line":49,"column":8},"end":{"line":49,"column":37}},"30":{"start":{"line":53,"column":6},"end":{"line":60,"column":7}},"31":{"start":{"line":54,"column":18},"end":{"line":54,"column":31}},"32":{"start":{"line":55,"column":8},"end":{"line":55,"column":29}},"33":{"start":{"line":56,"column":8},"end":{"line":56,"column":28}},"34":{"start":{"line":58,"column":8},"end":{"line":58,"column":34}},"35":{"start":{"line":59,"column":8},"end":{"line":59,"column":39}},"36":{"start":{"line":62,"column":22},"end":{"line":62,"column":51}},"37":{"start":{"line":63,"column":4},"end":{"line":63,"column":28}},"38":{"start":{"line":64,"column":4},"end":{"line":64,"column":38}},"39":{"start":{"line":67,"column":32},"end":{"line":73,"column":3}},"40":{"start":{"line":68,"column":27},"end":{"line":68,"column":28}},"41":{"start":{"line":69,"column":4},"end":{"line":71,"column":5}},"42":{"start":{"line":70,"column":6},"end":{"line":70,"column":45}},"43":{"start":{"line":72,"column":4},"end":{"line":72,"column":28}},"44":{"start":{"line":75,"column":2},"end":{"line":120,"column":4}},"45":{"start":{"line":80,"column":12},"end":{"line":116,"column":15}},"46":{"start":{"line":86,"column":18},"end":{"line":113,"column":21}},"47":{"start":{"line":90,"column":24},"end":{"line":95,"column":25}},"48":{"start":{"line":123,"column":0},"end":{"line":132,"column":2}}},"fnMap":{"0":{"name":"(anonymous_0)","decl":{"start":{"line":2,"column":24},"end":{"line":2,"column":25}},"loc":{"start":{"line":11,"column":6},"end":{"line":121,"column":1}},"line":11},"1":{"name":"(anonymous_1)","decl":{"start":{"line":15,"column":26},"end":{"line":15,"column":27}},"loc":{"start":{"line":15,"column":41},"end":{"line":21,"column":5}},"line":15},"2":{"name":"(anonymous_2)","decl":{"start":{"line":18,"column":10},"end":{"line":18,"column":11}},"loc":{"start":{"line":18,"column":36},"end":{"line":18,"column":79}},"line":18},"3":{"name":"(anonymous_3)","decl":{"start":{"line":39,"column":30},"end":{"line":39,"column":31}},"loc":{"start":{"line":39,"column":72},"end":{"line":65,"column":3}},"line":39},"4":{"name":"(anonymous_4)","decl":{"start":{"line":67,"column":32},"end":{"line":67,"column":33}},"loc":{"start":{"line":67,"column":44},"end":{"line":73,"column":3}},"line":67},"5":{"name":"(anonymous_5)","decl":{"start":{"line":79,"column":26},"end":{"line":79,"column":27}},"loc":{"start":{"line":80,"column":12},"end":{"line":116,"column":15}},"line":80},"6":{"name":"(anonymous_6)","decl":{"start":{"line":85,"column":31},"end":{"line":85,"column":32}},"loc":{"start":{"line":86,"column":18},"end":{"line":113,"column":21}},"line":86},"7":{"name":"(anonymous_7)","decl":{"start":{"line":89,"column":31},"end":{"line":89,"column":32}},"loc":{"start":{"line":90,"column":24},"end":{"line":95,"column":25}},"line":90}},"branchMap":{"0":{"loc":{"start":{"line":14,"column":2},"end":{"line":22,"column":3}},"type":"if","locations":[{"start":{"line":14,"column":2},"end":{"line":22,"column":3}},{"start":{},"end":{}}],"line":14},"1":{"loc":{"start":{"line":16,"column":6},"end":{"line":20,"column":7}},"type":"if","locations":[{"start":{"line":16,"column":6},"end":{"line":20,"column":7}},{"start":{},"end":{}}],"line":16},"2":{"loc":{"start":{"line":28,"column":4},"end":{"line":34,"column":5}},"type":"if","locations":[{"start":{"line":28,"column":4},"end":{"line":34,"column":5}},{"start":{"line":30,"column":11},"end":{"line":34,"column":5}}],"line":28},"3":{"loc":{"start":{"line":37,"column":2},"end":{"line":37,"column":46}},"type":"if","locations":[{"start":{"line":37,"column":2},"end":{"line":37,"column":46}},{"start":{},"end":{}}],"line":37},"4":{"loc":{"start":{"line":40,"column":4},"end":{"line":40,"column":59}},"type":"if","locations":[{"start":{"line":40,"column":4},"end":{"line":40,"column":59}},{"start":{},"end":{}}],"line":40},"5":{"loc":{"start":{"line":40,"column":8},"end":{"line":40,"column":50}},"type":"binary-expr","locations":[{"start":{"line":40,"column":8},"end":{"line":40,"column":29}},{"start":{"line":40,"column":33},"end":{"line":40,"column":50}}],"line":40},"6":{"loc":{"start":{"line":42,"column":4},"end":{"line":61,"column":5}},"type":"if","locations":[{"start":{"line":42,"column":4},"end":{"line":61,"column":5}},{"start":{"line":51,"column":11},"end":{"line":61,"column":5}}],"line":42},"7":{"loc":{"start":{"line":46,"column":6},"end":{"line":50,"column":7}},"type":"if","locations":[{"start":{"line":46,"column":6},"end":{"line":50,"column":7}},{"start":{"line":48,"column":13},"end":{"line":50,"column":7}}],"line":46},"8":{"loc":{"start":{"line":53,"column":6},"end":{"line":60,"column":7}},"type":"if","locations":[{"start":{"line":53,"column":6},"end":{"line":60,"column":7}},{"start":{"line":57,"column":13},"end":{"line":60,"column":7}}],"line":53},"9":{"loc":{"start":{"line":78,"column":9},"end":{"line":117,"column":12}},"type":"binary-expr","locations":[{"start":{"line":78,"column":9},"end":{"line":78,"column":20}},{"start":{"line":79,"column":10},"end":{"line":117,"column":12}}],"line":78},"10":{"loc":{"start":{"line":93,"column":26},"end":{"line":94,"column":70}},"type":"binary-expr","locations":[{"start":{"line":93,"column":26},"end":{"line":93,"column":55}},{"start":{"line":94,"column":28},"end":{"line":94,"column":70}}],"line":93},"11":{"loc":{"start":{"line":98,"column":24},"end":{"line":101,"column":57}},"type":"cond-expr","locations":[{"start":{"line":100,"column":28},"end":{"line":100,"column":63}},{"start":{"line":101,"column":28},"end":{"line":101,"column":57}}],"line":98},"12":{"loc":{"start":{"line":98,"column":24},"end":{"line":99,"column":64}},"type":"binary-expr","locations":[{"start":{"line":98,"column":24},"end":{"line":98,"column":56}},{"start":{"line":99,"column":25},"end":{"line":99,"column":46}},{"start":{"line":99,"column":50},"end":{"line":99,"column":63}}],"line":98},"13":{"loc":{"start":{"line":104,"column":25},"end":{"line":107,"column":31}},"type":"cond-expr","locations":[{"start":{"line":106,"column":29},"end":{"line":106,"column":54}},{"start":{"line":107,"column":29},"end":{"line":107,"column":31}}],"line":104},"14":{"loc":{"start":{"line":104,"column":25},"end":{"line":105,"column":67}},"type":"binary-expr","locations":[{"start":{"line":104,"column":25},"end":{"line":104,"column":54}},{"start":{"line":105,"column":25},"end":{"line":105,"column":67}}],"line":104}},"s":{"0":0,"1":0,"2":0,"3":0,"4":0,"5":0,"6":0,"7":0,"8":0,"9":0,"10":0,"11":0,"12":0,"13":0,"14":0,"15":0,"16":0,"17":0,"18":0,"19":0,"20":0,"21":0,"22":0,"23":0,"24":0,"25":0,"26":0,"27":0,"28":0,"29":0,"30":0,"31":0,"32":0,"33":0,"34":0,"35":0,"36":0,"37":0,"38":0,"39":0,"40":0,"41":0,"42":0,"43":0,"44":0,"45":0,"46":0,"47":0,"48":0},"f":{"0":0,"1":0,"2":0,"3":0,"4":0,"5":0,"6":0,"7":0},"b":{"0":[0,0],"1":[0,0],"2":[0,0],"3":[0,0],"4":[0,0],"5":[0,0],"6":[0,0],"7":[0,0],"8":[0,0],"9":[0,0],"10":[0,0],"11":[0,0],"12":[0,0,0],"13":[0,0],"14":[0,0]}}
,"/Users/dev/Documents/MERN/Projects/bookNow/frontend/src/Components/City.jsx": {"path":"/Users/dev/Documents/MERN/Projects/bookNow/frontend/src/Components/City.jsx","statementMap":{"0":{"start":{"line":12,"column":20},"end":{"line":243,"column":1}},"1":{"start":{"line":13,"column":23},"end":{"line":13,"column":34}},"2":{"start":{"line":14,"column":36},"end":{"line":14,"column":50}},"3":{"start":{"line":15,"column":30},"end":{"line":15,"column":40}},"4":{"start":{"line":16,"column":38},"end":{"line":16,"column":53}},"5":{"start":{"line":17,"column":58},"end":{"line":17,"column":69}},"6":{"start":{"line":18,"column":40},"end":{"line":18,"column":55}},"7":{"start":{"line":19,"column":19},"end":{"line":19,"column":32}},"8":{"start":{"line":20,"column":2},"end":{"line":34,"column":17}},"9":{"start":{"line":21,"column":4},"end":{"line":21,"column":23}},"10":{"start":{"line":22,"column":26},"end":{"line":31,"column":5}},"11":{"start":{"line":23,"column":23},"end":{"line":23,"column":60}},"12":{"start":{"line":24,"column":6},"end":{"line":29,"column":7}},"13":{"start":{"line":25,"column":8},"end":{"line":25,"column":30}},"14":{"start":{"line":26,"column":8},"end":{"line":26,"column":33}},"15":{"start":{"line":28,"column":8},"end":{"line":28,"column":68}},"16":{"start":{"line":30,"column":6},"end":{"line":30,"column":26}},"17":{"start":{"line":33,"column":4},"end":{"line":33,"column":28}},"18":{"start":{"line":36,"column":32},"end":{"line":38,"column":3}},"19":{"start":{"line":37,"column":4},"end":{"line":37,"column":34}},"20":{"start":{"line":40,"column":19},"end":{"line":60,"column":3}},"21":{"start":{"line":41,"column":4},"end":{"line":59,"column":5}},"22":{"start":{"line":42,"column":6},"end":{"line":42,"column":27}},"23":{"start":{"line":43,"column":6},"end":{"line":43,"column":33}},"24":{"start":{"line":44,"column":24},"end":{"line":44,"column":35}},"25":{"start":{"line":45,"column":6},"end":{"line":47,"column":9}},"26":{"start":{"line":46,"column":8},"end":{"line":46,"column":35}},"27":{"start":{"line":48,"column":6},"end":{"line":48,"column":29}},"28":{"start":{"line":49,"column":6},"end":{"line":49,"column":28}},"29":{"start":{"line":51,"column":6},"end":{"line":51,"column":27}},"30":{"start":{"line":52,"column":6},"end":{"line":52,"column":33}},"31":{"start":{"line":53,"column":24},"end":{"line":53,"column":35}},"32":{"start":{"line":54,"column":6},"end":{"line":56,"column":9}},"33":{"start":{"line":55,"column":8},"end":{"line":55,"column":35}},"34":{"start":{"line":57,"column":6},"end":{"line":57,"column":29}},"35":{"start":{"line":58,"column":6},"end":{"line":58,"column":28}},"36":{"start":{"line":62,"column":2},"end":{"line":242,"column":4}},"37":{"start":{"line":91,"column":35},"end":{"line":91,"column":55}},"38":{"start":{"line":146,"column":33},"end":{"line":146,"column":52}},"39":{"start":{"line":192,"column":24},"end":{"line":231,"column":30}},"40":{"start":{"line":195,"column":41},"end":{"line":195,"column":73}}},"fnMap":{"0":{"name":"(anonymous_0)","decl":{"start":{"line":12,"column":20},"end":{"line":12,"column":21}},"loc":{"start":{"line":12,"column":26},"end":{"line":243,"column":1}},"line":12},"1":{"name":"(anonymous_1)","decl":{"start":{"line":20,"column":12},"end":{"line":20,"column":13}},"loc":{"start":{"line":20,"column":18},"end":{"line":34,"column":3}},"line":20},"2":{"name":"(anonymous_2)","decl":{"start":{"line":22,"column":26},"end":{"line":22,"column":27}},"loc":{"start":{"line":22,"column":50},"end":{"line":31,"column":5}},"line":22},"3":{"name":"(anonymous_3)","decl":{"start":{"line":36,"column":32},"end":{"line":36,"column":33}},"loc":{"start":{"line":36,"column":45},"end":{"line":38,"column":3}},"line":36},"4":{"name":"(anonymous_4)","decl":{"start":{"line":40,"column":19},"end":{"line":40,"column":20}},"loc":{"start":{"line":40,"column":30},"end":{"line":60,"column":3}},"line":40},"5":{"name":"(anonymous_5)","decl":{"start":{"line":45,"column":23},"end":{"line":45,"column":24}},"loc":{"start":{"line":45,"column":33},"end":{"line":47,"column":7}},"line":45},"6":{"name":"(anonymous_6)","decl":{"start":{"line":54,"column":23},"end":{"line":54,"column":24}},"loc":{"start":{"line":54,"column":33},"end":{"line":56,"column":7}},"line":54},"7":{"name":"(anonymous_7)","decl":{"start":{"line":91,"column":29},"end":{"line":91,"column":30}},"loc":{"start":{"line":91,"column":35},"end":{"line":91,"column":55}},"line":91},"8":{"name":"(anonymous_8)","decl":{"start":{"line":146,"column":27},"end":{"line":146,"column":28}},"loc":{"start":{"line":146,"column":33},"end":{"line":146,"column":52}},"line":146},"9":{"name":"(anonymous_9)","decl":{"start":{"line":191,"column":33},"end":{"line":191,"column":34}},"loc":{"start":{"line":192,"column":24},"end":{"line":231,"column":30}},"line":192},"10":{"name":"(anonymous_10)","decl":{"start":{"line":195,"column":35},"end":{"line":195,"column":36}},"loc":{"start":{"line":195,"column":41},"end":{"line":195,"column":73}},"line":195}},"branchMap":{"0":{"loc":{"start":{"line":24,"column":6},"end":{"line":29,"column":7}},"type":"if","locations":[{"start":{"line":24,"column":6},"end":{"line":29,"column":7}},{"start":{"line":27,"column":13},"end":{"line":29,"column":7}}],"line":24},"1":{"loc":{"start":{"line":41,"column":4},"end":{"line":59,"column":5}},"type":"if","locations":[{"start":{"line":41,"column":4},"end":{"line":59,"column":5}},{"start":{"line":50,"column":11},"end":{"line":59,"column":5}}],"line":41},"2":{"loc":{"start":{"line":68,"column":9},"end":{"line":238,"column":9}},"type":"cond-expr","locations":[{"start":{"line":69,"column":10},"end":{"line":76,"column":13}},{"start":{"line":78,"column":10},"end":{"line":237,"column":13}}],"line":68},"3":{"loc":{"start":{"line":81,"column":16},"end":{"line":83,"column":40}},"type":"cond-expr","locations":[{"start":{"line":82,"column":20},"end":{"line":82,"column":140}},{"start":{"line":83,"column":20},"end":{"line":83,"column":40}}],"line":81},"4":{"loc":{"start":{"line":184,"column":17},"end":{"line":234,"column":17}},"type":"cond-expr","locations":[{"start":{"line":185,"column":18},"end":{"line":187,"column":21}},{"start":{"line":189,"column":18},"end":{"line":233,"column":21}}],"line":184},"5":{"loc":{"start":{"line":190,"column":21},"end":{"line":232,"column":24}},"type":"binary-expr","locations":[{"start":{"line":190,"column":21},"end":{"line":190,"column":27}},{"start":{"line":191,"column":22},"end":{"line":232,"column":24}}],"line":190}},"s":{"0":0,"1":0,"2":0,"3":0,"4":0,"5":0,"6":0,"7":0,"8":0,"9":0,"10":0,"11":0,"12":0,"13":0,"14":0,"15":0,"16":0,"17":0,"18":0,"19":0,"20":0,"21":0,"22":0,"23":0,"24":0,"25":0,"26":0,"27":0,"28":0,"29":0,"30":0,"31":0,"32":0,"33":0,"34":0,"35":0,"36":0,"37":0,"38":0,"39":0,"40":0},"f":{"0":0,"1":0,"2":0,"3":0,"4":0,"5":0,"6":0,"7":0,"8":0,"9":0,"10":0},"b":{"0":[0,0],"1":[0,0],"2":[0,0],"3":[0,0],"4":[0,0],"5":[0,0]}}
,"/Users/dev/Documents/MERN/Projects/bookNow/frontend/src/Components/ConfirmBooking.jsx": {"path":"/Users/dev/Documents/MERN/Projects/bookNow/frontend/src/Components/ConfirmBooking.jsx","statementMap":{"0":{"start":{"line":24,"column":30},"end":{"line":642,"column":1}},"1":{"start":{"line":25,"column":22},"end":{"line":25,"column":33}},"2":{"start":{"line":26,"column":19},"end":{"line":26,"column":32}},"3":{"start":{"line":27,"column":19},"end":{"line":27,"column":32}},"4":{"start":{"line":28,"column":40},"end":{"line":28,"column":51}},"5":{"start":{"line":29,"column":54},"end":{"line":29,"column":69}},"6":{"start":{"line":30,"column":50},"end":{"line":30,"column":65}},"7":{"start":{"line":31,"column":62},"end":{"line":31,"column":74}},"8":{"start":{"line":32,"column":36},"end":{"line":32,"column":50}},"9":{"start":{"line":33,"column":42},"end":{"line":33,"column":52}},"10":{"start":{"line":34,"column":50},"end":{"line":34,"column":60}},"11":{"start":{"line":35,"column":15},"end":{"line":35,"column":25}},"12":{"start":{"line":36,"column":16},"end":{"line":40,"column":3}},"13":{"start":{"line":41,"column":18},"end":{"line":46,"column":3}},"14":{"start":{"line":47,"column":48},"end":{"line":50,"column":4}},"15":{"start":{"line":52,"column":2},"end":{"line":71,"column":26}},"16":{"start":{"line":53,"column":29},"end":{"line":69,"column":5}},"17":{"start":{"line":54,"column":23},"end":{"line":54,"column":48}},"18":{"start":{"line":55,"column":6},"end":{"line":68,"column":7}},"19":{"start":{"line":56,"column":37},"end":{"line":61,"column":9}},"20":{"start":{"line":62,"column":8},"end":{"line":62,"column":50}},"21":{"start":{"line":63,"column":8},"end":{"line":63,"column":39}},"22":{"start":{"line":64,"column":8},"end":{"line":64,"column":28}},"23":{"start":{"line":66,"column":8},"end":{"line":66,"column":78}},"24":{"start":{"line":67,"column":8},"end":{"line":67,"column":22}},"25":{"start":{"line":70,"column":4},"end":{"line":70,"column":30}},"26":{"start":{"line":73,"column":27},"end":{"line":78,"column":3}},"27":{"start":{"line":80,"column":4},"end":{"line":164,"column":6}},"28":{"start":{"line":87,"column":8},"end":{"line":162,"column":9}},"29":{"start":{"line":88,"column":30},"end":{"line":88,"column":47}},"30":{"start":{"line":89,"column":10},"end":{"line":89,"column":54}},"31":{"start":{"line":90,"column":15},"end":{"line":162,"column":9}},"32":{"start":{"line":91,"column":10},"end":{"line":91,"column":61}},"33":{"start":{"line":93,"column":32},"end":{"line":93,"column":65}},"34":{"start":{"line":94,"column":37},"end":{"line":94,"column":75}},"35":{"start":{"line":96,"column":37},"end":{"line":110,"column":11}},"36":{"start":{"line":111,"column":24},"end":{"line":111,"column":53}},"37":{"start":{"line":113,"column":10},"end":{"line":150,"column":11}},"38":{"start":{"line":114,"column":29},"end":{"line":114,"column":76}},"39":{"start":{"line":115,"column":12},"end":{"line":130,"column":13}},"40":{"start":{"line":116,"column":14},"end":{"line":116,"column":67}},"41":{"start":{"line":117,"column":33},"end":{"line":123,"column":15}},"42":{"start":{"line":124,"column":14},"end":{"line":124,"column":70}},"43":{"start":{"line":127,"column":14},"end":{"line":129,"column":16}},"44":{"start":{"line":132,"column":40},"end":{"line":137,"column":13}},"45":{"start":{"line":138,"column":12},"end":{"line":138,"column":31}},"46":{"start":{"line":139,"column":29},"end":{"line":142,"column":13}},"47":{"start":{"line":143,"column":12},"end":{"line":148,"column":13}},"48":{"start":{"line":145,"column":14},"end":{"line":145,"column":68}},"49":{"start":{"line":147,"column":14},"end":{"line":147,"column":52}},"50":{"start":{"line":149,"column":12},"end":{"line":149,"column":32}},"51":{"start":{"line":151,"column":10},"end":{"line":151,"column":39}},"52":{"start":{"line":152,"column":10},"end":{"line":152,"column":40}},"53":{"start":{"line":153,"column":10},"end":{"line":153,"column":28}},"54":{"start":{"line":154,"column":39},"end":{"line":159,"column":11}},"55":{"start":{"line":160,"column":10},"end":{"line":160,"column":52}},"56":{"start":{"line":161,"column":10},"end":{"line":161,"column":29}},"57":{"start":{"line":166,"column":29},"end":{"line":200,"column":3}},"58":{"start":{"line":169,"column":18},"end":{"line":197,"column":5}},"59":{"start":{"line":179,"column":21},"end":{"line":184,"column":9}},"60":{"start":{"line":185,"column":40},"end":{"line":185,"column":65}},"61":{"start":{"line":186,"column":8},"end":{"line":188,"column":9}},"62":{"start":{"line":187,"column":10},"end":{"line":187,"column":63}},"63":{"start":{"line":198,"column":14},"end":{"line":198,"column":42}},"64":{"start":{"line":199,"column":4},"end":{"line":199,"column":15}},"65":{"start":{"line":202,"column":43},"end":{"line":219,"column":3}},"66":{"start":{"line":203,"column":18},"end":{"line":203,"column":47}},"67":{"start":{"line":204,"column":21},"end":{"line":204,"column":68}},"68":{"start":{"line":205,"column":4},"end":{"line":218,"column":5}},"69":{"start":{"line":206,"column":6},"end":{"line":206,"column":59}},"70":{"start":{"line":207,"column":25},"end":{"line":212,"column":7}},"71":{"start":{"line":213,"column":6},"end":{"line":213,"column":62}},"72":{"start":{"line":215,"column":6},"end":{"line":217,"column":8}},"73":{"start":{"line":220,"column":25},"end":{"line":234,"column":3}},"74":{"start":{"line":221,"column":22},"end":{"line":221,"column":24}},"75":{"start":{"line":222,"column":4},"end":{"line":232,"column":5}},"76":{"start":{"line":223,"column":30},"end":{"line":223,"column":33}},"77":{"start":{"line":224,"column":37},"end":{"line":224,"column":39}},"78":{"start":{"line":225,"column":6},"end":{"line":227,"column":8}},"79":{"start":{"line":226,"column":8},"end":{"line":226,"column":46}},"80":{"start":{"line":228,"column":6},"end":{"line":231,"column":9}},"81":{"start":{"line":233,"column":4},"end":{"line":233,"column":23}},"82":{"start":{"line":236,"column":22},"end":{"line":258,"column":3}},"83":{"start":{"line":237,"column":4},"end":{"line":257,"column":5}},"84":{"start":{"line":238,"column":27},"end":{"line":238,"column":49}},"85":{"start":{"line":239,"column":6},"end":{"line":239,"column":54}},"86":{"start":{"line":240,"column":6},"end":{"line":245,"column":9}},"87":{"start":{"line":246,"column":6},"end":{"line":246,"column":41}},"88":{"start":{"line":248,"column":27},"end":{"line":248,"column":49}},"89":{"start":{"line":249,"column":6},"end":{"line":249,"column":54}},"90":{"start":{"line":250,"column":6},"end":{"line":255,"column":9}},"91":{"start":{"line":256,"column":6},"end":{"line":256,"column":41}},"92":{"start":{"line":260,"column":32},"end":{"line":279,"column":3}},"93":{"start":{"line":261,"column":4},"end":{"line":264,"column":5}},"94":{"start":{"line":262,"column":6},"end":{"line":262,"column":58}},"95":{"start":{"line":263,"column":6},"end":{"line":263,"column":13}},"96":{"start":{"line":265,"column":30},"end":{"line":265,"column":59}},"97":{"start":{"line":266,"column":33},"end":{"line":268,"column":17}},"98":{"start":{"line":269,"column":4},"end":{"line":269,"column":39}},"99":{"start":{"line":270,"column":33},"end":{"line":273,"column":5}},"100":{"start":{"line":275,"column":6},"end":{"line":276,"column":14}},"101":{"start":{"line":277,"column":4},"end":{"line":277,"column":62}},"102":{"start":{"line":278,"column":4},"end":{"line":278,"column":46}},"103":{"start":{"line":281,"column":44},"end":{"line":286,"column":3}},"104":{"start":{"line":282,"column":4},"end":{"line":282,"column":60}},"105":{"start":{"line":282,"column":53},"end":{"line":282,"column":60}},"106":{"start":{"line":284,"column":6},"end":{"line":284,"column":76}},"107":{"start":{"line":285,"column":4},"end":{"line":285,"column":57}},"108":{"start":{"line":288,"column":32},"end":{"line":294,"column":3}},"109":{"start":{"line":289,"column":27},"end":{"line":289,"column":28}},"110":{"start":{"line":290,"column":4},"end":{"line":292,"column":5}},"111":{"start":{"line":291,"column":6},"end":{"line":291,"column":61}},"112":{"start":{"line":293,"column":4},"end":{"line":293,"column":28}},"113":{"start":{"line":296,"column":2},"end":{"line":641,"column":4}},"114":{"start":{"line":309,"column":33},"end":{"line":309,"column":62}},"115":{"start":{"line":443,"column":45},"end":{"line":443,"column":64}},"116":{"start":{"line":454,"column":45},"end":{"line":454,"column":64}},"117":{"start":{"line":478,"column":37},"end":{"line":478,"column":79}},"118":{"start":{"line":498,"column":32},"end":{"line":580,"column":35}},"119":{"start":{"line":511,"column":46},"end":{"line":511,"column":74}},"120":{"start":{"line":522,"column":46},"end":{"line":522,"column":74}},"121":{"start":{"line":605,"column":39},"end":{"line":605,"column":65}},"122":{"start":{"line":616,"column":39},"end":{"line":616,"column":64}}},"fnMap":{"0":{"name":"(anonymous_0)","decl":{"start":{"line":24,"column":30},"end":{"line":24,"column":31}},"loc":{"start":{"line":24,"column":36},"end":{"line":642,"column":1}},"line":24},"1":{"name":"(anonymous_1)","decl":{"start":{"line":52,"column":12},"end":{"line":52,"column":13}},"loc":{"start":{"line":52,"column":18},"end":{"line":71,"column":3}},"line":52},"2":{"name":"(anonymous_2)","decl":{"start":{"line":53,"column":29},"end":{"line":53,"column":30}},"loc":{"start":{"line":53,"column":43},"end":{"line":69,"column":5}},"line":53},"3":{"name":"(anonymous_3)","decl":{"start":{"line":86,"column":16},"end":{"line":86,"column":17}},"loc":{"start":{"line":86,"column":42},"end":{"line":163,"column":7}},"line":86},"4":{"name":"(anonymous_4)","decl":{"start":{"line":166,"column":29},"end":{"line":166,"column":30}},"loc":{"start":{"line":166,"column":76},"end":{"line":200,"column":3}},"line":166},"5":{"name":"(anonymous_5)","decl":{"start":{"line":178,"column":15},"end":{"line":178,"column":16}},"loc":{"start":{"line":178,"column":41},"end":{"line":189,"column":7}},"line":178},"6":{"name":"(anonymous_6)","decl":{"start":{"line":202,"column":43},"end":{"line":202,"column":44}},"loc":{"start":{"line":202,"column":73},"end":{"line":219,"column":3}},"line":202},"7":{"name":"(anonymous_7)","decl":{"start":{"line":220,"column":25},"end":{"line":220,"column":26}},"loc":{"start":{"line":220,"column":31},"end":{"line":234,"column":3}},"line":220},"8":{"name":"(anonymous_8)","decl":{"start":{"line":225,"column":42},"end":{"line":225,"column":43}},"loc":{"start":{"line":226,"column":8},"end":{"line":226,"column":46}},"line":226},"9":{"name":"(anonymous_9)","decl":{"start":{"line":236,"column":22},"end":{"line":236,"column":23}},"loc":{"start":{"line":236,"column":38},"end":{"line":258,"column":3}},"line":236},"10":{"name":"(anonymous_10)","decl":{"start":{"line":260,"column":32},"end":{"line":260,"column":33}},"loc":{"start":{"line":260,"column":49},"end":{"line":279,"column":3}},"line":260},"11":{"name":"(anonymous_11)","decl":{"start":{"line":281,"column":44},"end":{"line":281,"column":45}},"loc":{"start":{"line":281,"column":62},"end":{"line":286,"column":3}},"line":281},"12":{"name":"(anonymous_12)","decl":{"start":{"line":288,"column":32},"end":{"line":288,"column":33}},"loc":{"start":{"line":288,"column":38},"end":{"line":294,"column":3}},"line":288},"13":{"name":"(anonymous_13)","decl":{"start":{"line":309,"column":27},"end":{"line":309,"column":28}},"loc":{"start":{"line":309,"column":33},"end":{"line":309,"column":62}},"line":309},"14":{"name":"(anonymous_14)","decl":{"start":{"line":443,"column":39},"end":{"line":443,"column":40}},"loc":{"start":{"line":443,"column":45},"end":{"line":443,"column":64}},"line":443},"15":{"name":"(anonymous_15)","decl":{"start":{"line":454,"column":39},"end":{"line":454,"column":40}},"loc":{"start":{"line":454,"column":45},"end":{"line":454,"column":64}},"line":454},"16":{"name":"(anonymous_16)","decl":{"start":{"line":478,"column":31},"end":{"line":478,"column":32}},"loc":{"start":{"line":478,"column":37},"end":{"line":478,"column":79}},"line":478},"17":{"name":"(anonymous_17)","decl":{"start":{"line":497,"column":30},"end":{"line":497,"column":31}},"loc":{"start":{"line":498,"column":32},"end":{"line":580,"column":35}},"line":498},"18":{"name":"(anonymous_18)","decl":{"start":{"line":510,"column":53},"end":{"line":510,"column":54}},"loc":{"start":{"line":511,"column":46},"end":{"line":511,"column":74}},"line":511},"19":{"name":"(anonymous_19)","decl":{"start":{"line":521,"column":53},"end":{"line":521,"column":54}},"loc":{"start":{"line":522,"column":46},"end":{"line":522,"column":74}},"line":522},"20":{"name":"(anonymous_20)","decl":{"start":{"line":605,"column":33},"end":{"line":605,"column":34}},"loc":{"start":{"line":605,"column":39},"end":{"line":605,"column":65}},"line":605},"21":{"name":"(anonymous_21)","decl":{"start":{"line":616,"column":33},"end":{"line":616,"column":34}},"loc":{"start":{"line":616,"column":39},"end":{"line":616,"column":64}},"line":616}},"branchMap":{"0":{"loc":{"start":{"line":55,"column":6},"end":{"line":68,"column":7}},"type":"if","locations":[{"start":{"line":55,"column":6},"end":{"line":68,"column":7}},{"start":{"line":65,"column":13},"end":{"line":68,"column":7}}],"line":55},"1":{"loc":{"start":{"line":87,"column":8},"end":{"line":162,"column":9}},"type":"if","locations":[{"start":{"line":87,"column":8},"end":{"line":162,"column":9}},{"start":{"line":90,"column":15},"end":{"line":162,"column":9}}],"line":87},"2":{"loc":{"start":{"line":90,"column":15},"end":{"line":162,"column":9}},"type":"if","locations":[{"start":{"line":90,"column":15},"end":{"line":162,"column":9}},{"start":{"line":92,"column":15},"end":{"line":162,"column":9}}],"line":90},"3":{"loc":{"start":{"line":93,"column":32},"end":{"line":93,"column":65}},"type":"cond-expr","locations":[{"start":{"line":93,"column":60},"end":{"line":93,"column":61}},{"start":{"line":93,"column":64},"end":{"line":93,"column":65}}],"line":93},"4":{"loc":{"start":{"line":113,"column":10},"end":{"line":150,"column":11}},"type":"if","locations":[{"start":{"line":113,"column":10},"end":{"line":150,"column":11}},{"start":{"line":131,"column":17},"end":{"line":150,"column":11}}],"line":113},"5":{"loc":{"start":{"line":115,"column":12},"end":{"line":130,"column":13}},"type":"if","locations":[{"start":{"line":115,"column":12},"end":{"line":130,"column":13}},{"start":{"line":125,"column":19},"end":{"line":130,"column":13}}],"line":115},"6":{"loc":{"start":{"line":143,"column":12},"end":{"line":148,"column":13}},"type":"if","locations":[{"start":{"line":143,"column":12},"end":{"line":148,"column":13}},{"start":{"line":146,"column":19},"end":{"line":148,"column":13}}],"line":143},"7":{"loc":{"start":{"line":186,"column":8},"end":{"line":188,"column":9}},"type":"if","locations":[{"start":{"line":186,"column":8},"end":{"line":188,"column":9}},{"start":{},"end":{}}],"line":186},"8":{"loc":{"start":{"line":205,"column":4},"end":{"line":218,"column":5}},"type":"if","locations":[{"start":{"line":205,"column":4},"end":{"line":218,"column":5}},{"start":{"line":214,"column":11},"end":{"line":218,"column":5}}],"line":205},"9":{"loc":{"start":{"line":237,"column":4},"end":{"line":257,"column":5}},"type":"if","locations":[{"start":{"line":237,"column":4},"end":{"line":257,"column":5}},{"start":{"line":247,"column":11},"end":{"line":257,"column":5}}],"line":237},"10":{"loc":{"start":{"line":261,"column":4},"end":{"line":264,"column":5}},"type":"if","locations":[{"start":{"line":261,"column":4},"end":{"line":264,"column":5}},{"start":{},"end":{}}],"line":261},"11":{"loc":{"start":{"line":282,"column":4},"end":{"line":282,"column":60}},"type":"if","locations":[{"start":{"line":282,"column":4},"end":{"line":282,"column":60}},{"start":{},"end":{}}],"line":282},"12":{"loc":{"start":{"line":298,"column":7},"end":{"line":639,"column":7}},"type":"cond-expr","locations":[{"start":{"line":299,"column":8},"end":{"line":299,"column":20}},{"start":{"line":301,"column":8},"end":{"line":638,"column":14}}],"line":298},"13":{"loc":{"start":{"line":366,"column":21},"end":{"line":372,"column":21}},"type":"binary-expr","locations":[{"start":{"line":366,"column":21},"end":{"line":366,"column":33}},{"start":{"line":366,"column":37},"end":{"line":366,"column":48}},{"start":{"line":367,"column":22},"end":{"line":371,"column":25}}],"line":366},"14":{"loc":{"start":{"line":388,"column":21},"end":{"line":394,"column":21}},"type":"binary-expr","locations":[{"start":{"line":388,"column":21},"end":{"line":388,"column":34}},{"start":{"line":388,"column":38},"end":{"line":388,"column":50}},{"start":{"line":389,"column":22},"end":{"line":393,"column":25}}],"line":388},"15":{"loc":{"start":{"line":410,"column":21},"end":{"line":416,"column":21}},"type":"binary-expr","locations":[{"start":{"line":410,"column":21},"end":{"line":410,"column":41}},{"start":{"line":410,"column":45},"end":{"line":410,"column":64}},{"start":{"line":411,"column":22},"end":{"line":415,"column":25}}],"line":410},"16":{"loc":{"start":{"line":441,"column":27},"end":{"line":448,"column":27}},"type":"binary-expr","locations":[{"start":{"line":441,"column":27},"end":{"line":441,"column":63}},{"start":{"line":442,"column":28},"end":{"line":447,"column":35}}],"line":441},"17":{"loc":{"start":{"line":452,"column":27},"end":{"line":459,"column":27}},"type":"binary-expr","locations":[{"start":{"line":452,"column":27},"end":{"line":452,"column":54}},{"start":{"line":453,"column":28},"end":{"line":458,"column":35}}],"line":452},"18":{"loc":{"start":{"line":485,"column":25},"end":{"line":489,"column":25}},"type":"cond-expr","locations":[{"start":{"line":486,"column":26},"end":{"line":486,"column":64}},{"start":{"line":488,"column":26},"end":{"line":488,"column":66}}],"line":485},"19":{"loc":{"start":{"line":492,"column":21},"end":{"line":585,"column":21}},"type":"binary-expr","locations":[{"start":{"line":492,"column":21},"end":{"line":492,"column":39}},{"start":{"line":493,"column":22},"end":{"line":584,"column":25}}],"line":492},"20":{"loc":{"start":{"line":495,"column":27},"end":{"line":582,"column":29}},"type":"binary-expr","locations":[{"start":{"line":495,"column":27},"end":{"line":495,"column":39}},{"start":{"line":496,"column":28},"end":{"line":582,"column":29}}],"line":495},"21":{"loc":{"start":{"line":515,"column":45},"end":{"line":518,"column":45}},"type":"binary-expr","locations":[{"start":{"line":515,"column":45},"end":{"line":516,"column":51}},{"start":{"line":517,"column":46},"end":{"line":517,"column":116}}],"line":515},"22":{"loc":{"start":{"line":526,"column":45},"end":{"line":529,"column":45}},"type":"binary-expr","locations":[{"start":{"line":526,"column":45},"end":{"line":527,"column":51}},{"start":{"line":528,"column":46},"end":{"line":528,"column":116}}],"line":526},"23":{"loc":{"start":{"line":565,"column":43},"end":{"line":567,"column":50}},"type":"cond-expr","locations":[{"start":{"line":566,"column":46},"end":{"line":566,"column":51}},{"start":{"line":567,"column":46},"end":{"line":567,"column":50}}],"line":565},"24":{"loc":{"start":{"line":607,"column":26},"end":{"line":609,"column":56}},"type":"cond-expr","locations":[{"start":{"line":608,"column":30},"end":{"line":608,"column":56}},{"start":{"line":609,"column":30},"end":{"line":609,"column":56}}],"line":607},"25":{"loc":{"start":{"line":618,"column":26},"end":{"line":620,"column":56}},"type":"cond-expr","locations":[{"start":{"line":619,"column":30},"end":{"line":619,"column":56}},{"start":{"line":620,"column":30},"end":{"line":620,"column":56}}],"line":618}},"s":{"0":0,"1":0,"2":0,"3":0,"4":0,"5":0,"6":0,"7":0,"8":0,"9":0,"10":0,"11":0,"12":0,"13":0,"14":0,"15":0,"16":0,"17":0,"18":0,"19":0,"20":0,"21":0,"22":0,"23":0,"24":0,"25":0,"26":0,"27":0,"28":0,"29":0,"30":0,"31":0,"32":0,"33":0,"34":0,"35":0,"36":0,"37":0,"38":0,"39":0,"40":0,"41":0,"42":0,"43":0,"44":0,"45":0,"46":0,"47":0,"48":0,"49":0,"50":0,"51":0,"52":0,"53":0,"54":0,"55":0,"56":0,"57":0,"58":0,"59":0,"60":0,"61":0,"62":0,"63":0,"64":0,"65":0,"66":0,"67":0,"68":0,"69":0,"70":0,"71":0,"72":0,"73":0,"74":0,"75":0,"76":0,"77":0,"78":0,"79":0,"80":0,"81":0,"82":0,"83":0,"84":0,"85":0,"86":0,"87":0,"88":0,"89":0,"90":0,"91":0,"92":0,"93":0,"94":0,"95":0,"96":0,"97":0,"98":0,"99":0,"100":0,"101":0,"102":0,"103":0,"104":0,"105":0,"106":0,"107":0,"108":0,"109":0,"110":0,"111":0,"112":0,"113":0,"114":0,"115":0,"116":0,"117":0,"118":0,"119":0,"120":0,"121":0,"122":0},"f":{"0":0,"1":0,"2":0,"3":0,"4":0,"5":0,"6":0,"7":0,"8":0,"9":0,"10":0,"11":0,"12":0,"13":0,"14":0,"15":0,"16":0,"17":0,"18":0,"19":0,"20":0,"21":0},"b":{"0":[0,0],"1":[0,0],"2":[0,0],"3":[0,0],"4":[0,0],"5":[0,0],"6":[0,0],"7":[0,0],"8":[0,0],"9":[0,0],"10":[0,0],"11":[0,0],"12":[0,0],"13":[0,0,0],"14":[0,0,0],"15":[0,0,0],"16":[0,0],"17":[0,0],"18":[0,0],"19":[0,0],"20":[0,0],"21":[0,0],"22":[0,0],"23":[0,0],"24":[0,0],"25":[0,0]}}
,"/Users/dev/Documents/MERN/Projects/bookNow/frontend/src/Components/Contact.jsx": {"path":"/Users/dev/Documents/MERN/Projects/bookNow/frontend/src/Components/Contact.jsx","statementMap":{"0":{"start":{"line":8,"column":23},"end":{"line":221,"column":1}},"1":{"start":{"line":9,"column":34},"end":{"line":9,"column":64}},"2":{"start":{"line":10,"column":23},"end":{"line":15,"column":3}},"3":{"start":{"line":11,"column":22},"end":{"line":11,"column":37}},"4":{"start":{"line":12,"column":19},"end":{"line":12,"column":43}},"5":{"start":{"line":13,"column":4},"end":{"line":13,"column":31}},"6":{"start":{"line":14,"column":4},"end":{"line":14,"column":24}},"7":{"start":{"line":16,"column":2},"end":{"line":220,"column":4}},"8":{"start":{"line":42,"column":29},"end":{"line":42,"column":44}},"9":{"start":{"line":73,"column":29},"end":{"line":73,"column":44}},"10":{"start":{"line":109,"column":29},"end":{"line":109,"column":44}},"11":{"start":{"line":144,"column":29},"end":{"line":144,"column":44}}},"fnMap":{"0":{"name":"(anonymous_0)","decl":{"start":{"line":8,"column":23},"end":{"line":8,"column":24}},"loc":{"start":{"line":8,"column":29},"end":{"line":221,"column":1}},"line":8},"1":{"name":"(anonymous_1)","decl":{"start":{"line":10,"column":23},"end":{"line":10,"column":24}},"loc":{"start":{"line":10,"column":34},"end":{"line":15,"column":3}},"line":10},"2":{"name":"(anonymous_2)","decl":{"start":{"line":42,"column":23},"end":{"line":42,"column":24}},"loc":{"start":{"line":42,"column":29},"end":{"line":42,"column":44}},"line":42},"3":{"name":"(anonymous_3)","decl":{"start":{"line":73,"column":23},"end":{"line":73,"column":24}},"loc":{"start":{"line":73,"column":29},"end":{"line":73,"column":44}},"line":73},"4":{"name":"(anonymous_4)","decl":{"start":{"line":109,"column":23},"end":{"line":109,"column":24}},"loc":{"start":{"line":109,"column":29},"end":{"line":109,"column":44}},"line":109},"5":{"name":"(anonymous_5)","decl":{"start":{"line":144,"column":23},"end":{"line":144,"column":24}},"loc":{"start":{"line":144,"column":29},"end":{"line":144,"column":44}},"line":144}},"branchMap":{"0":{"loc":{"start":{"line":47,"column":15},"end":{"line":55,"column":15}},"type":"cond-expr","locations":[{"start":{"line":48,"column":16},"end":{"line":50,"column":19}},{"start":{"line":52,"column":16},"end":{"line":54,"column":19}}],"line":47},"1":{"loc":{"start":{"line":57,"column":13},"end":{"line":70,"column":13}},"type":"binary-expr","locations":[{"start":{"line":57,"column":13},"end":{"line":57,"column":24}},{"start":{"line":58,"column":14},"end":{"line":69,"column":17}}],"line":57},"2":{"loc":{"start":{"line":78,"column":15},"end":{"line":86,"column":15}},"type":"cond-expr","locations":[{"start":{"line":79,"column":16},"end":{"line":81,"column":19}},{"start":{"line":83,"column":16},"end":{"line":85,"column":19}}],"line":78},"3":{"loc":{"start":{"line":88,"column":13},"end":{"line":106,"column":13}},"type":"binary-expr","locations":[{"start":{"line":88,"column":13},"end":{"line":88,"column":24}},{"start":{"line":89,"column":14},"end":{"line":105,"column":17}}],"line":88},"4":{"loc":{"start":{"line":114,"column":15},"end":{"line":122,"column":15}},"type":"cond-expr","locations":[{"start":{"line":115,"column":16},"end":{"line":117,"column":19}},{"start":{"line":119,"column":16},"end":{"line":121,"column":19}}],"line":114},"5":{"loc":{"start":{"line":124,"column":13},"end":{"line":138,"column":13}},"type":"binary-expr","locations":[{"start":{"line":124,"column":13},"end":{"line":124,"column":24}},{"start":{"line":125,"column":14},"end":{"line":137,"column":17}}],"line":124},"6":{"loc":{"start":{"line":142,"column":16},"end":{"line":142,"column":47}},"type":"cond-expr","locations":[{"start":{"line":142,"column":30},"end":{"line":142,"column":32}},{"start":{"line":142,"column":35},"end":{"line":142,"column":47}}],"line":142},"7":{"loc":{"start":{"line":149,"column":15},"end":{"line":157,"column":15}},"type":"cond-expr","locations":[{"start":{"line":150,"column":16},"end":{"line":152,"column":19}},{"start":{"line":154,"column":16},"end":{"line":156,"column":19}}],"line":149},"8":{"loc":{"start":{"line":159,"column":13},"end":{"line":168,"column":13}},"type":"binary-expr","locations":[{"start":{"line":159,"column":13},"end":{"line":159,"column":24}},{"start":{"line":160,"column":14},"end":{"line":167,"column":17}}],"line":159}},"s":{"0":0,"1":0,"2":0,"3":0,"4":0,"5":0,"6":0,"7":0,"8":0,"9":0,"10":0,"11":0},"f":{"0":0,"1":0,"2":0,"3":0,"4":0,"5":0},"b":{"0":[0,0],"1":[0,0],"2":[0,0],"3":[0,0],"4":[0,0],"5":[0,0],"6":[0,0],"7":[0,0],"8":[0,0]}}
,"/Users/dev/Documents/MERN/Projects/bookNow/frontend/src/Components/EditProfileForm.jsx": {"path":"/Users/dev/Documents/MERN/Projects/bookNow/frontend/src/Components/EditProfileForm.jsx","statementMap":{"0":{"start":{"line":13,"column":31},"end":{"line":210,"column":1}},"1":{"start":{"line":14,"column":54},"end":{"line":14,"column":69}},"2":{"start":{"line":15,"column":40},"end":{"line":15,"column":55}},"3":{"start":{"line":16,"column":24},"end":{"line":22,"column":3}},"4":{"start":{"line":24,"column":28},"end":{"line":43,"column":4}},"5":{"start":{"line":28,"column":6},"end":{"line":28,"column":26}},"6":{"start":{"line":29,"column":6},"end":{"line":29,"column":27}},"7":{"start":{"line":30,"column":20},"end":{"line":30,"column":49}},"8":{"start":{"line":31,"column":23},"end":{"line":31,"column":55}},"9":{"start":{"line":32,"column":6},"end":{"line":39,"column":7}},"10":{"start":{"line":33,"column":29},"end":{"line":33,"column":48}},"11":{"start":{"line":34,"column":8},"end":{"line":34,"column":52}},"12":{"start":{"line":35,"column":8},"end":{"line":35,"column":52}},"13":{"start":{"line":36,"column":8},"end":{"line":36,"column":78}},"14":{"start":{"line":38,"column":8},"end":{"line":38,"column":71}},"15":{"start":{"line":40,"column":6},"end":{"line":40,"column":28}},"16":{"start":{"line":41,"column":6},"end":{"line":41,"column":25}},"17":{"start":{"line":44,"column":2},"end":{"line":209,"column":4}},"18":{"start":{"line":144,"column":33},"end":{"line":144,"column":75}},"19":{"start":{"line":178,"column":33},"end":{"line":178,"column":75}},"20":{"start":{"line":212,"column":0},"end":{"line":214,"column":2}}},"fnMap":{"0":{"name":"(anonymous_0)","decl":{"start":{"line":13,"column":31},"end":{"line":13,"column":32}},"loc":{"start":{"line":13,"column":57},"end":{"line":210,"column":1}},"line":13},"1":{"name":"(anonymous_1)","decl":{"start":{"line":27,"column":14},"end":{"line":27,"column":15}},"loc":{"start":{"line":27,"column":40},"end":{"line":42,"column":5}},"line":27},"2":{"name":"(anonymous_2)","decl":{"start":{"line":144,"column":27},"end":{"line":144,"column":28}},"loc":{"start":{"line":144,"column":33},"end":{"line":144,"column":75}},"line":144},"3":{"name":"(anonymous_3)","decl":{"start":{"line":178,"column":27},"end":{"line":178,"column":28}},"loc":{"start":{"line":178,"column":33},"end":{"line":178,"column":75}},"line":178}},"branchMap":{"0":{"loc":{"start":{"line":32,"column":6},"end":{"line":39,"column":7}},"type":"if","locations":[{"start":{"line":32,"column":6},"end":{"line":39,"column":7}},{"start":{"line":37,"column":13},"end":{"line":39,"column":7}}],"line":32},"1":{"loc":{"start":{"line":50,"column":9},"end":{"line":206,"column":9}},"type":"cond-expr","locations":[{"start":{"line":51,"column":10},"end":{"line":55,"column":13}},{"start":{"line":57,"column":10},"end":{"line":205,"column":13}}],"line":50},"2":{"loc":{"start":{"line":74,"column":13},"end":{"line":80,"column":20}},"type":"cond-expr","locations":[{"start":{"line":75,"column":14},"end":{"line":79,"column":17}},{"start":{"line":80,"column":16},"end":{"line":80,"column":20}}],"line":74},"3":{"loc":{"start":{"line":74,"column":13},"end":{"line":74,"column":76}},"type":"binary-expr","locations":[{"start":{"line":74,"column":13},"end":{"line":74,"column":42}},{"start":{"line":74,"column":46},"end":{"line":74,"column":76}}],"line":74},"4":{"loc":{"start":{"line":97,"column":13},"end":{"line":104,"column":20}},"type":"cond-expr","locations":[{"start":{"line":99,"column":14},"end":{"line":103,"column":17}},{"start":{"line":104,"column":16},"end":{"line":104,"column":20}}],"line":97},"5":{"loc":{"start":{"line":97,"column":13},"end":{"line":98,"column":43}},"type":"binary-expr","locations":[{"start":{"line":97,"column":13},"end":{"line":97,"column":43}},{"start":{"line":98,"column":12},"end":{"line":98,"column":43}}],"line":97},"6":{"loc":{"start":{"line":121,"column":13},"end":{"line":128,"column":20}},"type":"cond-expr","locations":[{"start":{"line":123,"column":14},"end":{"line":127,"column":17}},{"start":{"line":128,"column":16},"end":{"line":128,"column":20}}],"line":121},"7":{"loc":{"start":{"line":121,"column":13},"end":{"line":122,"column":50}},"type":"binary-expr","locations":[{"start":{"line":121,"column":13},"end":{"line":121,"column":50}},{"start":{"line":122,"column":12},"end":{"line":122,"column":50}}],"line":121},"8":{"loc":{"start":{"line":135,"column":24},"end":{"line":135,"column":64}},"type":"cond-expr","locations":[{"start":{"line":135,"column":45},"end":{"line":135,"column":51}},{"start":{"line":135,"column":54},"end":{"line":135,"column":64}}],"line":135},"9":{"loc":{"start":{"line":147,"column":19},"end":{"line":151,"column":19}},"type":"cond-expr","locations":[{"start":{"line":148,"column":20},"end":{"line":148,"column":61}},{"start":{"line":150,"column":20},"end":{"line":150,"column":55}}],"line":147},"10":{"loc":{"start":{"line":155,"column":13},"end":{"line":162,"column":20}},"type":"cond-expr","locations":[{"start":{"line":157,"column":14},"end":{"line":161,"column":17}},{"start":{"line":162,"column":16},"end":{"line":162,"column":20}}],"line":155},"11":{"loc":{"start":{"line":155,"column":13},"end":{"line":156,"column":46}},"type":"binary-expr","locations":[{"start":{"line":155,"column":13},"end":{"line":155,"column":46}},{"start":{"line":156,"column":12},"end":{"line":156,"column":46}}],"line":155},"12":{"loc":{"start":{"line":169,"column":24},"end":{"line":169,"column":64}},"type":"cond-expr","locations":[{"start":{"line":169,"column":45},"end":{"line":169,"column":51}},{"start":{"line":169,"column":54},"end":{"line":169,"column":64}}],"line":169},"13":{"loc":{"start":{"line":181,"column":19},"end":{"line":185,"column":19}},"type":"cond-expr","locations":[{"start":{"line":182,"column":20},"end":{"line":182,"column":61}},{"start":{"line":184,"column":20},"end":{"line":184,"column":55}}],"line":181},"14":{"loc":{"start":{"line":189,"column":13},"end":{"line":196,"column":20}},"type":"cond-expr","locations":[{"start":{"line":191,"column":14},"end":{"line":195,"column":17}},{"start":{"line":196,"column":16},"end":{"line":196,"column":20}}],"line":189},"15":{"loc":{"start":{"line":189,"column":13},"end":{"line":190,"column":54}},"type":"binary-expr","locations":[{"start":{"line":189,"column":13},"end":{"line":189,"column":54}},{"start":{"line":190,"column":12},"end":{"line":190,"column":54}}],"line":189}},"s":{"0":0,"1":0,"2":0,"3":0,"4":0,"5":0,"6":0,"7":0,"8":0,"9":0,"10":0,"11":0,"12":0,"13":0,"14":0,"15":0,"16":0,"17":0,"18":0,"19":0,"20":0},"f":{"0":0,"1":0,"2":0,"3":0},"b":{"0":[0,0],"1":[0,0],"2":[0,0],"3":[0,0],"4":[0,0],"5":[0,0],"6":[0,0],"7":[0,0],"8":[0,0],"9":[0,0],"10":[0,0],"11":[0,0],"12":[0,0],"13":[0,0],"14":[0,0],"15":[0,0]}}
,"/Users/dev/Documents/MERN/Projects/bookNow/frontend/src/Components/Home.jsx": {"path":"/Users/dev/Documents/MERN/Projects/bookNow/frontend/src/Components/Home.jsx","statementMap":{"0":{"start":{"line":6,"column":20},"end":{"line":33,"column":1}},"1":{"start":{"line":7,"column":19},"end":{"line":7,"column":32}},"2":{"start":{"line":8,"column":19},"end":{"line":8,"column":32}},"3":{"start":{"line":9,"column":2},"end":{"line":19,"column":24}},"4":{"start":{"line":10,"column":25},"end":{"line":10,"column":61}},"5":{"start":{"line":11,"column":18},"end":{"line":11,"column":43}},"6":{"start":{"line":12,"column":4},"end":{"line":18,"column":5}},"7":{"start":{"line":13,"column":6},"end":{"line":13,"column":34}},"8":{"start":{"line":14,"column":6},"end":{"line":14,"column":43}},"9":{"start":{"line":15,"column":6},"end":{"line":15,"column":51}},"10":{"start":{"line":16,"column":6},"end":{"line":16,"column":59}},"11":{"start":{"line":17,"column":6},"end":{"line":17,"column":55}},"12":{"start":{"line":21,"column":2},"end":{"line":32,"column":4}}},"fnMap":{"0":{"name":"(anonymous_0)","decl":{"start":{"line":6,"column":20},"end":{"line":6,"column":21}},"loc":{"start":{"line":6,"column":26},"end":{"line":33,"column":1}},"line":6},"1":{"name":"(anonymous_1)","decl":{"start":{"line":9,"column":12},"end":{"line":9,"column":13}},"loc":{"start":{"line":9,"column":18},"end":{"line":19,"column":3}},"line":9}},"branchMap":{"0":{"loc":{"start":{"line":12,"column":4},"end":{"line":18,"column":5}},"type":"if","locations":[{"start":{"line":12,"column":4},"end":{"line":18,"column":5}},{"start":{},"end":{}}],"line":12}},"s":{"0":0,"1":0,"2":0,"3":0,"4":0,"5":0,"6":0,"7":0,"8":0,"9":0,"10":0,"11":0,"12":0},"f":{"0":0,"1":0},"b":{"0":[0,0]}}
,"/Users/dev/Documents/MERN/Projects/bookNow/frontend/src/Components/Homepage.jsx": {"path":"/Users/dev/Documents/MERN/Projects/bookNow/frontend/src/Components/Homepage.jsx","statementMap":{"0":{"start":{"line":8,"column":24},"end":{"line":148,"column":1}},"1":{"start":{"line":9,"column":19},"end":{"line":9,"column":32}},"2":{"start":{"line":10,"column":25},"end":{"line":12,"column":3}},"3":{"start":{"line":11,"column":4},"end":{"line":11,"column":34}},"4":{"start":{"line":14,"column":2},"end":{"line":147,"column":4}},"5":{"start":{"line":47,"column":27},"end":{"line":47,"column":50}},"6":{"start":{"line":60,"column":27},"end":{"line":60,"column":53}},"7":{"start":{"line":75,"column":27},"end":{"line":75,"column":50}},"8":{"start":{"line":88,"column":27},"end":{"line":88,"column":53}},"9":{"start":{"line":103,"column":27},"end":{"line":103,"column":51}},"10":{"start":{"line":116,"column":27},"end":{"line":116,"column":52}},"11":{"start":{"line":129,"column":27},"end":{"line":129,"column":49}}},"fnMap":{"0":{"name":"(anonymous_0)","decl":{"start":{"line":8,"column":24},"end":{"line":8,"column":25}},"loc":{"start":{"line":8,"column":30},"end":{"line":148,"column":1}},"line":8},"1":{"name":"(anonymous_1)","decl":{"start":{"line":10,"column":25},"end":{"line":10,"column":26}},"loc":{"start":{"line":10,"column":39},"end":{"line":12,"column":3}},"line":10},"2":{"name":"(anonymous_2)","decl":{"start":{"line":47,"column":21},"end":{"line":47,"column":22}},"loc":{"start":{"line":47,"column":27},"end":{"line":47,"column":50}},"line":47},"3":{"name":"(anonymous_3)","decl":{"start":{"line":60,"column":21},"end":{"line":60,"column":22}},"loc":{"start":{"line":60,"column":27},"end":{"line":60,"column":53}},"line":60},"4":{"name":"(anonymous_4)","decl":{"start":{"line":75,"column":21},"end":{"line":75,"column":22}},"loc":{"start":{"line":75,"column":27},"end":{"line":75,"column":50}},"line":75},"5":{"name":"(anonymous_5)","decl":{"start":{"line":88,"column":21},"end":{"line":88,"column":22}},"loc":{"start":{"line":88,"column":27},"end":{"line":88,"column":53}},"line":88},"6":{"name":"(anonymous_6)","decl":{"start":{"line":103,"column":21},"end":{"line":103,"column":22}},"loc":{"start":{"line":103,"column":27},"end":{"line":103,"column":51}},"line":103},"7":{"name":"(anonymous_7)","decl":{"start":{"line":116,"column":21},"end":{"line":116,"column":22}},"loc":{"start":{"line":116,"column":27},"end":{"line":116,"column":52}},"line":116},"8":{"name":"(anonymous_8)","decl":{"start":{"line":129,"column":21},"end":{"line":129,"column":22}},"loc":{"start":{"line":129,"column":27},"end":{"line":129,"column":49}},"line":129}},"branchMap":{},"s":{"0":0,"1":0,"2":0,"3":0,"4":0,"5":0,"6":0,"7":0,"8":0,"9":0,"10":0,"11":0},"f":{"0":0,"1":0,"2":0,"3":0,"4":0,"5":0,"6":0,"7":0,"8":0},"b":{}}
,"/Users/dev/Documents/MERN/Projects/bookNow/frontend/src/Components/Hotel.jsx": {"path":"/Users/dev/Documents/MERN/Projects/bookNow/frontend/src/Components/Hotel.jsx","statementMap":{"0":{"start":{"line":31,"column":21},"end":{"line":689,"column":1}},"1":{"start":{"line":32,"column":17},"end":{"line":41,"column":3}},"2":{"start":{"line":42,"column":25},"end":{"line":49,"column":3}},"3":{"start":{"line":51,"column":19},"end":{"line":51,"column":32}},"4":{"start":{"line":52,"column":42},"end":{"line":52,"column":52}},"5":{"start":{"line":53,"column":22},"end":{"line":53,"column":33}},"6":{"start":{"line":54,"column":42},"end":{"line":54,"column":57}},"7":{"start":{"line":55,"column":66},"end":{"line":55,"column":76}},"8":{"start":{"line":56,"column":36},"end":{"line":56,"column":50}},"9":{"start":{"line":57,"column":42},"end":{"line":57,"column":52}},"10":{"start":{"line":58,"column":68},"end":{"line":58,"column":79}},"11":{"start":{"line":60,"column":15},"end":{"line":60,"column":25}},"12":{"start":{"line":61,"column":16},"end":{"line":65,"column":3}},"13":{"start":{"line":66,"column":18},"end":{"line":71,"column":3}},"14":{"start":{"line":72,"column":48},"end":{"line":75,"column":4}},"15":{"start":{"line":77,"column":2},"end":{"line":99,"column":16}},"16":{"start":{"line":78,"column":4},"end":{"line":78,"column":23}},"17":{"start":{"line":79,"column":27},"end":{"line":96,"column":5}},"18":{"start":{"line":80,"column":23},"end":{"line":80,"column":48}},"19":{"start":{"line":81,"column":6},"end":{"line":95,"column":7}},"20":{"start":{"line":82,"column":8},"end":{"line":82,"column":51}},"21":{"start":{"line":83,"column":21},"end":{"line":87,"column":9}},"22":{"start":{"line":88,"column":8},"end":{"line":88,"column":30}},"23":{"start":{"line":89,"column":8},"end":{"line":91,"column":10}},"24":{"start":{"line":92,"column":8},"end":{"line":92,"column":39}},"25":{"start":{"line":94,"column":8},"end":{"line":94,"column":74}},"26":{"start":{"line":97,"column":4},"end":{"line":97,"column":28}},"27":{"start":{"line":98,"column":4},"end":{"line":98,"column":24}},"28":{"start":{"line":101,"column":22},"end":{"line":123,"column":3}},"29":{"start":{"line":102,"column":4},"end":{"line":122,"column":5}},"30":{"start":{"line":103,"column":27},"end":{"line":103,"column":49}},"31":{"start":{"line":104,"column":6},"end":{"line":104,"column":54}},"32":{"start":{"line":105,"column":6},"end":{"line":110,"column":9}},"33":{"start":{"line":111,"column":6},"end":{"line":111,"column":41}},"34":{"start":{"line":113,"column":27},"end":{"line":113,"column":49}},"35":{"start":{"line":114,"column":6},"end":{"line":114,"column":54}},"36":{"start":{"line":115,"column":6},"end":{"line":120,"column":9}},"37":{"start":{"line":121,"column":6},"end":{"line":121,"column":41}},"38":{"start":{"line":124,"column":62},"end":{"line":124,"column":74}},"39":{"start":{"line":125,"column":37},"end":{"line":129,"column":3}},"40":{"start":{"line":126,"column":26},"end":{"line":126,"column":57}},"41":{"start":{"line":127,"column":4},"end":{"line":127,"column":49}},"42":{"start":{"line":128,"column":4},"end":{"line":128,"column":47}},"43":{"start":{"line":131,"column":24},"end":{"line":134,"column":3}},"44":{"start":{"line":132,"column":4},"end":{"line":132,"column":30}},"45":{"start":{"line":133,"column":4},"end":{"line":133,"column":63}},"46":{"start":{"line":135,"column":2},"end":{"line":688,"column":4}},"47":{"start":{"line":150,"column":20},"end":{"line":155,"column":22}},"48":{"start":{"line":199,"column":37},"end":{"line":199,"column":67}},"49":{"start":{"line":324,"column":43},"end":{"line":324,"column":62}},"50":{"start":{"line":335,"column":43},"end":{"line":335,"column":62}},"51":{"start":{"line":410,"column":30},"end":{"line":437,"column":36}},"52":{"start":{"line":430,"column":40},"end":{"line":432,"column":47}},"53":{"start":{"line":471,"column":30},"end":{"line":485,"column":33}},"54":{"start":{"line":475,"column":36},"end":{"line":475,"column":71}},"55":{"start":{"line":572,"column":41},"end":{"line":572,"column":56}},"56":{"start":{"line":587,"column":26},"end":{"line":660,"column":29}},"57":{"start":{"line":589,"column":45},"end":{"line":589,"column":78}},"58":{"start":{"line":669,"column":39},"end":{"line":669,"column":54}}},"fnMap":{"0":{"name":"(anonymous_0)","decl":{"start":{"line":31,"column":21},"end":{"line":31,"column":22}},"loc":{"start":{"line":31,"column":27},"end":{"line":689,"column":1}},"line":31},"1":{"name":"(anonymous_1)","decl":{"start":{"line":77,"column":12},"end":{"line":77,"column":13}},"loc":{"start":{"line":77,"column":18},"end":{"line":99,"column":3}},"line":77},"2":{"name":"(anonymous_2)","decl":{"start":{"line":79,"column":27},"end":{"line":79,"column":28}},"loc":{"start":{"line":79,"column":41},"end":{"line":96,"column":5}},"line":79},"3":{"name":"(anonymous_3)","decl":{"start":{"line":101,"column":22},"end":{"line":101,"column":23}},"loc":{"start":{"line":101,"column":38},"end":{"line":123,"column":3}},"line":101},"4":{"name":"(anonymous_4)","decl":{"start":{"line":125,"column":37},"end":{"line":125,"column":38}},"loc":{"start":{"line":125,"column":48},"end":{"line":129,"column":3}},"line":125},"5":{"name":"(anonymous_5)","decl":{"start":{"line":131,"column":24},"end":{"line":131,"column":25}},"loc":{"start":{"line":131,"column":30},"end":{"line":134,"column":3}},"line":131},"6":{"name":"(anonymous_6)","decl":{"start":{"line":149,"column":43},"end":{"line":149,"column":44}},"loc":{"start":{"line":150,"column":20},"end":{"line":155,"column":22}},"line":150},"7":{"name":"(anonymous_7)","decl":{"start":{"line":199,"column":31},"end":{"line":199,"column":32}},"loc":{"start":{"line":199,"column":37},"end":{"line":199,"column":67}},"line":199},"8":{"name":"(anonymous_8)","decl":{"start":{"line":324,"column":37},"end":{"line":324,"column":38}},"loc":{"start":{"line":324,"column":43},"end":{"line":324,"column":62}},"line":324},"9":{"name":"(anonymous_9)","decl":{"start":{"line":335,"column":37},"end":{"line":335,"column":38}},"loc":{"start":{"line":335,"column":43},"end":{"line":335,"column":62}},"line":335},"10":{"name":"(anonymous_10)","decl":{"start":{"line":409,"column":53},"end":{"line":409,"column":54}},"loc":{"start":{"line":410,"column":30},"end":{"line":437,"column":36}},"line":410},"11":{"name":"(anonymous_11)","decl":{"start":{"line":429,"column":38},"end":{"line":429,"column":39}},"loc":{"start":{"line":430,"column":40},"end":{"line":432,"column":47}},"line":430},"12":{"name":"(anonymous_12)","decl":{"start":{"line":470,"column":28},"end":{"line":470,"column":29}},"loc":{"start":{"line":471,"column":30},"end":{"line":485,"column":33}},"line":471},"13":{"name":"(anonymous_13)","decl":{"start":{"line":474,"column":43},"end":{"line":474,"column":44}},"loc":{"start":{"line":475,"column":36},"end":{"line":475,"column":71}},"line":475},"14":{"name":"(anonymous_14)","decl":{"start":{"line":572,"column":35},"end":{"line":572,"column":36}},"loc":{"start":{"line":572,"column":41},"end":{"line":572,"column":56}},"line":572},"15":{"name":"(anonymous_15)","decl":{"start":{"line":586,"column":54},"end":{"line":586,"column":55}},"loc":{"start":{"line":587,"column":26},"end":{"line":660,"column":29}},"line":587},"16":{"name":"(anonymous_16)","decl":{"start":{"line":589,"column":39},"end":{"line":589,"column":40}},"loc":{"start":{"line":589,"column":45},"end":{"line":589,"column":78}},"line":589},"17":{"name":"(anonymous_17)","decl":{"start":{"line":669,"column":33},"end":{"line":669,"column":34}},"loc":{"start":{"line":669,"column":39},"end":{"line":669,"column":54}},"line":669}},"branchMap":{"0":{"loc":{"start":{"line":81,"column":6},"end":{"line":95,"column":7}},"type":"if","locations":[{"start":{"line":81,"column":6},"end":{"line":95,"column":7}},{"start":{"line":93,"column":13},"end":{"line":95,"column":7}}],"line":81},"1":{"loc":{"start":{"line":102,"column":4},"end":{"line":122,"column":5}},"type":"if","locations":[{"start":{"line":102,"column":4},"end":{"line":122,"column":5}},{"start":{"line":112,"column":11},"end":{"line":122,"column":5}}],"line":102},"2":{"loc":{"start":{"line":137,"column":7},"end":{"line":685,"column":7}},"type":"cond-expr","locations":[{"start":{"line":138,"column":8},"end":{"line":138,"column":20}},{"start":{"line":140,"column":8},"end":{"line":684,"column":9}}],"line":137},"3":{"loc":{"start":{"line":140,"column":8},"end":{"line":684,"column":9}},"type":"binary-expr","locations":[{"start":{"line":140,"column":8},"end":{"line":140,"column":20}},{"start":{"line":141,"column":10},"end":{"line":683,"column":16}}],"line":140},"4":{"loc":{"start":{"line":192,"column":23},"end":{"line":194,"column":50}},"type":"cond-expr","locations":[{"start":{"line":193,"column":26},"end":{"line":193,"column":64}},{"start":{"line":194,"column":26},"end":{"line":194,"column":50}}],"line":192},"5":{"loc":{"start":{"line":201,"column":23},"end":{"line":201,"column":70}},"type":"cond-expr","locations":[{"start":{"line":201,"column":39},"end":{"line":201,"column":53}},{"start":{"line":201,"column":56},"end":{"line":201,"column":70}}],"line":201},"6":{"loc":{"start":{"line":214,"column":28},"end":{"line":214,"column":76}},"type":"cond-expr","locations":[{"start":{"line":214,"column":57},"end":{"line":214,"column":59}},{"start":{"line":214,"column":62},"end":{"line":214,"column":76}}],"line":214},"7":{"loc":{"start":{"line":224,"column":28},"end":{"line":224,"column":76}},"type":"cond-expr","locations":[{"start":{"line":224,"column":57},"end":{"line":224,"column":59}},{"start":{"line":224,"column":62},"end":{"line":224,"column":76}}],"line":224},"8":{"loc":{"start":{"line":234,"column":28},"end":{"line":234,"column":76}},"type":"cond-expr","locations":[{"start":{"line":234,"column":57},"end":{"line":234,"column":59}},{"start":{"line":234,"column":62},"end":{"line":234,"column":76}}],"line":234},"9":{"loc":{"start":{"line":244,"column":28},"end":{"line":244,"column":76}},"type":"cond-expr","locations":[{"start":{"line":244,"column":57},"end":{"line":244,"column":59}},{"start":{"line":244,"column":62},"end":{"line":244,"column":76}}],"line":244},"10":{"loc":{"start":{"line":254,"column":28},"end":{"line":254,"column":76}},"type":"cond-expr","locations":[{"start":{"line":254,"column":57},"end":{"line":254,"column":59}},{"start":{"line":254,"column":62},"end":{"line":254,"column":76}}],"line":254},"11":{"loc":{"start":{"line":267,"column":28},"end":{"line":267,"column":76}},"type":"cond-expr","locations":[{"start":{"line":267,"column":57},"end":{"line":267,"column":59}},{"start":{"line":267,"column":62},"end":{"line":267,"column":76}}],"line":267},"12":{"loc":{"start":{"line":277,"column":28},"end":{"line":277,"column":76}},"type":"cond-expr","locations":[{"start":{"line":277,"column":57},"end":{"line":277,"column":59}},{"start":{"line":277,"column":62},"end":{"line":277,"column":76}}],"line":277},"13":{"loc":{"start":{"line":287,"column":28},"end":{"line":287,"column":76}},"type":"cond-expr","locations":[{"start":{"line":287,"column":57},"end":{"line":287,"column":59}},{"start":{"line":287,"column":62},"end":{"line":287,"column":76}}],"line":287},"14":{"loc":{"start":{"line":297,"column":28},"end":{"line":297,"column":76}},"type":"cond-expr","locations":[{"start":{"line":297,"column":57},"end":{"line":297,"column":59}},{"start":{"line":297,"column":62},"end":{"line":297,"column":76}}],"line":297},"15":{"loc":{"start":{"line":307,"column":28},"end":{"line":307,"column":76}},"type":"cond-expr","locations":[{"start":{"line":307,"column":57},"end":{"line":307,"column":59}},{"start":{"line":307,"column":62},"end":{"line":307,"column":76}}],"line":307},"16":{"loc":{"start":{"line":322,"column":25},"end":{"line":329,"column":25}},"type":"binary-expr","locations":[{"start":{"line":322,"column":25},"end":{"line":322,"column":61}},{"start":{"line":323,"column":26},"end":{"line":328,"column":33}}],"line":322},"17":{"loc":{"start":{"line":333,"column":25},"end":{"line":340,"column":25}},"type":"binary-expr","locations":[{"start":{"line":333,"column":25},"end":{"line":333,"column":52}},{"start":{"line":334,"column":26},"end":{"line":339,"column":33}}],"line":333},"18":{"loc":{"start":{"line":404,"column":19},"end":{"line":443,"col
[...]
,"/Users/dev/Documents/MERN/Projects/bookNow/frontend/src/ValidationSchemas/EditProfileSchema.jsx": {"path":"/Users/dev/Documents/MERN/Projects/bookNow/frontend/src/ValidationSchemas/EditProfileSchema.jsx","statementMap":{"0":{"start":{"line":2,"column":33},"end":{"line":19,"column":2}}},"fnMap":{},"branchMap":{},"s":{"0":0},"f":{},"b":{}}
,"/Users/dev/Documents/MERN/Projects/bookNow/frontend/src/ValidationSchemas/SignInSchema.jsx": {"path":"/Users/dev/Documents/MERN/Projects/bookNow/frontend/src/ValidationSchemas/SignInSchema.jsx","statementMap":{"0":{"start":{"line":2,"column":28},"end":{"line":5,"column":2}}},"fnMap":{},"branchMap":{},"s":{"0":1},"f":{},"b":{},"_coverageSchema":"1a1c01bbd47fc00a2c39e90264f33305004495a9","hash":"5d610dbe38262198a982ad3669e80bfa9335155e"}
,"/Users/dev/Documents/MERN/Projects/bookNow/frontend/src/ValidationSchemas/SignUpSchema.jsx": {"path":"/Users/dev/Documents/MERN/Projects/bookNow/frontend/src/ValidationSchemas/SignUpSchema.jsx","statementMap":{"0":{"start":{"line":2,"column":28},"end":{"line":19,"column":2}}},"fnMap":{},"branchMap":{},"s":{"0":1},"f":{},"b":{},"_coverageSchema":"1a1c01bbd47fc00a2c39e90264f33305004495a9","hash":"e8db9fbccb0cb3fe76c678a58e6daebaad2e1fe1"}
,"/Users/dev/Documents/MERN/Projects/bookNow/frontend/src/ValidationSchemas/hotelBookingFormSchema.jsx": {"path":"/Users/dev/Documents/MERN/Projects/bookNow/frontend/src/ValidationSchemas/hotelBookingFormSchema.jsx","statementMap":{"0":{"start":{"line":2,"column":38},"end":{"line":9,"column":2}}},"fnMap":{},"branchMap":{},"s":{"0":0},"f":{},"b":{}}
,"/Users/dev/Documents/MERN/Projects/bookNow/frontend/src/ValidationSchemas/index.jsx": {"path":"/Users/dev/Documents/MERN/Projects/bookNow/frontend/src/ValidationSchemas/index.jsx","statementMap":{"0":{"start":{"line":2,"column":30},"end":{"line":13,"column":2}}},"fnMap":{},"branchMap":{},"s":{"0":0},"f":{},"b":{}}
,"/Users/dev/Documents/MERN/Projects/bookNow/frontend/src/assets/data/BookingDetailsData.jsx": {"path":"/Users/dev/Documents/MERN/Projects/bookNow/frontend/src/assets/data/BookingDetailsData.jsx","statementMap":{"0":{"start":{"line":1,"column":20},"end":{"line":15,"column":1}}},"fnMap":{},"branchMap":{},"s":{"0":0},"f":{},"b":{}}
,"/Users/dev/Documents/MERN/Projects/bookNow/frontend/src/assets/data/CitiesData.jsx": {"path":"/Users/dev/Documents/MERN/Projects/bookNow/frontend/src/assets/data/CitiesData.jsx","statementMap":{"0":{"start":{"line":3,"column":15},"end":{"line":620,"column":1}}},"fnMap":{},"branchMap":{},"s":{"0":0},"f":{},"b":{}}
,"/Users/dev/Documents/MERN/Projects/bookNow/frontend/src/assets/data/reviewTempData.jsx": {"path":"/Users/dev/Documents/MERN/Projects/bookNow/frontend/src/assets/data/reviewTempData.jsx","statementMap":{"0":{"start":{"line":1,"column":16},"end":{"line":47,"column":1}}},"fnMap":{},"branchMap":{},"s":{"0":0},"f":{},"b":{}}
,"/Users/dev/Documents/MERN/Projects/bookNow/frontend/src/assets/data/trendingData.js": {"path":"/Users/dev/Documents/MERN/Projects/bookNow/frontend/src/assets/data/trendingData.js","statementMap":{"0":{"start":{"line":1,"column":26},"end":{"line":4,"column":1}},"1":{"start":{"line":6,"column":27},"end":{"line":12,"column":1}}},"fnMap":{},"branchMap":{},"s":{"0":0,"1":0},"f":{},"b":{}}
,"/Users/dev/Documents/MERN/Projects/bookNow/frontend/src/utils/CirculareSpinner.jsx": {"path":"/Users/dev/Documents/MERN/Projects/bookNow/frontend/src/utils/CirculareSpinner.jsx","statementMap":{"0":{"start":{"line":3,"column":25},"end":{"line":15,"column":1}},"1":{"start":{"line":4,"column":23},"end":{"line":9,"column":3}},"2":{"start":{"line":10,"column":2},"end":{"line":14,"column":4}}},"fnMap":{"0":{"name":"(anonymous_0)","decl":{"start":{"line":3,"column":25},"end":{"line":3,"column":26}},"loc":{"start":{"line":3,"column":31},"end":{"line":15,"column":1}},"line":3}},"branchMap":{},"s":{"0":0,"1":0,"2":0},"f":{"0":0},"b":{}}
,"/Users/dev/Documents/MERN/Projects/bookNow/frontend/src/utils/Spinners.jsx": {"path":"/Users/dev/Documents/MERN/Projects/bookNow/frontend/src/utils/Spinners.jsx","statementMap":{"0":{"start":{"line":3,"column":17},"end":{"line":15,"column":1}},"1":{"start":{"line":4,"column":23},"end":{"line":9,"column":3}},"2":{"start":{"line":10,"column":2},"end":{"line":14,"column":4}}},"fnMap":{"0":{"name":"(anonymous_0)","decl":{"start":{"line":3,"column":17},"end":{"line":3,"column":18}},"loc":{"start":{"line":3,"column":23},"end":{"line":15,"column":1}},"line":3}},"branchMap":{},"s":{"0":0,"1":0,"2":0},"f":{"0":0},"b":{}}
,"/Users/dev/Documents/MERN/Projects/bookNow/frontend/src/utils/api.jsx": {"path":"/Users/dev/Documents/MERN/Projects/bookNow/frontend/src/utils/api.jsx","statementMap":{"0":{"start":{"line":4,"column":22},"end":{"line":12,"column":1}},"1":{"start":{"line":5,"column":2},"end":{"line":11,"column":3}},"2":{"start":{"line":6,"column":21},"end":{"line":6,"column":70}},"3":{"start":{"line":7,"column":21},"end":{"line":7,"column":34}},"4":{"start":{"line":8,"column":4},"end":{"line":8,"column":41}},"5":{"start":{"line":10,"column":4},"end":{"line":10,"column":64}},"6":{"start":{"line":14,"column":22},"end":{"line":22,"column":1}},"7":{"start":{"line":15,"column":2},"end":{"line":21,"column":3}},"8":{"start":{"line":16,"column":21},"end":{"line":16,"column":70}},"9":{"start":{"line":17,"column":21},"end":{"line":17,"column":34}},"10":{"start":{"line":18,"column":4},"end":{"line":18,"column":35}},"11":{"start":{"line":20,"column":4},"end":{"line":20,"column":64}},"12":{"start":{"line":24,"column":33},"end":{"line":32,"column":1}},"13":{"start":{"line":25,"column":2},"end":{"line":31,"column":3}},"14":{"start":{"line":26,"column":21},"end":{"line":26,"column":73}},"15":{"start":{"line":27,"column":21},"end":{"line":27,"column":34}},"16":{"start":{"line":28,"column":4},"end":{"line":28,"column":35}},"17":{"start":{"line":30,"column":4},"end":{"line":30,"column":64}},"18":{"start":{"line":34,"column":31},"end":{"line":42,"column":1}},"19":{"start":{"line":35,"column":2},"end":{"line":41,"column":3}},"20":{"start":{"line":36,"column":21},"end":{"line":36,"column":75}},"21":{"start":{"line":37,"column":21},"end":{"line":37,"column":34}},"22":{"start":{"line":38,"column":4},"end":{"line":38,"column":35}},"23":{"start":{"line":40,"column":4},"end":{"line":40,"column":64}},"24":{"start":{"line":44,"column":31},"end":{"line":54,"column":1}},"25":{"start":{"line":45,"column":2},"end":{"line":53,"column":3}},"26":{"start":{"line":46,"column":21},"end":{"line":48,"column":5}},"27":{"start":{"line":49,"column":21},"end":{"line":49,"column":34}},"28":{"start":{"line":50,"column":4},"end":{"line":50,"column":35}},"29":{"start":{"line":52,"column":4},"end":{"line":52,"column":64}},"30":{"start":{"line":56,"column":30},"end":{"line":69,"column":1}},"31":{"start":{"line":57,"column":2},"end":{"line":68,"column":3}},"32":{"start":{"line":58,"column":20},"end":{"line":58,"column":39}},"33":{"start":{"line":59,"column":21},"end":{"line":63,"column":5}},"34":{"start":{"line":64,"column":21},"end":{"line":64,"column":34}},"35":{"start":{"line":65,"column":4},"end":{"line":65,"column":35}},"36":{"start":{"line":67,"column":4},"end":{"line":67,"column":64}},"37":{"start":{"line":71,"column":35},"end":{"line":86,"column":1}},"38":{"start":{"line":72,"column":2},"end":{"line":85,"column":3}},"39":{"start":{"line":73,"column":20},"end":{"line":73,"column":39}},"40":{"start":{"line":74,"column":21},"end":{"line":78,"column":5}},"41":{"start":{"line":80,"column":21},"end":{"line":80,"column":34}},"42":{"start":{"line":81,"column":4},"end":{"line":81,"column":44}},"43":{"start":{"line":82,"column":4},"end":{"line":82,"column":35}},"44":{"start":{"line":84,"column":4},"end":{"line":84,"column":64}},"45":{"start":{"line":88,"column":29},"end":{"line":96,"column":1}},"46":{"start":{"line":89,"column":2},"end":{"line":95,"column":3}},"47":{"start":{"line":90,"column":21},"end":{"line":90,"column":79}},"48":{"start":{"line":91,"column":24},"end":{"line":91,"column":37}},"49":{"start":{"line":92,"column":4},"end":{"line":92,"column":38}},"50":{"start":{"line":94,"column":4},"end":{"line":94,"column":64}},"51":{"start":{"line":98,"column":32},"end":{"line":109,"column":1}},"52":{"start":{"line":99,"column":2},"end":{"line":108,"column":3}},"53":{"start":{"line":100,"column":20},"end":{"line":100,"column":39}},"54":{"start":{"line":101,"column":21},"end":{"line":103,"column":6}},"55":{"start":{"line":104,"column":21},"end":{"line":104,"column":34}},"56":{"start":{"line":105,"column":4},"end":{"line":105,"column":41}},"57":{"start":{"line":107,"column":4},"end":{"line":107,"column":64}},"58":{"start":{"line":111,"column":35},"end":{"line":122,"column":1}},"59":{"start":{"line":112,"column":2},"end":{"line":121,"column":3}},"60":{"start":{"line":113,"column":20},"end":{"line":113,"column":39}},"61":{"start":{"line":114,"column":21},"end":{"line":116,"column":6}},"62":{"start":{"line":117,"column":21},"end":{"line":117,"column":34}},"63":{"start":{"line":118,"column":4},"end":{"line":118,"column":41}},"64":{"start":{"line":120,"column":4},"end":{"line":120,"column":64}},"65":{"start":{"line":124,"column":28},"end":{"line":135,"column":1}},"66":{"start":{"line":125,"column":2},"end":{"line":134,"column":3}},"67":{"start":{"line":126,"column":20},"end":{"line":126,"column":39}},"68":{"start":{"line":127,"column":21},"end":{"line":129,"column":6}},"69":{"start":{"line":130,"column":21},"end":{"line":130,"column":34}},"70":{"start":{"line":131,"column":4},"end":{"line":131,"column":41}},"71":{"start":{"line":133,"column":4},"end":{"line":133,"column":64}},"72":{"start":{"line":137,"column":28},"end":{"line":148,"column":1}},"73":{"start":{"line":138,"column":2},"end":{"line":147,"column":3}},"74":{"start":{"line":139,"column":20},"end":{"line":139,"column":39}},"75":{"start":{"line":140,"column":21},"end":{"line":142,"column":6}},"76":{"start":{"line":143,"column":21},"end":{"line":143,"column":34}},"77":{"start":{"line":144,"column":4},"end":{"line":144,"column":41}},"78":{"start":{"line":146,"column":4},"end":{"line":146,"column":64}},"79":{"start":{"line":150,"column":26},"end":{"line":161,"column":1}},"80":{"start":{"line":151,"column":2},"end":{"line":160,"column":3}},"81":{"start":{"line":152,"column":20},"end":{"line":152,"column":39}},"82":{"start":{"line":153,"column":21},"end":{"line":155,"column":6}},"83":{"start":{"line":156,"column":21},"end":{"line":156,"column":34}},"84":{"start":{"line":157,"column":4},"end":{"line":157,"column":41}},"85":{"start":{"line":159,"column":4},"end":{"line":159,"column":64}},"86":{"start":{"line":163,"column":32},"end":{"line":174,"column":1}},"87":{"start":{"line":164,"column":2},"end":{"line":173,"column":3}},"88":{"start":{"line":165,"column":20},"end":{"line":165,"column":39}},"89":{"start":{"line":166,"column":21},"end":{"line":168,"column":6}},"90":{"start":{"line":169,"column":21},"end":{"line":169,"column":34}},"91":{"start":{"line":170,"column":4},"end":{"line":170,"column":41}},"92":{"start":{"line":172,"column":4},"end":{"line":172,"column":64}},"93":{"start":{"line":176,"column":32},"end":{"line":188,"column":1}},"94":{"start":{"line":177,"column":2},"end":{"line":187,"column":3}},"95":{"start":{"line":178,"column":20},"end":{"line":178,"column":39}},"96":{"start":{"line":179,"column":21},"end":{"line":182,"column":5}},"97":{"start":{"line":183,"column":21},"end":{"line":183,"column":34}},"98":{"start":{"line":184,"column":4},"end":{"line":184,"column":41}},"99":{"start":{"line":186,"column":4},"end":{"line":186,"column":64}},"100":{"start":{"line":190,"column":35},"end":{"line":202,"column":1}},"101":{"start":{"line":191,"column":2},"end":{"line":201,"column":3}},"102":{"start":{"line":192,"column":20},"end":{"line":192,"column":39}},"103":{"start":{"line":193,"column":21},"end":{"line":196,"column":5}},"104":{"start":{"line":197,"column":21},"end":{"line":197,"column":34}},"105":{"start":{"line":198,"column":4},"end":{"line":198,"column":41}},"106":{"start":{"line":200,"column":4},"end":{"line":200,"column":64}},"107":{"start":{"line":204,"column":29},"end":{"line":216,"column":1}},"108":{"start":{"line":205,"column":2},"end":{"line":215,"column":3}},"109":{"start":{"line":206,"column":20},"end":{"line":206,"column":39}},"110":{"start":{"line":207,"column":21},"end":{"line":210,"column":5}},"111":{"start":{"line":211,"column":21},"end":{"line":211,"column":34}},"112":{"start":{"line":212,"column":4},"end":{"line":212,"column":41}},"113":{"start":{"line":214,"column":4},"end":{"line":214,"column":64}},"114":{"start":{"line":218,"column":27},"end":{"line":233,"column":1}},"115":{"start":{"line":219,"column":2},"end":{"line":232,"column":3}},"116":{"start":{"line":220,"column":20},"end":{"line":220,"column":39}},"117":{"start":{"line":221,"column":21},"end":{"line":227,"column":5}},"118":{"start":{"line":228,"column":21},"end":{"line":228,"column":34}},"119":{"start":{"line":229,"column":4},"end":{"line":229,"column":41}},"120":{"start":{"line":231,"column":4},"end":{"line":231,"column":64}}},"fnMap":{"0":{"name":"(anonymous_0)","decl":{"start":{"line":4,"column":22},"end":{"line":4,"column":23}},"loc":{"start":{"line":4,"column":44},"end":{"line":12,"column":1}},"line":4},"1":{"name":"(anonymous_1)","decl":{"start":{"line":14,"column":22},"end":{"line":14,"column":23}},"loc":{"start":{"line":14,"column":44},"end":{"line":22,"column":1}},"line":14},"2":{"name":"(anonymous_2)","decl":{"start":{"line":24,"column":33},"end":{"line":24,"column":34}},"loc":{"start":{"line":24,"column":53},"end":{"line":32,"column":1}},"line":24},"3":{"name":"(anonymous_3)","decl":{"start":{"line":34,"column":31},"end":{"line":34,"column":32}},"loc":{"start":{"line":34,"column":50},"end":{"line":42,"column":1}},"line":34},"4":{"name":"(anonymous_4)","decl":{"start":{"line":44,"column":31},"end":{"line":44,"column":32}},"loc":{"start":{"line":44,"column":52},"end":{"line":54,"column":1}},"line":44},"5":{"name":"(anonymous_5)","decl":{"start":{"line":56,"column":30},"end":{"line":56,"column":31}},"loc":{"start":{"line":56,"column":67},"end":{"line":69,"column":1}},"line":56},"6":{"name":"(anonymous_6)","decl":{"start":{"line":71,"column":35},"end":{"line":71,"column":36}},"loc":{"start":{"line":71,"column":65},"end":{"line":86,"column":1}},"line":71},"7":{"name":"(anonymous_7)","decl":{"start":{"line":88,"column":29},"end":{"line":88,"column":30}},"loc":{"start":{"line":88,"column":52},"end":{"line":96,"column":1}},"line":88},"8":{"name":"(anonymous_8)","decl":{"start":{"line":98,"column":32},"end":{"line":98,"column":33}},"loc":{"start":{"line":98,"column":49},"end":{"line":109,"column":1}},"line":98},"9":{"name":"(anonymous_9)","decl":{"start":{"line":111,"column":35},"end":{"line":111,"column":36}},"loc":{"start":{"line":111,"column":52},"end":{"line":122,"column":1}},"line":111},"10":{"name":"(anonymous_10)","decl":{"start":{"line":124,"column":28},"end":{"line":124,"column":29}},"loc":{"start":{"line":124,"column":45},"end":{"line":135,"column":1}},"line":124},"11":{"name":"(anonymous_11)","decl":{"start":{"line":137,"column":28},"end":{"line":137,"column":29}},"loc":{"start":{"line":137,"column":57},"end":{"line":148,"column":1}},"line":137},"12":{"name":"(anonymous_12)","decl":{"start":{"line":150,"column":26},"end":{"line":150,"column":27}},"loc":{"start":{"line":150,"column":55},"end":{"line":161,"column":1}},"line":150},"13":{"name":"(anonymous_13)","decl":{"start":{"line":163,"column":32},"end":{"line":163,"column":33}},"loc":{"start":{"line":163,"column":49},"end":{"line":174,"column":1}},"line":163},"14":{"name":"(anonymous_14)","decl":{"start":{"line":176,"column":32},"end":{"line":176,"column":33}},"loc":{"start":{"line":176,"column":59},"end":{"line":188,"column":1}},"line":176},"15":{"name":"(anonymous_15)","decl":{"start":{"line":190,"column":35},"end":{"line":190,"column":36}},"loc":{"start":{"line":190,"column":63},"end":{"line":202,"column":1}},"line":190},"16":{"name":"(anonymous_16)","decl":{"start":{"line":204,"column":29},"end":{"line":204,"column":30}},"loc":{"start":{"line":204,"column":57},"end":{"line":216,"column":1}},"line":204},"17":{"name":"(anonymous_17)","decl":{"start":{"line":218,"column":27},"end":{"line":218,"column":28}},"loc":{"start":{"line":218,"column":54},"end":{"line":233,"column":1}},"line":218}},"branchMap":{},"s":{"0":1,"1":0,"2":0,"3":0,"4":0,"5":0,"6":1,"7":0,"8":0,"9":0,"10":0,"11":0,"12":1,"13":0,"14":0,"15":0,"16":0,"17":0,"18":1,"19":0,"20":0,"21":0,"22":0,"23":0,"24":1,"25":0,"26":0,"27":0,"28":0,"29":0,"30":1,"31":0,"32":0,"33":0,"34":0,"35":0,"36":0,"37":1,"38":0,"39":0,"40":0,"41":0,"42":0,"43":0,"44":0,"45":1,"46":0,"47":0,"48":0,"49":0,"50":0,"51":1,"52":0,"53":0,"54":0,"55":0,"56":0,"57":0,"58":1,"59":0,"60":0,"61":0,"62":0,"63":0,"64":0,"65":1,"66":0,"67":0,"68":0,"69":0,"70":0,"71":0,"72":1,"73":0,"74":0,"75":0,"76":0,"77":0,"78":0,"79":1,"80":0,"81":0,"82":0,"83":0,"84":0,"85":0,"86":1,"87":0,"88":0,"89":0,"90":0,"91":0,"92":0,"93":1,"94":0,"95":0,"96":0,"97":0,"98":0,"99":0,"100":1,"101":0,"102":0,"103":0,"104":0,"105":0,"106":0,"107":1,"108":0,"109":0,"110":0,"111":0,"112":0,"113":0,"114":1,"115":0,"116":0,"117":0,"118":0,"119":0,"120":0},"f":{"0":0,"1":0,"2":0,"3":0,"4":0,"5":0,"6":0,"7":0,"8":0,"9":0,"10":0,"11":0,"12":0,"13":0,"14":0,"15":0,"16":0,"17":0},"b":{},"_coverageSchema":"1a1c01bbd47fc00a2c39e90264f33305004495a9","hash":"a67ac92a07cdbe9daba7137c886b9409c676c312"}
,"/Users/dev/Documents/MERN/Projects/bookNow/frontend/src/utils/constants.jsx": {"path":"/Users/dev/Documents/MERN/Projects/bookNow/frontend/src/utils/constants.jsx","statementMap":{"0":{"start":{"line":1,"column":23},"end":{"line":1,"column":46}},"1":{"start":{"line":3,"column":28},"end":{"line":8,"column":1}},"2":{"start":{"line":4,"column":2},"end":{"line":7,"column":4}},"3":{"start":{"line":10,"column":27},"end":{"line":21,"column":1}},"4":{"start":{"line":23,"column":33},"end":{"line":54,"column":1}},"5":{"start":{"line":56,"column":2},"end":{"line":56,"column":268}}},"fnMap":{"0":{"name":"(anonymous_0)","decl":{"start":{"line":3,"column":28},"end":{"line":3,"column":29}},"loc":{"start":{"line":3,"column":39},"end":{"line":8,"column":1}},"line":3}},"branchMap":{},"s":{"0":1,"1":1,"2":0,"3":1,"4":1,"5":1},"f":{"0":0},"b":{},"_coverageSchema":"1a1c01bbd47fc00a2c39e90264f33305004495a9","hash":"1537f32021cdf022d8b7d9bc06d18c38a1753ca0"}
,"/Users/dev/Documents/MERN/Projects/bookNow/frontend/src/utils/notification.jsx": {"path":"/Users/dev/Documents/MERN/Projects/bookNow/frontend/src/utils/notification.jsx","statementMap":{"0":{"start":{"line":4,"column":37},"end":{"line":15,"column":1}},"1":{"start":{"line":5,"column":2},"end":{"line":14,"column":5}},"2":{"start":{"line":17,"column":39},"end":{"line":28,"column":1}},"3":{"start":{"line":18,"column":2},"end":{"line":27,"column":5}},"4":{"start":{"line":30,"column":39},"end":{"line":42,"column":1}},"5":{"start":{"line":31,"column":2},"end":{"line":31,"column":44}},"6":{"start":{"line":32,"column":2},"end":{"line":41,"column":5}}},"fnMap":{"0":{"name":"(anonymous_0)","decl":{"start":{"line":4,"column":37},"end":{"line":4,"column":38}},"loc":{"start":{"line":4,"column":50},"end":{"line":15,"column":1}},"line":4},"1":{"name":"(anonymous_1)","decl":{"start":{"line":17,"column":39},"end":{"line":17,"column":40}},"loc":{"start":{"line":17,"column":52},"end":{"line":28,"column":1}},"line":17},"2":{"name":"(anonymous_2)","decl":{"start":{"line":30,"column":39},"end":{"line":30,"column":40}},"loc":{"start":{"line":30,"column":52},"end":{"line":42,"column":1}},"line":30}},"branchMap":{},"s":{"0":1,"1":0,"2":1,"3":0,"4":1,"5":0,"6":0},"f":{"0":0,"1":0,"2":0},"b":{},"_coverageSchema":"1a1c01bbd47fc00a2c39e90264f33305004495a9","hash":"55eb04ff32c3a100ecbfee8804232e6326f97ce4"}
}
