{"/Users/dev/Documents/MERN/Projects/bookNow/frontend/src/App.jsx": {"path":"/Users/dev/Documents/MERN/Projects/bookNow/frontend/src/App.jsx","statementMap":{"0":{"start":{"line":14,"column":2},"end":{"line":37,"column":4}}},"fnMap":{"0":{"name":"App","decl":{"start":{"line":13,"column":9},"end":{"line":13,"column":12}},"loc":{"start":{"line":13,"column":15},"end":{"line":38,"column":1}},"line":13}},"branchMap":{},"s":{"0":0},"f":{"0":0},"b":{}}
,"/Users/dev/Documents/MERN/Projects/bookNow/frontend/src/main.jsx": {"path":"/Users/dev/Documents/MERN/Projects/bookNow/frontend/src/main.jsx","statementMap":{"0":{"start":{"line":6,"column":0},"end":{"line":10,"column":1}}},"fnMap":{},"branchMap":{},"s":{"0":0},"f":{},"b":{}}
,"/Users/dev/Documents/MERN/Projects/bookNow/frontend/src/Components/BookingCart.jsx": {"path":"/Users/dev/Documents/MERN/Projects/bookNow/frontend/src/Components/BookingCart.jsx","statementMap":{"0":{"start":{"line":12,"column":27},"end":{"line":124,"column":1}},"1":{"start":{"line":13,"column":41},"end":{"line":13,"column":48}},"2":{"start":{"line":14,"column":55},"end":{"line":14,"column":69}},"3":{"start":{"line":15,"column":52},"end":{"line":15,"column":67}},"4":{"start":{"line":16,"column":40},"end":{"line":16,"column":55}},"5":{"start":{"line":17,"column":19},"end":{"line":17,"column":32}},"6":{"start":{"line":18,"column":27},"end":{"line":20,"column":3}},"7":{"start":{"line":19,"column":4},"end":{"line":19,"column":32}},"8":{"start":{"line":21,"column":23},"end":{"line":24,"column":3}},"9":{"start":{"line":22,"column":17},"end":{"line":22,"column":48}},"10":{"start":{"line":23,"column":4},"end":{"line":23,"column":59}},"11":{"start":{"line":26,"column":29},"end":{"line":28,"column":3}},"12":{"start":{"line":27,"column":4},"end":{"line":27,"column":45}},"13":{"start":{"line":30,"column":24},"end":{"line":30,"column":32}},"14":{"start":{"line":32,"column":30},"end":{"line":45,"column":3}},"15":{"start":{"line":33,"column":4},"end":{"line":33,"column":27}},"16":{"start":{"line":34,"column":4},"end":{"line":34,"column":25}},"17":{"start":{"line":35,"column":18},"end":{"line":35,"column":47}},"18":{"start":{"line":36,"column":34},"end":{"line":36,"column":71}},"19":{"start":{"line":37,"column":4},"end":{"line":37,"column":39}},"20":{"start":{"line":38,"column":4},"end":{"line":43,"column":5}},"21":{"start":{"line":39,"column":6},"end":{"line":39,"column":34}},"22":{"start":{"line":40,"column":6},"end":{"line":40,"column":62}},"23":{"start":{"line":42,"column":6},"end":{"line":42,"column":69}},"24":{"start":{"line":44,"column":4},"end":{"line":44,"column":26}},"25":{"start":{"line":47,"column":2},"end":{"line":123,"column":4}},"26":{"start":{"line":65,"column":16},"end":{"line":76,"column":19}},"27":{"start":{"line":67,"column":20},"end":{"line":70,"column":23}},"28":{"start":{"line":85,"column":31},"end":{"line":85,"column":69}},"29":{"start":{"line":92,"column":33},"end":{"line":92,"column":59}},"30":{"start":{"line":107,"column":37},"end":{"line":107,"column":61}},"31":{"start":{"line":125,"column":0},"end":{"line":129,"column":2}}},"fnMap":{"0":{"name":"(anonymous_0)","decl":{"start":{"line":12,"column":27},"end":{"line":12,"column":28}},"loc":{"start":{"line":12,"column":77},"end":{"line":124,"column":1}},"line":12},"1":{"name":"(anonymous_1)","decl":{"start":{"line":18,"column":27},"end":{"line":18,"column":28}},"loc":{"start":{"line":18,"column":33},"end":{"line":20,"column":3}},"line":18},"2":{"name":"(anonymous_2)","decl":{"start":{"line":21,"column":23},"end":{"line":21,"column":24}},"loc":{"start":{"line":21,"column":40},"end":{"line":24,"column":3}},"line":21},"3":{"name":"(anonymous_3)","decl":{"start":{"line":26,"column":29},"end":{"line":26,"column":30}},"loc":{"start":{"line":26,"column":44},"end":{"line":28,"column":3}},"line":26},"4":{"name":"(anonymous_4)","decl":{"start":{"line":30,"column":24},"end":{"line":30,"column":25}},"loc":{"start":{"line":30,"column":30},"end":{"line":30,"column":32}},"line":30},"5":{"name":"(anonymous_5)","decl":{"start":{"line":32,"column":30},"end":{"line":32,"column":31}},"loc":{"start":{"line":32,"column":51},"end":{"line":45,"column":3}},"line":32},"6":{"name":"(anonymous_6)","decl":{"start":{"line":64,"column":33},"end":{"line":64,"column":34}},"loc":{"start":{"line":65,"column":16},"end":{"line":76,"column":19}},"line":65},"7":{"name":"(anonymous_7)","decl":{"start":{"line":66,"column":35},"end":{"line":66,"column":36}},"loc":{"start":{"line":67,"column":20},"end":{"line":70,"column":23}},"line":67},"8":{"name":"(anonymous_8)","decl":{"start":{"line":85,"column":25},"end":{"line":85,"column":26}},"loc":{"start":{"line":85,"column":31},"end":{"line":85,"column":69}},"line":85},"9":{"name":"(anonymous_9)","decl":{"start":{"line":92,"column":27},"end":{"line":92,"column":28}},"loc":{"start":{"line":92,"column":33},"end":{"line":92,"column":59}},"line":92},"10":{"name":"(anonymous_10)","decl":{"start":{"line":107,"column":31},"end":{"line":107,"column":32}},"loc":{"start":{"line":107,"column":37},"end":{"line":107,"column":61}},"line":107}},"branchMap":{"0":{"loc":{"start":{"line":38,"column":4},"end":{"line":43,"column":5}},"type":"if","locations":[{"start":{"line":38,"column":4},"end":{"line":43,"column":5}},{"start":{"line":41,"column":11},"end":{"line":43,"column":5}}],"line":38},"1":{"loc":{"start":{"line":69,"column":23},"end":{"line":69,"column":75}},"type":"binary-expr","locations":[{"start":{"line":69,"column":23},"end":{"line":69,"column":54}},{"start":{"line":69,"column":58},"end":{"line":69,"column":75}}],"line":69},"2":{"loc":{"start":{"line":74,"column":19},"end":{"line":74,"column":73}},"type":"binary-expr","locations":[{"start":{"line":74,"column":19},"end":{"line":74,"column":52}},{"start":{"line":74,"column":56},"end":{"line":74,"column":73}}],"line":74},"3":{"loc":{"start":{"line":90,"column":15},"end":{"line":105,"column":15}},"type":"binary-expr","locations":[{"start":{"line":90,"column":15},"end":{"line":90,"column":33}},{"start":{"line":91,"column":16},"end":{"line":104,"column":23}}],"line":90},"4":{"loc":{"start":{"line":95,"column":19},"end":{"line":103,"column":19}},"type":"cond-expr","locations":[{"start":{"line":96,"column":20},"end":{"line":98,"column":23}},{"start":{"line":100,"column":20},"end":{"line":102,"column":23}}],"line":95},"5":{"loc":{"start":{"line":106,"column":15},"end":{"line":110,"column":15}},"type":"binary-expr","locations":[{"start":{"line":106,"column":15},"end":{"line":106,"column":33}},{"start":{"line":107,"column":16},"end":{"line":109,"column":23}}],"line":106}},"s":{"0":1,"1":8,"2":8,"3":8,"4":8,"5":8,"6":8,"7":0,"8":8,"9":8,"10":8,"11":8,"12":0,"13":8,"14":8,"15":0,"16":0,"17":0,"18":0,"19":0,"20":0,"21":0,"22":0,"23":0,"24":0,"25":8,"26":8,"27":8,"28":0,"29":0,"30":0,"31":1},"f":{"0":8,"1":0,"2":8,"3":0,"4":0,"5":0,"6":8,"7":8,"8":0,"9":0,"10":0},"b":{"0":[0,0],"1":[8,0],"2":[8,0],"3":[8,2],"4":[0,2],"5":[8,6]},"_coverageSchema":"1a1c01bbd47fc00a2c39e90264f33305004495a9","hash":"fe6dcfabaa54c7be1505c91ebfe997af1dbbb1c1"}
,"/Users/dev/Documents/MERN/Projects/bookNow/frontend/src/Components/BookingConfirmation.jsx": {"path":"/Users/dev/Documents/MERN/Projects/bookNow/frontend/src/Components/BookingConfirmation.jsx","statementMap":{"0":{"start":{"line":4,"column":35},"end":{"line":47,"column":1}},"1":{"start":{"line":5,"column":19},"end":{"line":5,"column":32}},"2":{"start":{"line":6,"column":23},"end":{"line":6,"column":37}},"3":{"start":{"line":7,"column":25},"end":{"line":7,"column":42}},"4":{"start":{"line":8,"column":19},"end":{"line":8,"column":47}},"5":{"start":{"line":9,"column":2},"end":{"line":46,"column":4}}},"fnMap":{"0":{"name":"(anonymous_0)","decl":{"start":{"line":4,"column":35},"end":{"line":4,"column":36}},"loc":{"start":{"line":4,"column":41},"end":{"line":47,"column":1}},"line":4}},"branchMap":{},"s":{"0":0,"1":0,"2":0,"3":0,"4":0,"5":0},"f":{"0":0},"b":{}}
,"/Users/dev/Documents/MERN/Projects/bookNow/frontend/src/Components/BookingDetails.jsx": {"path":"/Users/dev/Documents/MERN/Projects/bookNow/frontend/src/Components/BookingDetails.jsx","statementMap":{"0":{"start":{"line":9,"column":30},"end":{"line":59,"column":1}},"1":{"start":{"line":10,"column":24},"end":{"line":10,"column":35}},"2":{"start":{"line":11,"column":46},"end":{"line":11,"column":56}},"3":{"start":{"line":12,"column":34},"end":{"line":12,"column":44}},"4":{"start":{"line":13,"column":36},"end":{"line":13,"column":51}},"5":{"start":{"line":14,"column":2},"end":{"line":29,"column":18}},"6":{"start":{"line":15,"column":23},"end":{"line":26,"column":5}},"7":{"start":{"line":16,"column":6},"end":{"line":16,"column":25}},"8":{"start":{"line":17,"column":23},"end":{"line":17,"column":66}},"9":{"start":{"line":18,"column":6},"end":{"line":24,"column":7}},"10":{"start":{"line":19,"column":8},"end":{"line":19,"column":35}},"11":{"start":{"line":20,"column":8},"end":{"line":20,"column":56}},"12":{"start":{"line":21,"column":8},"end":{"line":21,"column":44}},"13":{"start":{"line":23,"column":8},"end":{"line":23,"column":71}},"14":{"start":{"line":25,"column":6},"end":{"line":25,"column":26}},"15":{"start":{"line":27,"column":18},"end":{"line":27,"column":47}},"16":{"start":{"line":28,"column":4},"end":{"line":28,"column":33}},"17":{"start":{"line":30,"column":2},"end":{"line":58,"column":4}}},"fnMap":{"0":{"name":"(anonymous_0)","decl":{"start":{"line":9,"column":30},"end":{"line":9,"column":31}},"loc":{"start":{"line":9,"column":36},"end":{"line":59,"column":1}},"line":9},"1":{"name":"(anonymous_1)","decl":{"start":{"line":14,"column":12},"end":{"line":14,"column":13}},"loc":{"start":{"line":14,"column":18},"end":{"line":29,"column":3}},"line":14},"2":{"name":"(anonymous_2)","decl":{"start":{"line":15,"column":23},"end":{"line":15,"column":24}},"loc":{"start":{"line":15,"column":51},"end":{"line":26,"column":5}},"line":15}},"branchMap":{"0":{"loc":{"start":{"line":18,"column":6},"end":{"line":24,"column":7}},"type":"if","locations":[{"start":{"line":18,"column":6},"end":{"line":24,"column":7}},{"start":{"line":22,"column":13},"end":{"line":24,"column":7}}],"line":18},"1":{"loc":{"start":{"line":37,"column":11},"end":{"line":54,"column":11}},"type":"cond-expr","locations":[{"start":{"line":38,"column":12},"end":{"line":42,"column":15}},{"start":{"line":44,"column":12},"end":{"line":53,"column":15}}],"line":37},"2":{"loc":{"start":{"line":45,"column":15},"end":{"line":52,"column":15}},"type":"binary-expr","locations":[{"start":{"line":45,"column":15},"end":{"line":45,"column":29}},{"start":{"line":46,"column":16},"end":{"line":51,"column":22}}],"line":45}},"s":{"0":0,"1":0,"2":0,"3":0,"4":0,"5":0,"6":0,"7":0,"8":0,"9":0,"10":0,"11":0,"12":0,"13":0,"14":0,"15":0,"16":0,"17":0},"f":{"0":0,"1":0,"2":0},"b":{"0":[0,0],"1":[0,0],"2":[0,0]}}
,"/Users/dev/Documents/MERN/Projects/bookNow/frontend/src/Components/BookingSummery.jsx": {"path":"/Users/dev/Documents/MERN/Projects/bookNow/frontend/src/Components/BookingSummery.jsx","statementMap":{"0":{"start":{"line":8,"column":30},"end":{"line":214,"column":1}},"1":{"start":{"line":9,"column":23},"end":{"line":12,"column":3}},"2":{"start":{"line":10,"column":17},"end":{"line":10,"column":48}},"3":{"start":{"line":11,"column":4},"end":{"line":11,"column":59}},"4":{"start":{"line":13,"column":19},"end":{"line":13,"column":32}},"5":{"start":{"line":14,"column":38},"end":{"line":14,"column":53}},"6":{"start":{"line":15,"column":24},"end":{"line":15,"column":32}},"7":{"start":{"line":16,"column":23},"end":{"line":16,"column":31}},"8":{"start":{"line":17,"column":20},"end":{"line":17,"column":28}},"9":{"start":{"line":18,"column":28},"end":{"line":42,"column":3}},"10":{"start":{"line":19,"column":4},"end":{"line":19,"column":24}},"11":{"start":{"line":21,"column":4},"end":{"line":24,"column":5}},"12":{"start":{"line":22,"column":6},"end":{"line":22,"column":61}},"13":{"start":{"line":23,"column":6},"end":{"line":23,"column":50}},"14":{"start":{"line":26,"column":20},"end":{"line":26,"column":41}},"15":{"start":{"line":27,"column":19},"end":{"line":27,"column":45}},"16":{"start":{"line":28,"column":17},"end":{"line":28,"column":46}},"17":{"start":{"line":29,"column":16},"end":{"line":29,"column":42}},"18":{"start":{"line":30,"column":26},"end":{"line":30,"column":54}},"19":{"start":{"line":31,"column":21},"end":{"line":31,"column":53}},"20":{"start":{"line":32,"column":22},"end":{"line":32,"column":77}},"21":{"start":{"line":34,"column":4},"end":{"line":34,"column":57}},"22":{"start":{"line":35,"column":4},"end":{"line":35,"column":36}},"23":{"start":{"line":38,"column":4},"end":{"line":40,"column":5}},"24":{"start":{"line":39,"column":6},"end":{"line":39,"column":61}},"25":{"start":{"line":41,"column":4},"end":{"line":41,"column":25}},"26":{"start":{"line":43,"column":2},"end":{"line":213,"column":4}},"27":{"start":{"line":129,"column":14},"end":{"line":139,"column":17}},"28":{"start":{"line":131,"column":18},"end":{"line":133,"column":21}},"29":{"start":{"line":199,"column":27},"end":{"line":199,"column":40}},"30":{"start":{"line":215,"column":0},"end":{"line":218,"column":2}}},"fnMap":{"0":{"name":"(anonymous_0)","decl":{"start":{"line":8,"column":30},"end":{"line":8,"column":31}},"loc":{"start":{"line":8,"column":64},"end":{"line":214,"column":1}},"line":8},"1":{"name":"(anonymous_1)","decl":{"start":{"line":9,"column":23},"end":{"line":9,"column":24}},"loc":{"start":{"line":9,"column":40},"end":{"line":12,"column":3}},"line":9},"2":{"name":"(anonymous_2)","decl":{"start":{"line":18,"column":28},"end":{"line":18,"column":29}},"loc":{"start":{"line":18,"column":40},"end":{"line":42,"column":3}},"line":18},"3":{"name":"(anonymous_3)","decl":{"start":{"line":128,"column":46},"end":{"line":128,"column":47}},"loc":{"start":{"line":129,"column":14},"end":{"line":139,"column":17}},"line":129},"4":{"name":"(anonymous_4)","decl":{"start":{"line":130,"column":33},"end":{"line":130,"column":34}},"loc":{"start":{"line":131,"column":18},"end":{"line":133,"column":21}},"line":131},"5":{"name":"(anonymous_5)","decl":{"start":{"line":199,"column":21},"end":{"line":199,"column":22}},"loc":{"start":{"line":199,"column":27},"end":{"line":199,"column":40}},"line":199}},"branchMap":{"0":{"loc":{"start":{"line":21,"column":4},"end":{"line":24,"column":5}},"type":"if","locations":[{"start":{"line":21,"column":4},"end":{"line":24,"column":5}},{"start":{},"end":{}}],"line":21},"1":{"loc":{"start":{"line":38,"column":4},"end":{"line":40,"column":5}},"type":"if","locations":[{"start":{"line":38,"column":4},"end":{"line":40,"column":5}},{"start":{},"end":{}}],"line":38},"2":{"loc":{"start":{"line":208,"column":13},"end":{"line":208,"column":75}},"type":"cond-expr","locations":[{"start":{"line":208,"column":35},"end":{"line":208,"column":52}},{"start":{"line":208,"column":55},"end":{"line":208,"column":75}}],"line":208}},"s":{"0":1,"1":1,"2":1,"3":1,"4":1,"5":1,"6":1,"7":1,"8":1,"9":1,"10":0,"11":0,"12":0,"13":0,"14":0,"15":0,"16":0,"17":0,"18":0,"19":0,"20":0,"21":0,"22":0,"23":0,"24":0,"25":0,"26":1,"27":1,"28":3,"29":1,"30":1},"f":{"0":1,"1":1,"2":0,"3":1,"4":3,"5":1},"b":{"0":[0,0],"1":[0,0],"2":[1,0]},"_coverageSchema":"1a1c01bbd47fc00a2c39e90264f33305004495a9","hash":"1228ce2aa1c1bb1bd791d2a4579344bc20ed8f0f"}
,"/Users/dev/Documents/MERN/Projects/bookNow/frontend/src/Components/Calendar.jsx": {"path":"/Users/dev/Documents/MERN/Projects/bookNow/frontend/src/Components/Calendar.jsx","statementMap":{"0":{"start":{"line":3,"column":24},"end":{"line":122,"column":1}},"1":{"start":{"line":13,"column":24},"end":{"line":13,"column":58}},"2":{"start":{"line":14,"column":27},"end":{"line":14,"column":65}},"3":{"start":{"line":15,"column":2},"end":{"line":23,"column":3}},"4":{"start":{"line":16,"column":4},"end":{"line":22,"column":7}},"5":{"start":{"line":17,"column":6},"end":{"line":21,"column":7}},"6":{"start":{"line":18,"column":8},"end":{"line":20,"column":10}},"7":{"start":{"line":19,"column":36},"end":{"line":19,"column":79}},"8":{"start":{"line":25,"column":20},"end":{"line":25,"column":22}},"9":{"start":{"line":26,"column":19},"end":{"line":26,"column":20}},"10":{"start":{"line":27,"column":13},"end":{"line":27,"column":15}},"11":{"start":{"line":28,"column":2},"end":{"line":37,"column":3}},"12":{"start":{"line":29,"column":4},"end":{"line":35,"column":5}},"13":{"start":{"line":30,"column":6},"end":{"line":30,"column":28}},"14":{"start":{"line":32,"column":6},"end":{"line":32,"column":28}},"15":{"start":{"line":33,"column":6},"end":{"line":33,"column":29}},"16":{"start":{"line":34,"column":6},"end":{"line":34,"column":16}},"17":{"start":{"line":36,"column":4},"end":{"line":36,"column":17}},"18":{"start":{"line":38,"column":2},"end":{"line":38,"column":46}},"19":{"start":{"line":38,"column":23},"end":{"line":38,"column":46}},"20":{"start":{"line":40,"column":30},"end":{"line":66,"column":3}},"21":{"start":{"line":41,"column":4},"end":{"line":41,"column":59}},"22":{"start":{"line":41,"column":52},"end":{"line":41,"column":59}},"23":{"start":{"line":42,"column":17},"end":{"line":42,"column":46}},"24":{"start":{"line":43,"column":4},"end":{"line":62,"column":5}},"25":{"start":{"line":45,"column":16},"end":{"line":45,"column":29}},"26":{"start":{"line":46,"column":6},"end":{"line":46,"column":30}},"27":{"start":{"line":47,"column":6},"end":{"line":51,"column":7}},"28":{"start":{"line":48,"column":8},"end":{"line":48,"column":29}},"29":{"start":{"line":50,"column":8},"end":{"line":50,"column":37}},"30":{"start":{"line":54,"column":6},"end":{"line":61,"column":7}},"31":{"start":{"line":55,"column":18},"end":{"line":55,"column":31}},"32":{"start":{"line":56,"column":8},"end":{"line":56,"column":29}},"33":{"start":{"line":57,"column":8},"end":{"line":57,"column":28}},"34":{"start":{"line":59,"column":8},"end":{"line":59,"column":34}},"35":{"start":{"line":60,"column":8},"end":{"line":60,"column":39}},"36":{"start":{"line":63,"column":22},"end":{"line":63,"column":51}},"37":{"start":{"line":64,"column":4},"end":{"line":64,"column":28}},"38":{"start":{"line":65,"column":4},"end":{"line":65,"column":38}},"39":{"start":{"line":68,"column":32},"end":{"line":74,"column":3}},"40":{"start":{"line":69,"column":27},"end":{"line":69,"column":28}},"41":{"start":{"line":70,"column":4},"end":{"line":72,"column":5}},"42":{"start":{"line":71,"column":6},"end":{"line":71,"column":45}},"43":{"start":{"line":73,"column":4},"end":{"line":73,"column":28}},"44":{"start":{"line":76,"column":2},"end":{"line":121,"column":4}},"45":{"start":{"line":81,"column":12},"end":{"line":117,"column":15}},"46":{"start":{"line":87,"column":18},"end":{"line":114,"column":21}},"47":{"start":{"line":91,"column":24},"end":{"line":96,"column":25}},"48":{"start":{"line":124,"column":0},"end":{"line":133,"column":2}}},"fnMap":{"0":{"name":"(anonymous_0)","decl":{"start":{"line":3,"column":24},"end":{"line":3,"column":25}},"loc":{"start":{"line":12,"column":6},"end":{"line":122,"column":1}},"line":12},"1":{"name":"(anonymous_1)","decl":{"start":{"line":16,"column":26},"end":{"line":16,"column":27}},"loc":{"start":{"line":16,"column":41},"end":{"line":22,"column":5}},"line":16},"2":{"name":"(anonymous_2)","decl":{"start":{"line":19,"column":10},"end":{"line":19,"column":11}},"loc":{"start":{"line":19,"column":36},"end":{"line":19,"column":79}},"line":19},"3":{"name":"(anonymous_3)","decl":{"start":{"line":40,"column":30},"end":{"line":40,"column":31}},"loc":{"start":{"line":40,"column":72},"end":{"line":66,"column":3}},"line":40},"4":{"name":"(anonymous_4)","decl":{"start":{"line":68,"column":32},"end":{"line":68,"column":33}},"loc":{"start":{"line":68,"column":44},"end":{"line":74,"column":3}},"line":68},"5":{"name":"(anonymous_5)","decl":{"start":{"line":80,"column":26},"end":{"line":80,"column":27}},"loc":{"start":{"line":81,"column":12},"end":{"line":117,"column":15}},"line":81},"6":{"name":"(anonymous_6)","decl":{"start":{"line":86,"column":31},"end":{"line":86,"column":32}},"loc":{"start":{"line":87,"column":18},"end":{"line":114,"column":21}},"line":87},"7":{"name":"(anonymous_7)","decl":{"start":{"line":90,"column":31},"end":{"line":90,"column":32}},"loc":{"start":{"line":91,"column":24},"end":{"line":96,"column":25}},"line":91}},"branchMap":{"0":{"loc":{"start":{"line":15,"column":2},"end":{"line":23,"column":3}},"type":"if","locations":[{"start":{"line":15,"column":2},"end":{"line":23,"column":3}},{"start":{},"end":{}}],"line":15},"1":{"loc":{"start":{"line":17,"column":6},"end":{"line":21,"column":7}},"type":"if","locations":[{"start":{"line":17,"column":6},"end":{"line":21,"column":7}},{"start":{},"end":{}}],"line":17},"2":{"loc":{"start":{"line":29,"column":4},"end":{"line":35,"column":5}},"type":"if","locations":[{"start":{"line":29,"column":4},"end":{"line":35,"column":5}},{"start":{"line":31,"column":11},"end":{"line":35,"column":5}}],"line":29},"3":{"loc":{"start":{"line":38,"column":2},"end":{"line":38,"column":46}},"type":"if","locations":[{"start":{"line":38,"column":2},"end":{"line":38,"column":46}},{"start":{},"end":{}}],"line":38},"4":{"loc":{"start":{"line":41,"column":4},"end":{"line":41,"column":59}},"type":"if","locations":[{"start":{"line":41,"column":4},"end":{"line":41,"column":59}},{"start":{},"end":{}}],"line":41},"5":{"loc":{"start":{"line":41,"column":8},"end":{"line":41,"column":50}},"type":"binary-expr","locations":[{"start":{"line":41,"column":8},"end":{"line":41,"column":29}},{"start":{"line":41,"column":33},"end":{"line":41,"column":50}}],"line":41},"6":{"loc":{"start":{"line":43,"column":4},"end":{"line":62,"column":5}},"type":"if","locations":[{"start":{"line":43,"column":4},"end":{"line":62,"column":5}},{"start":{"line":52,"column":11},"end":{"line":62,"column":5}}],"line":43},"7":{"loc":{"start":{"line":47,"column":6},"end":{"line":51,"column":7}},"type":"if","locations":[{"start":{"line":47,"column":6},"end":{"line":51,"column":7}},{"start":{"line":49,"column":13},"end":{"line":51,"column":7}}],"line":47},"8":{"loc":{"start":{"line":54,"column":6},"end":{"line":61,"column":7}},"type":"if","locations":[{"start":{"line":54,"column":6},"end":{"line":61,"column":7}},{"start":{"line":58,"column":13},"end":{"line":61,"column":7}}],"line":54},"9":{"loc":{"start":{"line":79,"column":9},"end":{"line":118,"column":12}},"type":"binary-expr","locations":[{"start":{"line":79,"column":9},"end":{"line":79,"column":20}},{"start":{"line":80,"column":10},"end":{"line":118,"column":12}}],"line":79},"10":{"loc":{"start":{"line":94,"column":26},"end":{"line":95,"column":70}},"type":"binary-expr","locations":[{"start":{"line":94,"column":26},"end":{"line":94,"column":55}},{"start":{"line":95,"column":28},"end":{"line":95,"column":70}}],"line":94},"11":{"loc":{"start":{"line":99,"column":24},"end":{"line":102,"column":57}},"type":"cond-expr","locations":[{"start":{"line":101,"column":28},"end":{"line":101,"column":63}},{"start":{"line":102,"column":28},"end":{"line":102,"column":57}}],"line":99},"12":{"loc":{"start":{"line":99,"column":24},"end":{"line":100,"column":64}},"type":"binary-expr","locations":[{"start":{"line":99,"column":24},"end":{"line":99,"column":56}},{"start":{"line":100,"column":25},"end":{"line":100,"column":46}},{"start":{"line":100,"column":50},"end":{"line":100,"column":63}}],"line":99},"13":{"loc":{"start":{"line":105,"column":25},"end":{"line":108,"column":31}},"type":"cond-expr","locations":[{"start":{"line":107,"column":29},"end":{"line":107,"column":54}},{"start":{"line":108,"column":29},"end":{"line":108,"column":31}}],"line":105},"14":{"loc":{"start":{"line":105,"column":25},"end":{"line":106,"column":67}},"type":"binary-expr","locations":[{"start":{"line":105,"column":25},"end":{"line":105,"column":54}},{"start":{"line":106,"column":25},"end":{"line":106,"column":67}}],"line":105}},"s":{"0":2,"1":102,"2":102,"3":102,"4":102,"5":102,"6":0,"7":0,"8":102,"9":102,"10":102,"11":102,"12":3162,"13":2754,"14":408,"15":408,"16":408,"17":3162,"18":102,"19":102,"20":102,"21":0,"22":0,"23":0,"24":0,"25":0,"26":0,"27":0,"28":0,"29":0,"30":0,"31":0,"32":0,"33":0,"34":0,"35":0,"36":0,"37":0,"38":0,"39":102,"40":0,"41":0,"42":0,"43":0,"44":102,"45":510,"46":3162,"47":0,"48":2},"f":{"0":102,"1":102,"2":0,"3":0,"4":0,"5":510,"6":3162,"7":0},"b":{"0":[102,0],"1":[0,102],"2":[2754,408],"3":[102,0],"4":[0,0],"5":[0,0],"6":[0,0],"7":[0,0],"8":[0,0],"9":[102,102],"10":[0,0],"11":[2550,612],"12":[3162,3162,3162],"13":[0,3162],"14":[3162,0]},"_coverageSchema":"1a1c01bbd47fc00a2c39e90264f33305004495a9","hash":"cacf012f7c73be89f65258f6896a7380f71b0022"}
,"/Users/dev/Documents/MERN/Projects/bookNow/frontend/src/Components/City.jsx": {"path":"/Users/dev/Documents/MERN/Projects/bookNow/frontend/src/Components/City.jsx","statementMap":{"0":{"start":{"line":12,"column":20},"end":{"line":245,"column":1}},"1":{"start":{"line":13,"column":23},"end":{"line":13,"column":34}},"2":{"start":{"line":14,"column":36},"end":{"line":14,"column":50}},"3":{"start":{"line":15,"column":30},"end":{"line":15,"column":40}},"4":{"start":{"line":16,"column":38},"end":{"line":16,"column":53}},"5":{"start":{"line":17,"column":58},"end":{"line":17,"column":69}},"6":{"start":{"line":18,"column":40},"end":{"line":18,"column":55}},"7":{"start":{"line":19,"column":19},"end":{"line":19,"column":32}},"8":{"start":{"line":20,"column":2},"end":{"line":34,"column":17}},"9":{"start":{"line":21,"column":4},"end":{"line":21,"column":23}},"10":{"start":{"line":22,"column":26},"end":{"line":31,"column":5}},"11":{"start":{"line":23,"column":23},"end":{"line":23,"column":60}},"12":{"start":{"line":24,"column":6},"end":{"line":29,"column":7}},"13":{"start":{"line":25,"column":8},"end":{"line":25,"column":30}},"14":{"start":{"line":26,"column":8},"end":{"line":26,"column":33}},"15":{"start":{"line":28,"column":8},"end":{"line":28,"column":68}},"16":{"start":{"line":30,"column":6},"end":{"line":30,"column":26}},"17":{"start":{"line":33,"column":4},"end":{"line":33,"column":28}},"18":{"start":{"line":36,"column":32},"end":{"line":38,"column":3}},"19":{"start":{"line":37,"column":4},"end":{"line":37,"column":34}},"20":{"start":{"line":40,"column":19},"end":{"line":60,"column":3}},"21":{"start":{"line":41,"column":4},"end":{"line":59,"column":5}},"22":{"start":{"line":42,"column":6},"end":{"line":42,"column":27}},"23":{"start":{"line":43,"column":6},"end":{"line":43,"column":33}},"24":{"start":{"line":44,"column":24},"end":{"line":44,"column":35}},"25":{"start":{"line":45,"column":6},"end":{"line":47,"column":9}},"26":{"start":{"line":46,"column":8},"end":{"line":46,"column":35}},"27":{"start":{"line":48,"column":6},"end":{"line":48,"column":29}},"28":{"start":{"line":49,"column":6},"end":{"line":49,"column":28}},"29":{"start":{"line":51,"column":6},"end":{"line":51,"column":27}},"30":{"start":{"line":52,"column":6},"end":{"line":52,"column":33}},"31":{"start":{"line":53,"column":24},"end":{"line":53,"column":35}},"32":{"start":{"line":54,"column":6},"end":{"line":56,"column":9}},"33":{"start":{"line":55,"column":8},"end":{"line":55,"column":35}},"34":{"start":{"line":57,"column":6},"end":{"line":57,"column":29}},"35":{"start":{"line":58,"column":6},"end":{"line":58,"column":28}},"36":{"start":{"line":62,"column":2},"end":{"line":244,"column":4}},"37":{"start":{"line":91,"column":35},"end":{"line":91,"column":55}},"38":{"start":{"line":146,"column":33},"end":{"line":146,"column":52}},"39":{"start":{"line":194,"column":24},"end":{"line":233,"column":30}},"40":{"start":{"line":197,"column":41},"end":{"line":197,"column":73}}},"fnMap":{"0":{"name":"(anonymous_0)","decl":{"start":{"line":12,"column":20},"end":{"line":12,"column":21}},"loc":{"start":{"line":12,"column":26},"end":{"line":245,"column":1}},"line":12},"1":{"name":"(anonymous_1)","decl":{"start":{"line":20,"column":12},"end":{"line":20,"column":13}},"loc":{"start":{"line":20,"column":18},"end":{"line":34,"column":3}},"line":20},"2":{"name":"(anonymous_2)","decl":{"start":{"line":22,"column":26},"end":{"line":22,"column":27}},"loc":{"start":{"line":22,"column":50},"end":{"line":31,"column":5}},"line":22},"3":{"name":"(anonymous_3)","decl":{"start":{"line":36,"column":32},"end":{"line":36,"column":33}},"loc":{"start":{"line":36,"column":45},"end":{"line":38,"column":3}},"line":36},"4":{"name":"(anonymous_4)","decl":{"start":{"line":40,"column":19},"end":{"line":40,"column":20}},"loc":{"start":{"line":40,"column":30},"end":{"line":60,"column":3}},"line":40},"5":{"name":"(anonymous_5)","decl":{"start":{"line":45,"column":23},"end":{"line":45,"column":24}},"loc":{"start":{"line":45,"column":33},"end":{"line":47,"column":7}},"line":45},"6":{"name":"(anonymous_6)","decl":{"start":{"line":54,"column":23},"end":{"line":54,"column":24}},"loc":{"start":{"line":54,"column":33},"end":{"line":56,"column":7}},"line":54},"7":{"name":"(anonymous_7)","decl":{"start":{"line":91,"column":29},"end":{"line":91,"column":30}},"loc":{"start":{"line":91,"column":35},"end":{"line":91,"column":55}},"line":91},"8":{"name":"(anonymous_8)","decl":{"start":{"line":146,"column":27},"end":{"line":146,"column":28}},"loc":{"start":{"line":146,"column":33},"end":{"line":146,"column":52}},"line":146},"9":{"name":"(anonymous_9)","decl":{"start":{"line":193,"column":33},"end":{"line":193,"column":34}},"loc":{"start":{"line":194,"column":24},"end":{"line":233,"column":30}},"line":194},"10":{"name":"(anonymous_10)","decl":{"start":{"line":197,"column":35},"end":{"line":197,"column":36}},"loc":{"start":{"line":197,"column":41},"end":{"line":197,"column":73}},"line":197}},"branchMap":{"0":{"loc":{"start":{"line":24,"column":6},"end":{"line":29,"column":7}},"type":"if","locations":[{"start":{"line":24,"column":6},"end":{"line":29,"column":7}},{"start":{"line":27,"column":13},"end":{"line":29,"column":7}}],"line":24},"1":{"loc":{"start":{"line":41,"column":4},"end":{"line":59,"column":5}},"type":"if","locations":[{"start":{"line":41,"column":4},"end":{"line":59,"column":5}},{"start":{"line":50,"column":11},"end":{"line":59,"column":5}}],"line":41},"2":{"loc":{"start":{"line":68,"column":9},"end":{"line":240,"column":9}},"type":"cond-expr","locations":[{"start":{"line":69,"column":10},"end":{"line":76,"column":13}},{"start":{"line":78,"column":10},"end":{"line":239,"column":13}}],"line":68},"3":{"loc":{"start":{"line":81,"column":16},"end":{"line":83,"column":40}},"type":"cond-expr","locations":[{"start":{"line":82,"column":20},"end":{"line":82,"column":140}},{"start":{"line":83,"column":20},"end":{"line":83,"column":40}}],"line":81},"4":{"loc":{"start":{"line":186,"column":17},"end":{"line":236,"column":17}},"type":"cond-expr","locations":[{"start":{"line":187,"column":18},"end":{"line":189,"column":21}},{"start":{"line":191,"column":18},"end":{"line":235,"column":21}}],"line":186},"5":{"loc":{"start":{"line":192,"column":21},"end":{"line":234,"column":24}},"type":"binary-expr","locations":[{"start":{"line":192,"column":21},"end":{"line":192,"column":27}},{"start":{"line":193,"column":22},"end":{"line":234,"column":24}}],"line":192}},"s":{"0":1,"1":2,"2":2,"3":2,"4":2,"5":2,"6":2,"7":2,"8":2,"9":1,"10":1,"11":1,"12":1,"13":1,"14":1,"15":0,"16":1,"17":1,"18":2,"19":1,"20":2,"21":0,"22":0,"23":0,"24":0,"25":0,"26":0,"27":0,"28":0,"29":0,"30":0,"31":0,"32":0,"33":0,"34":0,"35":0,"36":2,"37":0,"38":0,"39":1,"40":1},"f":{"0":2,"1":1,"2":1,"3":1,"4":0,"5":0,"6":0,"7":0,"8":0,"9":1,"10":1},"b":{"0":[1,0],"1":[0,0],"2":[1,1],"3":[0,1],"4":[0,1],"5":[1,1]},"_coverageSchema":"1a1c01bbd47fc00a2c39e90264f33305004495a9","hash":"e4a8bad598ccdc08d7aefa2cf992dadf51922f1b"}
,"/Users/dev/Documents/MERN/Projects/bookNow/frontend/src/Components/ConfirmBooking.jsx": {"path":"/Users/dev/Documents/MERN/Projects/bookNow/frontend/src/Components/ConfirmBooking.jsx","statementMap":{"0":{"start":{"line":25,"column":30},"end":{"line":651,"column":1}},"1":{"start":{"line":26,"column":22},"end":{"line":26,"column":33}},"2":{"start":{"line":27,"column":19},"end":{"line":27,"column":32}},"3":{"start":{"line":28,"column":19},"end":{"line":28,"column":32}},"4":{"start":{"line":29,"column":40},"end":{"line":29,"column":51}},"5":{"start":{"line":30,"column":54},"end":{"line":30,"column":69}},"6":{"start":{"line":31,"column":50},"end":{"line":31,"column":65}},"7":{"start":{"line":32,"column":62},"end":{"line":32,"column":74}},"8":{"start":{"line":33,"column":36},"end":{"line":33,"column":50}},"9":{"start":{"line":34,"column":42},"end":{"line":34,"column":52}},"10":{"start":{"line":35,"column":50},"end":{"line":35,"column":60}},"11":{"start":{"line":36,"column":15},"end":{"line":36,"column":25}},"12":{"start":{"line":37,"column":16},"end":{"line":41,"column":3}},"13":{"start":{"line":42,"column":18},"end":{"line":47,"column":3}},"14":{"start":{"line":48,"column":48},"end":{"line":51,"column":4}},"15":{"start":{"line":53,"column":2},"end":{"line":72,"column":26}},"16":{"start":{"line":54,"column":29},"end":{"line":70,"column":5}},"17":{"start":{"line":55,"column":23},"end":{"line":55,"column":48}},"18":{"start":{"line":56,"column":6},"end":{"line":69,"column":7}},"19":{"start":{"line":57,"column":37},"end":{"line":62,"column":9}},"20":{"start":{"line":63,"column":8},"end":{"line":63,"column":50}},"21":{"start":{"line":64,"column":8},"end":{"line":64,"column":39}},"22":{"start":{"line":65,"column":8},"end":{"line":65,"column":28}},"23":{"start":{"line":67,"column":8},"end":{"line":67,"column":78}},"24":{"start":{"line":68,"column":8},"end":{"line":68,"column":22}},"25":{"start":{"line":71,"column":4},"end":{"line":71,"column":30}},"26":{"start":{"line":74,"column":27},"end":{"line":79,"column":3}},"27":{"start":{"line":81,"column":4},"end":{"line":165,"column":6}},"28":{"start":{"line":88,"column":8},"end":{"line":163,"column":9}},"29":{"start":{"line":89,"column":30},"end":{"line":89,"column":47}},"30":{"start":{"line":90,"column":10},"end":{"line":90,"column":54}},"31":{"start":{"line":91,"column":15},"end":{"line":163,"column":9}},"32":{"start":{"line":92,"column":10},"end":{"line":92,"column":61}},"33":{"start":{"line":94,"column":32},"end":{"line":94,"column":65}},"34":{"start":{"line":95,"column":37},"end":{"line":95,"column":75}},"35":{"start":{"line":97,"column":37},"end":{"line":111,"column":11}},"36":{"start":{"line":112,"column":24},"end":{"line":112,"column":53}},"37":{"start":{"line":114,"column":10},"end":{"line":151,"column":11}},"38":{"start":{"line":115,"column":29},"end":{"line":115,"column":76}},"39":{"start":{"line":116,"column":12},"end":{"line":131,"column":13}},"40":{"start":{"line":117,"column":14},"end":{"line":117,"column":67}},"41":{"start":{"line":118,"column":33},"end":{"line":124,"column":15}},"42":{"start":{"line":125,"column":14},"end":{"line":125,"column":70}},"43":{"start":{"line":128,"column":14},"end":{"line":130,"column":16}},"44":{"start":{"line":133,"column":40},"end":{"line":138,"column":13}},"45":{"start":{"line":139,"column":12},"end":{"line":139,"column":31}},"46":{"start":{"line":140,"column":29},"end":{"line":143,"column":13}},"47":{"start":{"line":144,"column":12},"end":{"line":149,"column":13}},"48":{"start":{"line":146,"column":14},"end":{"line":146,"column":68}},"49":{"start":{"line":148,"column":14},"end":{"line":148,"column":52}},"50":{"start":{"line":150,"column":12},"end":{"line":150,"column":32}},"51":{"start":{"line":152,"column":10},"end":{"line":152,"column":39}},"52":{"start":{"line":153,"column":10},"end":{"line":153,"column":40}},"53":{"start":{"line":154,"column":10},"end":{"line":154,"column":28}},"54":{"start":{"line":155,"column":39},"end":{"line":160,"column":11}},"55":{"start":{"line":161,"column":10},"end":{"line":161,"column":52}},"56":{"start":{"line":162,"column":10},"end":{"line":162,"column":29}},"57":{"start":{"line":167,"column":29},"end":{"line":201,"column":3}},"58":{"start":{"line":170,"column":18},"end":{"line":198,"column":5}},"59":{"start":{"line":180,"column":21},"end":{"line":185,"column":9}},"60":{"start":{"line":186,"column":40},"end":{"line":186,"column":65}},"61":{"start":{"line":187,"column":8},"end":{"line":189,"column":9}},"62":{"start":{"line":188,"column":10},"end":{"line":188,"column":63}},"63":{"start":{"line":199,"column":14},"end":{"line":199,"column":42}},"64":{"start":{"line":200,"column":4},"end":{"line":200,"column":15}},"65":{"start":{"line":203,"column":43},"end":{"line":220,"column":3}},"66":{"start":{"line":204,"column":18},"end":{"line":204,"column":47}},"67":{"start":{"line":205,"column":21},"end":{"line":205,"column":68}},"68":{"start":{"line":206,"column":4},"end":{"line":219,"column":5}},"69":{"start":{"line":207,"column":6},"end":{"line":207,"column":59}},"70":{"start":{"line":208,"column":25},"end":{"line":213,"column":7}},"71":{"start":{"line":214,"column":6},"end":{"line":214,"column":62}},"72":{"start":{"line":216,"column":6},"end":{"line":218,"column":8}},"73":{"start":{"line":221,"column":25},"end":{"line":235,"column":3}},"74":{"start":{"line":222,"column":22},"end":{"line":222,"column":24}},"75":{"start":{"line":223,"column":4},"end":{"line":233,"column":5}},"76":{"start":{"line":224,"column":30},"end":{"line":224,"column":33}},"77":{"start":{"line":225,"column":37},"end":{"line":225,"column":39}},"78":{"start":{"line":226,"column":6},"end":{"line":228,"column":8}},"79":{"start":{"line":227,"column":8},"end":{"line":227,"column":46}},"80":{"start":{"line":229,"column":6},"end":{"line":232,"column":9}},"81":{"start":{"line":234,"column":4},"end":{"line":234,"column":23}},"82":{"start":{"line":237,"column":22},"end":{"line":259,"column":3}},"83":{"start":{"line":238,"column":4},"end":{"line":258,"column":5}},"84":{"start":{"line":239,"column":27},"end":{"line":239,"column":49}},"85":{"start":{"line":240,"column":6},"end":{"line":240,"column":54}},"86":{"start":{"line":241,"column":6},"end":{"line":246,"column":9}},"87":{"start":{"line":247,"column":6},"end":{"line":247,"column":41}},"88":{"start":{"line":249,"column":27},"end":{"line":249,"column":49}},"89":{"start":{"line":250,"column":6},"end":{"line":250,"column":54}},"90":{"start":{"line":251,"column":6},"end":{"line":256,"column":9}},"91":{"start":{"line":257,"column":6},"end":{"line":257,"column":41}},"92":{"start":{"line":261,"column":32},"end":{"line":280,"column":3}},"93":{"start":{"line":262,"column":4},"end":{"line":265,"column":5}},"94":{"start":{"line":263,"column":6},"end":{"line":263,"column":58}},"95":{"start":{"line":264,"column":6},"end":{"line":264,"column":13}},"96":{"start":{"line":266,"column":30},"end":{"line":266,"column":59}},"97":{"start":{"line":267,"column":33},"end":{"line":269,"column":17}},"98":{"start":{"line":270,"column":4},"end":{"line":270,"column":39}},"99":{"start":{"line":271,"column":33},"end":{"line":274,"column":5}},"100":{"start":{"line":276,"column":6},"end":{"line":277,"column":14}},"101":{"start":{"line":278,"column":4},"end":{"line":278,"column":62}},"102":{"start":{"line":279,"column":4},"end":{"line":279,"column":46}},"103":{"start":{"line":282,"column":44},"end":{"line":287,"column":3}},"104":{"start":{"line":283,"column":4},"end":{"line":283,"column":60}},"105":{"start":{"line":283,"column":53},"end":{"line":283,"column":60}},"106":{"start":{"line":285,"column":6},"end":{"line":285,"column":76}},"107":{"start":{"line":286,"column":4},"end":{"line":286,"column":57}},"108":{"start":{"line":289,"column":32},"end":{"line":295,"column":3}},"109":{"start":{"line":290,"column":27},"end":{"line":290,"column":28}},"110":{"start":{"line":291,"column":4},"end":{"line":293,"column":5}},"111":{"start":{"line":292,"column":6},"end":{"line":292,"column":61}},"112":{"start":{"line":294,"column":4},"end":{"line":294,"column":28}},"113":{"start":{"line":297,"column":2},"end":{"line":650,"column":4}},"114":{"start":{"line":314,"column":33},"end":{"line":314,"column":62}},"115":{"start":{"line":452,"column":45},"end":{"line":452,"column":64}},"116":{"start":{"line":463,"column":45},"end":{"line":463,"column":64}},"117":{"start":{"line":487,"column":37},"end":{"line":487,"column":79}},"118":{"start":{"line":507,"column":32},"end":{"line":589,"column":35}},"119":{"start":{"line":520,"column":46},"end":{"line":520,"column":74}},"120":{"start":{"line":531,"column":46},"end":{"line":531,"column":74}},"121":{"start":{"line":614,"column":39},"end":{"line":614,"column":65}},"122":{"start":{"line":625,"column":39},"end":{"line":625,"column":64}}},"fnMap":{"0":{"name":"(anonymous_0)","decl":{"start":{"line":25,"column":30},"end":{"line":25,"column":31}},"loc":{"start":{"line":25,"column":36},"end":{"line":651,"column":1}},"line":25},"1":{"name":"(anonymous_1)","decl":{"start":{"line":53,"column":12},"end":{"line":53,"column":13}},"loc":{"start":{"line":53,"column":18},"end":{"line":72,"column":3}},"line":53},"2":{"name":"(anonymous_2)","decl":{"start":{"line":54,"column":29},"end":{"line":54,"column":30}},"loc":{"start":{"line":54,"column":43},"end":{"line":70,"column":5}},"line":54},"3":{"name":"(anonymous_3)","decl":{"start":{"line":87,"column":16},"end":{"line":87,"column":17}},"loc":{"start":{"line":87,"column":42},"end":{"line":164,"column":7}},"line":87},"4":{"name":"(anonymous_4)","decl":{"start":{"line":167,"column":29},"end":{"line":167,"column":30}},"loc":{"start":{"line":167,"column":76},"end":{"line":201,"column":3}},"line":167},"5":{"name":"(anonymous_5)","decl":{"start":{"line":179,"column":15},"end":{"line":179,"column":16}},"loc":{"start":{"line":179,"column":41},"end":{"line":190,"column":7}},"line":179},"6":{"name":"(anonymous_6)","decl":{"start":{"line":203,"column":43},"end":{"line":203,"column":44}},"loc":{"start":{"line":203,"column":73},"end":{"line":220,"column":3}},"line":203},"7":{"name":"(anonymous_7)","decl":{"start":{"line":221,"column":25},"end":{"line":221,"column":26}},"loc":{"start":{"line":221,"column":31},"end":{"line":235,"column":3}},"line":221},"8":{"name":"(anonymous_8)","decl":{"start":{"line":226,"column":42},"end":{"line":226,"column":43}},"loc":{"start":{"line":227,"column":8},"end":{"line":227,"column":46}},"line":227},"9":{"name":"(anonymous_9)","decl":{"start":{"line":237,"column":22},"end":{"line":237,"column":23}},"loc":{"start":{"line":237,"column":38},"end":{"line":259,"column":3}},"line":237},"10":{"name":"(anonymous_10)","decl":{"start":{"line":261,"column":32},"end":{"line":261,"column":33}},"loc":{"start":{"line":261,"column":49},"end":{"line":280,"column":3}},"line":261},"11":{"name":"(anonymous_11)","decl":{"start":{"line":282,"column":44},"end":{"line":282,"column":45}},"loc":{"start":{"line":282,"column":62},"end":{"line":287,"column":3}},"line":282},"12":{"name":"(anonymous_12)","decl":{"start":{"line":289,"column":32},"end":{"line":289,"column":33}},"loc":{"start":{"line":289,"column":38},"end":{"line":295,"column":3}},"line":289},"13":{"name":"(anonymous_13)","decl":{"start":{"line":314,"column":27},"end":{"line":314,"column":28}},"loc":{"start":{"line":314,"column":33},"end":{"line":314,"column":62}},"line":314},"14":{"name":"(anonymous_14)","decl":{"start":{"line":452,"column":39},"end":{"line":452,"column":40}},"loc":{"start":{"line":452,"column":45},"end":{"line":452,"column":64}},"line":452},"15":{"name":"(anonymous_15)","decl":{"start":{"line":463,"column":39},"end":{"line":463,"column":40}},"loc":{"start":{"line":463,"column":45},"end":{"line":463,"column":64}},"line":463},"16":{"name":"(anonymous_16)","decl":{"start":{"line":487,"column":31},"end":{"line":487,"column":32}},"loc":{"start":{"line":487,"column":37},"end":{"line":487,"column":79}},"line":487},"17":{"name":"(anonymous_17)","decl":{"start":{"line":506,"column":30},"end":{"line":506,"column":31}},"loc":{"start":{"line":507,"column":32},"end":{"line":589,"column":35}},"line":507},"18":{"name":"(anonymous_18)","decl":{"start":{"line":519,"column":53},"end":{"line":519,"column":54}},"loc":{"start":{"line":520,"column":46},"end":{"line":520,"column":74}},"line":520},"19":{"name":"(anonymous_19)","decl":{"start":{"line":530,"column":53},"end":{"line":530,"column":54}},"loc":{"start":{"line":531,"column":46},"end":{"line":531,"column":74}},"line":531},"20":{"name":"(anonymous_20)","decl":{"start":{"line":614,"column":33},"end":{"line":614,"column":34}},"loc":{"start":{"line":614,"column":39},"end":{"line":614,"column":65}},"line":614},"21":{"name":"(anonymous_21)","decl":{"start":{"line":625,"column":33},"end":{"line":625,"column":34}},"loc":{"start":{"line":625,"column":39},"end":{"line":625,"column":64}},"line":625}},"branchMap":{"0":{"loc":{"start":{"line":56,"column":6},"end":{"line":69,"column":7}},"type":"if","locations":[{"start":{"line":56,"column":6},"end":{"line":69,"column":7}},{"start":{"line":66,"column":13},"end":{"line":69,"column":7}}],"line":56},"1":{"loc":{"start":{"line":88,"column":8},"end":{"line":163,"column":9}},"type":"if","locations":[{"start":{"line":88,"column":8},"end":{"line":163,"column":9}},{"start":{"line":91,"column":15},"end":{"line":163,"column":9}}],"line":88},"2":{"loc":{"start":{"line":91,"column":15},"end":{"line":163,"column":9}},"type":"if","locations":[{"start":{"line":91,"column":15},"end":{"line":163,"column":9}},{"start":{"line":93,"column":15},"end":{"line":163,"column":9}}],"line":91},"3":{"loc":{"start":{"line":94,"column":32},"end":{"line":94,"column":65}},"type":"cond-expr","locations":[{"start":{"line":94,"column":60},"end":{"line":94,"column":61}},{"start":{"line":94,"column":64},"end":{"line":94,"column":65}}],"line":94},"4":{"loc":{"start":{"line":114,"column":10},"end":{"line":151,"column":11}},"type":"if","locations":[{"start":{"line":114,"column":10},"end":{"line":151,"column":11}},{"start":{"line":132,"column":17},"end":{"line":151,"column":11}}],"line":114},"5":{"loc":{"start":{"line":116,"column":12},"end":{"line":131,"column":13}},"type":"if","locations":[{"start":{"line":116,"column":12},"end":{"line":131,"column":13}},{"start":{"line":126,"column":19},"end":{"line":131,"column":13}}],"line":116},"6":{"loc":{"start":{"line":144,"column":12},"end":{"line":149,"column":13}},"type":"if","locations":[{"start":{"line":144,"column":12},"end":{"line":149,"column":13}},{"start":{"line":147,"column":19},"end":{"line":149,"column":13}}],"line":144},"7":{"loc":{"start":{"line":187,"column":8},"end":{"line":189,"column":9}},"type":"if","locations":[{"start":{"line":187,"column":8},"end":{"line":189,"column":9}},{"start":{},"end":{}}],"line":187},"8":{"loc":{"start":{"line":206,"column":4},"end":{"line":219,"column":5}},"type":"if","locations":[{"start":{"line":206,"column":4},"end":{"line":219,"column":5}},{"start":{"line":215,"column":11},"end":{"line":219,"column":5}}],"line":206},"9":{"loc":{"start":{"line":238,"column":4},"end":{"line":258,"column":5}},"type":"if","locations":[{"start":{"line":238,"column":4},"end":{"line":258,"column":5}},{"start":{"line":248,"column":11},"end":{"line":258,"column":5}}],"line":238},"10":{"loc":{"start":{"line":262,"column":4},"end":{"line":265,"column":5}},"type":"if","locations":[{"start":{"line":262,"column":4},"end":{"line":265,"column":5}},{"start":{},"end":{}}],"line":262},"11":{"loc":{"start":{"line":283,"column":4},"end":{"line":283,"column":60}},"type":"if","locations":[{"start":{"line":283,"column":4},"end":{"line":283,"column":60}},{"start":{},"end":{}}],"line":283},"12":{"loc":{"start":{"line":299,"column":7},"end":{"line":648,"column":7}},"type":"cond-expr","locations":[{"start":{"line":300,"column":8},"end":{"line":304,"column":11}},{"start":{"line":306,"column":8},"end":{"line":647,"column":14}}],"line":299},"13":{"loc":{"start":{"line":372,"column":21},"end":{"line":378,"column":21}},"type":"binary-expr","locations":[{"start":{"line":372,"column":21},"end":{"line":372,"column":33}},{"start":{"line":372,"column":37},"end":{"line":372,"column":48}},{"start":{"line":373,"column":22},"end":{"line":377,"column":25}}],"line":372},"14":{"loc":{"start":{"line":395,"column":21},"end":{"line":401,"column":21}},"type":"binary-expr","locations":[{"start":{"line":395,"column":21},"end":{"line":395,"column":34}},{"start":{"line":395,"column":38},"end":{"line":395,"column":50}},{"start":{"line":396,"column":22},"end":{"line":400,"column":25}}],"line":395},"15":{"loc":{"start":{"line":418,"column":21},"end":{"line":424,"column":21}},"type":"binary-expr","locations":[{"start":{"line":418,"column":21},"end":{"line":418,"column":41}},{"start":{"line":418,"column":45},"end":{"line":418,"column":64}},{"start":{"line":419,"column":22},"end":{"line":423,"column":25}}],"line":418},"16":{"loc":{"start":{"line":450,"column":27},"end":{"line":457,"column":27}},"type":"binary-expr","locations":[{"start":{"line":450,"column":27},"end":{"line":450,"column":63}},{"start":{"line":451,"column":28},"end":{"line":456,"column":35}}],"line":450},"17":{"loc":{"start":{"line":461,"column":27},"end":{"line":468,"column":27}},"type":"binary-expr","locations":[{"start":{"line":461,"column":27},"end":{"line":461,"column":54}},{"start":{"line":462,"column":28},"end":{"line":467,"column":35}}],"line":461},"18":{"loc":{"start":{"line":494,"column":25},"end":{"line":498,"column":25}},"type":"cond-expr","locations":[{"start":{"line":495,"column":26},"end":{"line":495,"column":64}},{"start":{"line":497,"column":26},"end":{"line":497,"column":66}}],"line":494},"19":{"loc":{"start":{"line":501,"column":21},"end":{"line":594,"column":21}},"type":"binary-expr","locations":[{"start":{"line":501,"column":21},"end":{"line":501,"column":39}},{"start":{"line":502,"column":22},"end":{"line":593,"column":25}}],"line":501},"20":{"loc":{"start":{"line":504,"column":27},"end":{"line":591,"column":29}},"type":"binary-expr","locations":[{"start":{"line":504,"column":27},"end":{"line":504,"column":39}},{"start":{"line":505,"column":28},"end":{"line":591,"column":29}}],"line":504},"21":{"loc":{"start":{"line":524,"column":45},"end":{"line":527,"column":45}},"type":"binary-expr","locations":[{"start":{"line":524,"column":45},"end":{"line":525,"column":51}},{"start":{"line":526,"column":46},"end":{"line":526,"column":116}}],"line":524},"22":{"loc":{"start":{"line":535,"column":45},"end":{"line":538,"column":45}},"type":"binary-expr","locations":[{"start":{"line":535,"column":45},"end":{"line":536,"column":51}},{"start":{"line":537,"column":46},"end":{"line":537,"column":116}}],"line":535},"23":{"loc":{"start":{"line":574,"column":43},"end":{"line":576,"column":50}},"type":"cond-expr","locations":[{"start":{"line":575,"column":46},"end":{"line":575,"column":51}},{"start":{"line":576,"column":46},"end":{"line":576,"column":50}}],"line":574},"24":{"loc":{"start":{"line":616,"column":26},"end":{"line":618,"column":56}},"type":"cond-expr","locations":[{"start":{"line":617,"column":30},"end":{"line":617,"column":56}},{"start":{"line":618,"column":30},"end":{"line":618,"column":56}}],"line":616},"25":{"loc":{"start":{"line":627,"column":26},"end":{"line":629,"column":56}},"type":"cond-expr","locations":[{"start":{"line":628,"column":30},"end":{"line":628,"column":56}},{"start":{"line":629,"column":30},"end":{"line":629,"column":56}}],"line":627}},"s":{"0":1,"1":104,"2":104,"3":104,"4":103,"5":103,"6":103,"7":103,"8":103,"9":103,"10":103,"11":103,"12":103,"13":103,"14":103,"15":103,"16":2,"17":2,"18":2,"19":2,"20":2,"21":2,"22":2,"23":0,"24":0,"25":2,"26":103,"27":103,"28":0,"29":0,"30":0,"31":0,"32":0,"33":0,"34":0,"35":0,"36":0,"37":0,"38":0,"39":0,"40":0,"41":0,"42":0,"43":0,"44":0,"45":0,"46":0,"47":0,"48":0,"49":0,"50":0,"51":0,"52":0,"53":0,"54":0,"55":0,"56":0,"57":103,"58":0,"59":0,"60":0,"61":0,"62":0,"63":0,"64":0,"65":103,"66":0,"67":0,"68":0,"69":0,"70":0,"71":0,"72":0,"73":103,"74":0,"75":0,"76":0,"77":0,"78":0,"79":0,"80":0,"81":0,"82":103,"83":0,"84":0,"85":0,"86":0,"87":0,"88":0,"89":0,"90":0,"91":0,"92":103,"93":0,"94":0,"95":0,"96":0,"97":0,"98":0,"99":0,"100":0,"101":0,"102":0,"103":103,"104":0,"105":0,"106":0,"107":0,"108":103,"109":0,"110":0,"111":0,"112":0,"113":103,"114":0,"115":0,"116":0,"117":0,"118":0,"119":0,"120":0,"121":1,"122":1},"f":{"0":104,"1":2,"2":2,"3":0,"4":0,"5":0,"6":0,"7":0,"8":0,"9":0,"10":0,"11":0,"12":0,"13":0,"14":0,"15":0,"16":0,"17":0,"18":0,"19":0,"20":1,"21":1},"b":{"0":[2,0],"1":[0,0],"2":[0,0],"3":[0,0],"4":[0,0],"5":[0,0],"6":[0,0],"7":[0,0],"8":[0,0],"9":[0,0],"10":[0,0],"11":[0,0],"12":[2,101],"13":[101,82,0],"14":[101,46,0],"15":[101,24,0],"16":[101,0],"17":[101,101],"18":[0,101],"19":[101,0],"20":[0,0],"21":[0,0],"22":[0,0],"23":[0,0],"24":[100,1],"25":[1,100]},"_coverageSchema":"1a1c01bbd47fc00a2c39e90264f33305004495a9","hash":"92a25f394e09009822780a21b926e23dd0c4c64f"}
,"/Users/dev/Documents/MERN/Projects/bookNow/frontend/src/Components/Contact.jsx": {"path":"/Users/dev/Documents/MERN/Projects/bookNow/frontend/src/Components/Contact.jsx","statementMap":{"0":{"start":{"line":8,"column":23},"end":{"line":221,"column":1}},"1":{"start":{"line":9,"column":34},"end":{"line":9,"column":64}},"2":{"start":{"line":10,"column":23},"end":{"line":15,"column":3}},"3":{"start":{"line":11,"column":22},"end":{"line":11,"column":37}},"4":{"start":{"line":12,"column":19},"end":{"line":12,"column":43}},"5":{"start":{"line":13,"column":4},"end":{"line":13,"column":31}},"6":{"start":{"line":14,"column":4},"end":{"line":14,"column":24}},"7":{"start":{"line":16,"column":2},"end":{"line":220,"column":4}},"8":{"start":{"line":42,"column":29},"end":{"line":42,"column":44}},"9":{"start":{"line":73,"column":29},"end":{"line":73,"column":44}},"10":{"start":{"line":109,"column":29},"end":{"line":109,"column":44}},"11":{"start":{"line":144,"column":29},"end":{"line":144,"column":44}}},"fnMap":{"0":{"name":"(anonymous_0)","decl":{"start":{"line":8,"column":23},"end":{"line":8,"column":24}},"loc":{"start":{"line":8,"column":29},"end":{"line":221,"column":1}},"line":8},"1":{"name":"(anonymous_1)","decl":{"start":{"line":10,"column":23},"end":{"line":10,"column":24}},"loc":{"start":{"line":10,"column":34},"end":{"line":15,"column":3}},"line":10},"2":{"name":"(anonymous_2)","decl":{"start":{"line":42,"column":23},"end":{"line":42,"column":24}},"loc":{"start":{"line":42,"column":29},"end":{"line":42,"column":44}},"line":42},"3":{"name":"(anonymous_3)","decl":{"start":{"line":73,"column":23},"end":{"line":73,"column":24}},"loc":{"start":{"line":73,"column":29},"end":{"line":73,"column":44}},"line":73},"4":{"name":"(anonymous_4)","decl":{"start":{"line":109,"column":23},"end":{"line":109,"column":24}},"loc":{"start":{"line":109,"column":29},"end":{"line":109,"column":44}},"line":109},"5":{"name":"(anonymous_5)","decl":{"start":{"line":144,"column":23},"end":{"line":144,"column":24}},"loc":{"start":{"line":144,"column":29},"end":{"line":144,"column":44}},"line":144}},"branchMap":{"0":{"loc":{"start":{"line":47,"column":15},"end":{"line":55,"column":15}},"type":"cond-expr","locations":[{"start":{"line":48,"column":16},"end":{"line":50,"column":19}},{"start":{"line":52,"column":16},"end":{"line":54,"column":19}}],"line":47},"1":{"loc":{"start":{"line":57,"column":13},"end":{"line":70,"column":13}},"type":"binary-expr","locations":[{"start":{"line":57,"column":13},"end":{"line":57,"column":24}},{"start":{"line":58,"column":14},"end":{"line":69,"column":17}}],"line":57},"2":{"loc":{"start":{"line":78,"column":15},"end":{"line":86,"column":15}},"type":"cond-expr","locations":[{"start":{"line":79,"column":16},"end":{"line":81,"column":19}},{"start":{"line":83,"column":16},"end":{"line":85,"column":19}}],"line":78},"3":{"loc":{"start":{"line":88,"column":13},"end":{"line":106,"column":13}},"type":"binary-expr","locations":[{"start":{"line":88,"column":13},"end":{"line":88,"column":24}},{"start":{"line":89,"column":14},"end":{"line":105,"column":17}}],"line":88},"4":{"loc":{"start":{"line":114,"column":15},"end":{"line":122,"column":15}},"type":"cond-expr","locations":[{"start":{"line":115,"column":16},"end":{"line":117,"column":19}},{"start":{"line":119,"column":16},"end":{"line":121,"column":19}}],"line":114},"5":{"loc":{"start":{"line":124,"column":13},"end":{"line":138,"column":13}},"type":"binary-expr","locations":[{"start":{"line":124,"column":13},"end":{"line":124,"column":24}},{"start":{"line":125,"column":14},"end":{"line":137,"column":17}}],"line":124},"6":{"loc":{"start":{"line":142,"column":16},"end":{"line":142,"column":47}},"type":"cond-expr","locations":[{"start":{"line":142,"column":30},"end":{"line":142,"column":32}},{"start":{"line":142,"column":35},"end":{"line":142,"column":47}}],"line":142},"7":{"loc":{"start":{"line":149,"column":15},"end":{"line":157,"column":15}},"type":"cond-expr","locations":[{"start":{"line":150,"column":16},"end":{"line":152,"column":19}},{"start":{"line":154,"column":16},"end":{"line":156,"column":19}}],"line":149},"8":{"loc":{"start":{"line":159,"column":13},"end":{"line":168,"column":13}},"type":"binary-expr","locations":[{"start":{"line":159,"column":13},"end":{"line":159,"column":24}},{"start":{"line":160,"column":14},"end":{"line":167,"column":17}}],"line":159}},"s":{"0":2,"1":2,"2":2,"3":0,"4":0,"5":0,"6":0,"7":2,"8":0,"9":0,"10":0,"11":0},"f":{"0":2,"1":0,"2":0,"3":0,"4":0,"5":0},"b":{"0":[0,2],"1":[2,0],"2":[0,2],"3":[2,0],"4":[0,2],"5":[2,0],"6":[0,2],"7":[0,2],"8":[2,0]},"_coverageSchema":"1a1c01bbd47fc00a2c39e90264f33305004495a9","hash":"916afb02052d691be377024f63c4df00be8fb759"}
,"/Users/dev/Documents/MERN/Projects/bookNow/frontend/src/Components/EditProfileForm.jsx": {"path":"/Users/dev/Documents/MERN/Projects/bookNow/frontend/src/Components/EditProfileForm.jsx","statementMap":{"0":{"start":{"line":14,"column":31},"end":{"line":211,"column":1}},"1":{"start":{"line":15,"column":54},"end":{"line":15,"column":69}},"2":{"start":{"line":16,"column":40},"end":{"line":16,"column":55}},"3":{"start":{"line":17,"column":24},"end":{"line":23,"column":3}},"4":{"start":{"line":25,"column":28},"end":{"line":44,"column":4}},"5":{"start":{"line":29,"column":6},"end":{"line":29,"column":26}},"6":{"start":{"line":30,"column":6},"end":{"line":30,"column":27}},"7":{"start":{"line":31,"column":20},"end":{"line":31,"column":49}},"8":{"start":{"line":32,"column":23},"end":{"line":32,"column":55}},"9":{"start":{"line":33,"column":6},"end":{"line":40,"column":7}},"10":{"start":{"line":34,"column":29},"end":{"line":34,"column":48}},"11":{"start":{"line":35,"column":8},"end":{"line":35,"column":52}},"12":{"start":{"line":36,"column":8},"end":{"line":36,"column":52}},"13":{"start":{"line":37,"column":8},"end":{"line":37,"column":78}},"14":{"start":{"line":39,"column":8},"end":{"line":39,"column":71}},"15":{"start":{"line":41,"column":6},"end":{"line":41,"column":28}},"16":{"start":{"line":42,"column":6},"end":{"line":42,"column":25}},"17":{"start":{"line":45,"column":2},"end":{"line":210,"column":4}},"18":{"start":{"line":145,"column":33},"end":{"line":145,"column":75}},"19":{"start":{"line":179,"column":33},"end":{"line":179,"column":75}},"20":{"start":{"line":213,"column":0},"end":{"line":215,"column":2}}},"fnMap":{"0":{"name":"(anonymous_0)","decl":{"start":{"line":14,"column":31},"end":{"line":14,"column":32}},"loc":{"start":{"line":14,"column":57},"end":{"line":211,"column":1}},"line":14},"1":{"name":"(anonymous_1)","decl":{"start":{"line":28,"column":14},"end":{"line":28,"column":15}},"loc":{"start":{"line":28,"column":40},"end":{"line":43,"column":5}},"line":28},"2":{"name":"(anonymous_2)","decl":{"start":{"line":145,"column":27},"end":{"line":145,"column":28}},"loc":{"start":{"line":145,"column":33},"end":{"line":145,"column":75}},"line":145},"3":{"name":"(anonymous_3)","decl":{"start":{"line":179,"column":27},"end":{"line":179,"column":28}},"loc":{"start":{"line":179,"column":33},"end":{"line":179,"column":75}},"line":179}},"branchMap":{"0":{"loc":{"start":{"line":33,"column":6},"end":{"line":40,"column":7}},"type":"if","locations":[{"start":{"line":33,"column":6},"end":{"line":40,"column":7}},{"start":{"line":38,"column":13},"end":{"line":40,"column":7}}],"line":33},"1":{"loc":{"start":{"line":51,"column":9},"end":{"line":207,"column":9}},"type":"cond-expr","locations":[{"start":{"line":52,"column":10},"end":{"line":56,"column":13}},{"start":{"line":58,"column":10},"end":{"line":206,"column":13}}],"line":51},"2":{"loc":{"start":{"line":75,"column":13},"end":{"line":81,"column":20}},"type":"cond-expr","locations":[{"start":{"line":76,"column":14},"end":{"line":80,"column":17}},{"start":{"line":81,"column":16},"end":{"line":81,"column":20}}],"line":75},"3":{"loc":{"start":{"line":75,"column":13},"end":{"line":75,"column":76}},"type":"binary-expr","locations":[{"start":{"line":75,"column":13},"end":{"line":75,"column":42}},{"start":{"line":75,"column":46},"end":{"line":75,"column":76}}],"line":75},"4":{"loc":{"start":{"line":98,"column":13},"end":{"line":105,"column":20}},"type":"cond-expr","locations":[{"start":{"line":100,"column":14},"end":{"line":104,"column":17}},{"start":{"line":105,"column":16},"end":{"line":105,"column":20}}],"line":98},"5":{"loc":{"start":{"line":98,"column":13},"end":{"line":99,"column":43}},"type":"binary-expr","locations":[{"start":{"line":98,"column":13},"end":{"line":98,"column":43}},{"start":{"line":99,"column":12},"end":{"line":99,"column":43}}],"line":98},"6":{"loc":{"start":{"line":122,"column":13},"end":{"line":129,"column":20}},"type":"cond-expr","locations":[{"start":{"line":124,"column":14},"end":{"line":128,"column":17}},{"start":{"line":129,"column":16},"end":{"line":129,"column":20}}],"line":122},"7":{"loc":{"start":{"line":122,"column":13},"end":{"line":123,"column":50}},"type":"binary-expr","locations":[{"start":{"line":122,"column":13},"end":{"line":122,"column":50}},{"start":{"line":123,"column":12},"end":{"line":123,"column":50}}],"line":122},"8":{"loc":{"start":{"line":136,"column":24},"end":{"line":136,"column":64}},"type":"cond-expr","locations":[{"start":{"line":136,"column":45},"end":{"line":136,"column":51}},{"start":{"line":136,"column":54},"end":{"line":136,"column":64}}],"line":136},"9":{"loc":{"start":{"line":148,"column":19},"end":{"line":152,"column":19}},"type":"cond-expr","locations":[{"start":{"line":149,"column":20},"end":{"line":149,"column":61}},{"start":{"line":151,"column":20},"end":{"line":151,"column":55}}],"line":148},"10":{"loc":{"start":{"line":156,"column":13},"end":{"line":163,"column":20}},"type":"cond-expr","locations":[{"start":{"line":158,"column":14},"end":{"line":162,"column":17}},{"start":{"line":163,"column":16},"end":{"line":163,"column":20}}],"line":156},"11":{"loc":{"start":{"line":156,"column":13},"end":{"line":157,"column":46}},"type":"binary-expr","locations":[{"start":{"line":156,"column":13},"end":{"line":156,"column":46}},{"start":{"line":157,"column":12},"end":{"line":157,"column":46}}],"line":156},"12":{"loc":{"start":{"line":170,"column":24},"end":{"line":170,"column":64}},"type":"cond-expr","locations":[{"start":{"line":170,"column":45},"end":{"line":170,"column":51}},{"start":{"line":170,"column":54},"end":{"line":170,"column":64}}],"line":170},"13":{"loc":{"start":{"line":182,"column":19},"end":{"line":186,"column":19}},"type":"cond-expr","locations":[{"start":{"line":183,"column":20},"end":{"line":183,"column":61}},{"start":{"line":185,"column":20},"end":{"line":185,"column":55}}],"line":182},"14":{"loc":{"start":{"line":190,"column":13},"end":{"line":197,"column":20}},"type":"cond-expr","locations":[{"start":{"line":192,"column":14},"end":{"line":196,"column":17}},{"start":{"line":197,"column":16},"end":{"line":197,"column":20}}],"line":190},"15":{"loc":{"start":{"line":190,"column":13},"end":{"line":191,"column":54}},"type":"binary-expr","locations":[{"start":{"line":190,"column":13},"end":{"line":190,"column":54}},{"start":{"line":191,"column":12},"end":{"line":191,"column":54}}],"line":190}},"s":{"0":1,"1":1,"2":1,"3":1,"4":1,"5":0,"6":0,"7":0,"8":0,"9":0,"10":0,"11":0,"12":0,"13":0,"14":0,"15":0,"16":0,"17":1,"18":0,"19":0,"20":1},"f":{"0":1,"1":0,"2":0,"3":0},"b":{"0":[0,0],"1":[0,1],"2":[0,1],"3":[1,0],"4":[0,1],"5":[1,0],"6":[0,1],"7":[1,0],"8":[0,1],"9":[1,0],"10":[0,1],"11":[1,0],"12":[0,1],"13":[1,0],"14":[0,1],"15":[1,0]},"_coverageSchema":"1a1c01bbd47fc00a2c39e90264f33305004495a9","hash":"7b6c51174a3d5042101cbf9b1d277c72ee83093b"}
,"/Users/dev/Documents/MERN/Projects/bookNow/frontend/src/Components/Home.jsx": {"path":"/Users/dev/Documents/MERN/Projects/bookNow/frontend/src/Components/Home.jsx","statementMap":{"0":{"start":{"line":6,"column":20},"end":{"line":33,"column":1}},"1":{"start":{"line":7,"column":19},"end":{"line":7,"column":32}},"2":{"start":{"line":8,"column":19},"end":{"line":8,"column":32}},"3":{"start":{"line":9,"column":2},"end":{"line":19,"column":24}},"4":{"start":{"line":10,"column":25},"end":{"line":10,"column":61}},"5":{"start":{"line":11,"column":18},"end":{"line":11,"column":43}},"6":{"start":{"line":12,"column":4},"end":{"line":18,"column":5}},"7":{"start":{"line":13,"column":6},"end":{"line":13,"column":34}},"8":{"start":{"line":14,"column":6},"end":{"line":14,"column":43}},"9":{"start":{"line":15,"column":6},"end":{"line":15,"column":51}},"10":{"start":{"line":16,"column":6},"end":{"line":16,"column":59}},"11":{"start":{"line":17,"column":6},"end":{"line":17,"column":55}},"12":{"start":{"line":21,"column":2},"end":{"line":32,"column":4}}},"fnMap":{"0":{"name":"(anonymous_0)","decl":{"start":{"line":6,"column":20},"end":{"line":6,"column":21}},"loc":{"start":{"line":6,"column":26},"end":{"line":33,"column":1}},"line":6},"1":{"name":"(anonymous_1)","decl":{"start":{"line":9,"column":12},"end":{"line":9,"column":13}},"loc":{"start":{"line":9,"column":18},"end":{"line":19,"column":3}},"line":9}},"branchMap":{"0":{"loc":{"start":{"line":12,"column":4},"end":{"line":18,"column":5}},"type":"if","locations":[{"start":{"line":12,"column":4},"end":{"line":18,"column":5}},{"start":{},"end":{}}],"line":12}},"s":{"0":0,"1":0,"2":0,"3":0,"4":0,"5":0,"6":0,"7":0,"8":0,"9":0,"10":0,"11":0,"12":0},"f":{"0":0,"1":0},"b":{"0":[0,0]}}
,"/Users/dev/Documents/MERN/Projects/bookNow/frontend/src/Components/Homepage.jsx": {"path":"/Users/dev/Documents/MERN/Projects/bookNow/frontend/src/Components/Homepage.jsx","statementMap":{"0":{"start":{"line":8,"column":24},"end":{"line":148,"column":1}},"1":{"start":{"line":9,"column":19},"end":{"line":9,"column":32}},"2":{"start":{"line":10,"column":25},"end":{"line":12,"column":3}},"3":{"start":{"line":11,"column":4},"end":{"line":11,"column":34}},"4":{"start":{"line":14,"column":2},"end":{"line":147,"column":4}},"5":{"start":{"line":47,"column":27},"end":{"line":47,"column":50}},"6":{"start":{"line":60,"column":27},"end":{"line":60,"column":53}},"7":{"start":{"line":75,"column":27},"end":{"line":75,"column":50}},"8":{"start":{"line":88,"column":27},"end":{"line":88,"column":53}},"9":{"start":{"line":103,"column":27},"end":{"line":103,"column":51}},"10":{"start":{"line":116,"column":27},"end":{"line":116,"column":52}},"11":{"start":{"line":129,"column":27},"end":{"line":129,"column":49}}},"fnMap":{"0":{"name":"(anonymous_0)","decl":{"start":{"line":8,"column":24},"end":{"line":8,"column":25}},"loc":{"start":{"line":8,"column":30},"end":{"line":148,"column":1}},"line":8},"1":{"name":"(anonymous_1)","decl":{"start":{"line":10,"column":25},"end":{"line":10,"column":26}},"loc":{"start":{"line":10,"column":39},"end":{"line":12,"column":3}},"line":10},"2":{"name":"(anonymous_2)","decl":{"start":{"line":47,"column":21},"end":{"line":47,"column":22}},"loc":{"start":{"line":47,"column":27},"end":{"line":47,"column":50}},"line":47},"3":{"name":"(anonymous_3)","decl":{"start":{"line":60,"column":21},"end":{"line":60,"column":22}},"loc":{"start":{"line":60,"column":27},"end":{"line":60,"column":53}},"line":60},"4":{"name":"(anonymous_4)","decl":{"start":{"line":75,"column":21},"end":{"line":75,"column":22}},"loc":{"start":{"line":75,"column":27},"end":{"line":75,"column":50}},"line":75},"5":{"name":"(anonymous_5)","decl":{"start":{"line":88,"column":21},"end":{"line":88,"column":22}},"loc":{"start":{"line":88,"column":27},"end":{"line":88,"column":53}},"line":88},"6":{"name":"(anonymous_6)","decl":{"start":{"line":103,"column":21},"end":{"line":103,"column":22}},"loc":{"start":{"line":103,"column":27},"end":{"line":103,"column":51}},"line":103},"7":{"name":"(anonymous_7)","decl":{"start":{"line":116,"column":21},"end":{"line":116,"column":22}},"loc":{"start":{"line":116,"column":27},"end":{"line":116,"column":52}},"line":116},"8":{"name":"(anonymous_8)","decl":{"start":{"line":129,"column":21},"end":{"line":129,"column":22}},"loc":{"start":{"line":129,"column":27},"end":{"line":129,"column":49}},"line":129}},"branchMap":{},"s":{"0":1,"1":1,"2":1,"3":7,"4":1,"5":1,"6":1,"7":1,"8":1,"9":1,"10":1,"11":1},"f":{"0":1,"1":7,"2":1,"3":1,"4":1,"5":1,"6":1,"7":1,"8":1},"b":{},"_coverageSchema":"1a1c01bbd47fc00a2c39e90264f33305004495a9","hash":"7780662bc511109d61a065dba848ff734ad97ed9"}
,"/Users/dev/Documents/MERN/Projects/bookNow/frontend/src/Components/Hotel.jsx": {"path":"/Users/dev/Documents/MERN/Projects/bookNow/frontend/src/Components/Hotel.jsx","statementMap":{"0":{"start":{"line":32,"column":21},"end":{"line":696,"column":1}},"1":{"start":{"line":33,"column":17},"end":{"line":42,"column":3}},"2":{"start":{"line":43,"column":25},"end":{"line":50,"column":3}},"3":{"start":{"line":52,"column":19},"end":{"line":52,"column":32}},"4":{"start":{"line":53,"column":42},"end":{"line":53,"column":52}},"5":{"start":{"line":54,"column":22},"end":{"line":54,"column":33}},"6":{"start":{"line":55,"column":42},"end":{"line":55,"column":57}},"7":{"start":{"line":56,"column":66},"end":{"line":56,"column":76}},"8":{"start":{"line":57,"column":36},"end":{"line":57,"column":50}},"9":{"start":{"line":58,"column":42},"end":{"line":58,"column":52}},"10":{"start":{"line":59,"column":68},"end":{"line":59,"column":79}},"11":{"start":{"line":61,"column":15},"end":{"line":61,"column":25}},"12":{"start":{"line":62,"column":16},"end":{"line":66,"column":3}},"13":{"start":{"line":67,"column":18},"end":{"line":72,"column":3}},"14":{"start":{"line":73,"column":48},"end":{"line":76,"column":4}},"15":{"start":{"line":78,"column":2},"end":{"line":100,"column":16}},"16":{"start":{"line":79,"column":4},"end":{"line":79,"column":23}},"17":{"start":{"line":80,"column":27},"end":{"line":97,"column":5}},"18":{"start":{"line":81,"column":23},"end":{"line":81,"column":48}},"19":{"start":{"line":82,"column":6},"end":{"line":96,"column":7}},"20":{"start":{"line":83,"column":8},"end":{"line":83,"column":30}},"21":{"start":{"line":84,"column":21},"end":{"line":88,"column":9}},"22":{"start":{"line":89,"column":8},"end":{"line":89,"column":30}},"23":{"start":{"line":90,"column":8},"end":{"line":92,"column":10}},"24":{"start":{"line":93,"column":8},"end":{"line":93,"column":39}},"25":{"start":{"line":95,"column":8},"end":{"line":95,"column":74}},"26":{"start":{"line":98,"column":4},"end":{"line":98,"column":28}},"27":{"start":{"line":99,"column":4},"end":{"line":99,"column":24}},"28":{"start":{"line":102,"column":22},"end":{"line":124,"column":3}},"29":{"start":{"line":103,"column":4},"end":{"line":123,"column":5}},"30":{"start":{"line":104,"column":27},"end":{"line":104,"column":49}},"31":{"start":{"line":105,"column":6},"end":{"line":105,"column":54}},"32":{"start":{"line":106,"column":6},"end":{"line":111,"column":9}},"33":{"start":{"line":112,"column":6},"end":{"line":112,"column":41}},"34":{"start":{"line":114,"column":27},"end":{"line":114,"column":49}},"35":{"start":{"line":115,"column":6},"end":{"line":115,"column":54}},"36":{"start":{"line":116,"column":6},"end":{"line":121,"column":9}},"37":{"start":{"line":122,"column":6},"end":{"line":122,"column":41}},"38":{"start":{"line":125,"column":62},"end":{"line":125,"column":74}},"39":{"start":{"line":126,"column":37},"end":{"line":130,"column":3}},"40":{"start":{"line":127,"column":26},"end":{"line":127,"column":57}},"41":{"start":{"line":128,"column":4},"end":{"line":128,"column":49}},"42":{"start":{"line":129,"column":4},"end":{"line":129,"column":47}},"43":{"start":{"line":132,"column":24},"end":{"line":135,"column":3}},"44":{"start":{"line":133,"column":4},"end":{"line":133,"column":30}},"45":{"start":{"line":134,"column":4},"end":{"line":134,"column":63}},"46":{"start":{"line":136,"column":2},"end":{"line":695,"column":4}},"47":{"start":{"line":155,"column":20},"end":{"line":160,"column":22}},"48":{"start":{"line":204,"column":37},"end":{"line":204,"column":67}},"49":{"start":{"line":329,"column":43},"end":{"line":329,"column":62}},"50":{"start":{"line":340,"column":43},"end":{"line":340,"column":62}},"51":{"start":{"line":415,"column":30},"end":{"line":442,"column":36}},"52":{"start":{"line":435,"column":40},"end":{"line":437,"column":47}},"53":{"start":{"line":476,"column":30},"end":{"line":490,"column":33}},"54":{"start":{"line":480,"column":36},"end":{"line":480,"column":71}},"55":{"start":{"line":577,"column":41},"end":{"line":577,"column":56}},"56":{"start":{"line":593,"column":26},"end":{"line":666,"column":29}},"57":{"start":{"line":595,"column":45},"end":{"line":595,"column":78}},"58":{"start":{"line":675,"column":39},"end":{"line":675,"column":54}}},"fnMap":{"0":{"name":"(anonymous_0)","decl":{"start":{"line":32,"column":21},"end":{"line":32,"column":22}},"loc":{"start":{"line":32,"column":27},"end":{"line":696,"column":1}},"line":32},"1":{"name":"(anonymous_1)","decl":{"start":{"line":78,"column":12},"end":{"line":78,"column":13}},"loc":{"start":{"line":78,"column":18},"end":{"line":100,"column":3}},"line":78},"2":{"name":"(anonymous_2)","decl":{"start":{"line":80,"column":27},"end":{"line":80,"column":28}},"loc":{"start":{"line":80,"column":41},"end":{"line":97,"column":5}},"line":80},"3":{"name":"(anonymous_3)","decl":{"start":{"line":102,"column":22},"end":{"line":102,"column":23}},"loc":{"start":{"line":102,"column":38},"end":{"line":124,"column":3}},"line":102},"4":{"name":"(anonymous_4)","decl":{"start":{"line":126,"column":37},"end":{"line":126,"column":38}},"loc":{"start":{"line":126,"column":48},"end":{"line":130,"column":3}},"line":126},"5":{"name":"(anonymous_5)","decl":{"start":{"line":132,"column":24},"end":{"line":132,"column":25}},"loc":{"start":{"line":132,"column":30},"end":{"line":135,"column":3}},"line":132},"6":{"name":"(anonymous_6)","decl":{"start":{"line":154,"column":43},"end":{"line":154,"column":44}},"loc":{"start":{"line":155,"column":20},"end":{"line":160,"column":22}},"line":155},"7":{"name":"(anonymous_7)","decl":{"start":{"line":204,"column":31},"end":{"line":204,"column":32}},"loc":{"start":{"line":204,"column":37},"end":{"line":204,"column":67}},"line":204},"8":{"name":"(anonymous_8)","decl":{"start":{"line":329,"column":37},"end":{"line":329,"column":38}},"loc":{"start":{"line":329,"column":43},"end":{"line":329,"column":62}},"line":329},"9":{"name":"(anonymous_9)","decl":{"start":{"line":340,"column":37},"end":{"line":340,"column":38}},"loc":{"start":{"line":340,"column":43},"end":{"line":340,"column":62}},"line":340},"10":{"name":"(anonymous_10)","decl":{"start":{"line":414,"column":53},"end":{"line":414,"column":54}},"loc":{"start":{"line":415,"column":30},"end":{"line":442,"column":36}},"line":415},"11":{"name":"(anonymous_11)","decl":{"start":{"line":434,"column":38},"end":{"line":434,"column":39}},"loc":{"start":{"line":435,"column":40},"end":{"line":437,"column":47}},"line":435},"12":{"name":"(anonymous_12)","decl":{"start":{"line":475,"column":28},"end":{"line":475,"column":29}},"loc":{"start":{"line":476,"column":30},"end":{"line":490,"column":33}},"line":476},"13":{"name":"(anonymous_13)","decl":{"start":{"line":479,"column":43},"end":{"line":479,"column":44}},"loc":{"start":{"line":480,"column":36},"end":{"line":480,"column":71}},"line":480},"14":{"name":"(anonymous_14)","decl":{"start":{"line":577,"column":35},"end":{"line":577,"column":36}},"loc":{"start":{"line":577,"column":41},"end":{"line":577,"column":56}},"line":577},"15":{"name":"(anonymous_15)","decl":{"start":{"line":592,"column":54},"end":{"line":592,"column":55}},"loc":{"start":{"line":593,"column":26},"end":{"line":666,"column":29}},"line":593},"16":{"name":"(anonymous_16)","decl":{"start":{"line":595,"column":39},"end":{"line":595,"column":40}},"loc":{"start":{"line":595,"column":45},"end":{"line":595,"column":78}},"line":595},"17":{"name":"(anonymous_17)","decl":{"start":{"line":675,"column":33},"end":{"line":675,"column":34}},"loc":{"start":{"line":675,"column":39},"end":{"line":675,"column":54}},"line":675}},"branchMap":{"0":{"loc":{"start":{"line":82,"column":6},"end":{"line":96,"column":7}},"type":"if","locations":[{"start":{"line":82,"column":6},"end":{"line":96,"column":7}},{"start":{"line":94,"column":13},"end":{"line":96,"column":7}}],"line":82},"1":{"loc":{"start":{"line":103,"column":4},"end":{"line":123,"column":5}},"type":"if","locations":[{"start":{"line":103,"column":4},"end":{"line":123,"column":5}},{"start":{"line":113,"column":11},"end":{"line":123,"column":5}}],"line":103},"2":{"loc":{"start":{"line":138,"column":7},"end":{"line":692,"column":7}},"type":"cond-expr","locations":[{"start":{"line":139,"column":8},"end":{"line":143,"column":11}},{"start":{"line":145,"column":8},"end":{"line":691,"column":9}}],"line":138},"3":{"loc":{"start":{"line":145,"column":8},"end":{"line":691,"column":9}},"type":"binary-expr","locations":[{"start":{"line":145,"column":8},"end":{"line":145,"column":20}},{"start":{"line":146,"column":10},"end":{"line":690,"column":16}}],"line":145},"4":{"loc":{"start":{"line":197,"column":23},"end":{"line":199,"column":50}},"type":"cond-expr","locations":[{"start":{"line":198,"column":26},"end":{"line":198,"column":64}},{"start":{"line":199,"column":26},"end":{"line":199,"column":50}}],"line":197},"5":{"loc":{"start":{"line":206,"column":23},"end":{"line":206,"column":70}},"type":"cond-expr","locations":[{"start":{"line":206,"column":39},"end":{"line":206,"column":53}},{"start":{"line":206,"column":56},"end":{"line":206,"column":70}}],"line":206},"6":{"loc":{"start":{"line":219,"column":28},"end":{"line":219,"column":76}},"type":"cond-expr","locations":[{"start":{"line":219,"column":57},"end":{"line":219,"column":59}},{"start":{"line":219,"column":62},"end":{"line":219,"column":76}}],"line":219},"7":{"loc":{"start":{"line":229,"column":28},"end":{"line":229,"column":76}},"type":"cond-expr","locations":[{"start":{"line":229,"column":57},"end":{"line":229,"column":59}},{"start":{"line":229,"column":62},"end":{"line":229,"column":76}}],"line":229},"8":{"loc":{"start":{"line":239,"column":28},"end":{"line":239,"column":76}},"type":"cond-expr","locations":[{"start":{"line":239,"column":57},"end":{"line":239,"column":59}},{"start":{"line":239,"column":62},"end":{"line":239,"column":76}}],"line":239},"9":{"loc":{"start":{"line":249,"column":28},"end":{"line":249,"column":76}},"type":"cond-expr","locations":[{"start":{"line":249,"column":57},"end":{"line":249,"column":59}},{"start":{"line":249,"column":62},"end":{"line":249,"column":76}}],"line":249},"10":{"loc":{"start":{"line":259,"column":28},"end":{"line":259,"column":76}},"type":"cond-expr","locations":[{"start":{"line":259,"column":57},"end":{"line":259,"column":59}},{"start":{"line":259,"column":62},"end":{"line":259,"column":76}}],"line":259},"11":{"loc":{"start":{"line":272,"column":28},"end":{"line":272,"column":76}},"type":"cond-expr","locations":[{"start":{"line":272,"column":57},"end":{"line":272,"column":59}},{"start":{"line":272,"column":62},"end":{"line":272,"column":76}}],"line":272},"12":{"loc":{"start":{"line":282,"column":28},"end":{"line":282,"column":76}},"type":"cond-expr","locations":[{"start":{"line":282,"column":57},"end":{"line":282,"column":59}},{"start":{"line":282,"column":62},"end":{"line":282,"column":76}}],"line":282},"13":{"loc":{"start":{"line":292,"column":28},"end":{"line":292,"column":76}},"type":"cond-expr","locations":[{"start":{"line":292,"column":57},"end":{"line":292,"column":59}},{"start":{"line":292,"column":62},"end":{"line":292,"column":76}}],"line":292},"14":{"loc":{"start":{"l
[...]
,"/Users/dev/Documents/MERN/Projects/bookNow/frontend/src/ValidationSchemas/SignInSchema.jsx": {"path":"/Users/dev/Documents/MERN/Projects/bookNow/frontend/src/ValidationSchemas/SignInSchema.jsx","statementMap":{"0":{"start":{"line":2,"column":28},"end":{"line":5,"column":2}}},"fnMap":{},"branchMap":{},"s":{"0":1},"f":{},"b":{},"_coverageSchema":"1a1c01bbd47fc00a2c39e90264f33305004495a9","hash":"5d610dbe38262198a982ad3669e80bfa9335155e"}
,"/Users/dev/Documents/MERN/Projects/bookNow/frontend/src/ValidationSchemas/SignUpSchema.jsx": {"path":"/Users/dev/Documents/MERN/Projects/bookNow/frontend/src/ValidationSchemas/SignUpSchema.jsx","statementMap":{"0":{"start":{"line":2,"column":28},"end":{"line":19,"column":2}}},"fnMap":{},"branchMap":{},"s":{"0":1},"f":{},"b":{},"_coverageSchema":"1a1c01bbd47fc00a2c39e90264f33305004495a9","hash":"e8db9fbccb0cb3fe76c678a58e6daebaad2e1fe1"}
,"/Users/dev/Documents/MERN/Projects/bookNow/frontend/src/ValidationSchemas/hotelBookingFormSchema.jsx": {"path":"/Users/dev/Documents/MERN/Projects/bookNow/frontend/src/ValidationSchemas/hotelBookingFormSchema.jsx","statementMap":{"0":{"start":{"line":2,"column":38},"end":{"line":9,"column":2}}},"fnMap":{},"branchMap":{},"s":{"0":1},"f":{},"b":{},"_coverageSchema":"1a1c01bbd47fc00a2c39e90264f33305004495a9","hash":"d776a7643fa4b1269dbb14bafa92da0d337210ee"}
,"/Users/dev/Documents/MERN/Projects/bookNow/frontend/src/ValidationSchemas/index.jsx": {"path":"/Users/dev/Documents/MERN/Projects/bookNow/frontend/src/ValidationSchemas/index.jsx","statementMap":{"0":{"start":{"line":2,"column":30},"end":{"line":13,"column":2}}},"fnMap":{},"branchMap":{},"s":{"0":0},"f":{},"b":{}}
,"/Users/dev/Documents/MERN/Projects/bookNow/frontend/src/assets/data/BookingDetailsData.jsx": {"path":"/Users/dev/Documents/MERN/Projects/bookNow/frontend/src/assets/data/BookingDetailsData.jsx","statementMap":{"0":{"start":{"line":1,"column":20},"end":{"line":15,"column":1}}},"fnMap":{},"branchMap":{},"s":{"0":0},"f":{},"b":{}}
,"/Users/dev/Documents/MERN/Projects/bookNow/frontend/src/assets/data/CitiesData.jsx": {"path":"/Users/dev/Documents/MERN/Projects/bookNow/frontend/src/assets/data/CitiesData.jsx","statementMap":{"0":{"start":{"line":3,"column":15},"end":{"line":620,"column":1}}},"fnMap":{},"branchMap":{},"s":{"0":0},"f":{},"b":{}}
,"/Users/dev/Documents/MERN/Projects/bookNow/frontend/src/assets/data/reviewTempData.jsx": {"path":"/Users/dev/Documents/MERN/Projects/bookNow/frontend/src/assets/data/reviewTempData.jsx","statementMap":{"0":{"start":{"line":1,"column":16},"end":{"line":47,"column":1}}},"fnMap":{},"branchMap":{},"s":{"0":0},"f":{},"b":{}}
,"/Users/dev/Documents/MERN/Projects/bookNow/frontend/src/assets/data/trendingData.js": {"path":"/Users/dev/Documents/MERN/Projects/bookNow/frontend/src/assets/data/trendingData.js","statementMap":{"0":{"start":{"line":1,"column":26},"end":{"line":4,"column":1}},"1":{"start":{"line":6,"column":27},"end":{"line":12,"column":1}}},"fnMap":{},"branchMap":{},"s":{"0":1,"1":1},"f":{},"b":{},"_coverageSchema":"1a1c01bbd47fc00a2c39e90264f33305004495a9","hash":"465c49b12475bbad46529b716b201e468e6625b2"}
,"/Users/dev/Documents/MERN/Projects/bookNow/frontend/src/utils/CirculareSpinner.jsx": {"path":"/Users/dev/Documents/MERN/Projects/bookNow/frontend/src/utils/CirculareSpinner.jsx","statementMap":{"0":{"start":{"line":3,"column":25},"end":{"line":15,"column":1}},"1":{"start":{"line":4,"column":23},"end":{"line":9,"column":3}},"2":{"start":{"line":10,"column":2},"end":{"line":14,"column":4}}},"fnMap":{"0":{"name":"(anonymous_0)","decl":{"start":{"line":3,"column":25},"end":{"line":3,"column":26}},"loc":{"start":{"line":3,"column":31},"end":{"line":15,"column":1}},"line":3}},"branchMap":{},"s":{"0":3,"1":2,"2":2},"f":{"0":2},"b":{},"_coverageSchema":"1a1c01bbd47fc00a2c39e90264f33305004495a9","hash":"c8bc514076b89f60ad91b9f9d7444a85fc8070dc"}
,"/Users/dev/Documents/MERN/Projects/bookNow/frontend/src/utils/Spinners.jsx": {"path":"/Users/dev/Documents/MERN/Projects/bookNow/frontend/src/utils/Spinners.jsx","statementMap":{"0":{"start":{"line":3,"column":17},"end":{"line":15,"column":1}},"1":{"start":{"line":4,"column":23},"end":{"line":9,"column":3}},"2":{"start":{"line":10,"column":2},"end":{"line":14,"column":4}}},"fnMap":{"0":{"name":"(anonymous_0)","decl":{"start":{"line":3,"column":17},"end":{"line":3,"column":18}},"loc":{"start":{"line":3,"column":23},"end":{"line":15,"column":1}},"line":3}},"branchMap":{},"s":{"0":4,"1":11,"2":11},"f":{"0":11},"b":{},"_coverageSchema":"1a1c01bbd47fc00a2c39e90264f33305004495a9","hash":"0645a00014b72b2dc72efcda47194242905229c3"}
,"/Users/dev/Documents/MERN/Projects/bookNow/frontend/src/utils/api.jsx": {"path":"/Users/dev/Documents/MERN/Projects/bookNow/frontend/src/utils/api.jsx","statementMap":{"0":{"start":{"line":4,"column":22},"end":{"line":12,"column":1}},"1":{"start":{"line":5,"column":2},"end":{"line":11,"column":3}},"2":{"start":{"line":6,"column":21},"end":{"line":6,"column":70}},"3":{"start":{"line":7,"column":21},"end":{"line":7,"column":34}},"4":{"start":{"line":8,"column":4},"end":{"line":8,"column":41}},"5":{"start":{"line":10,"column":4},"end":{"line":10,"column":64}},"6":{"start":{"line":14,"column":22},"end":{"line":22,"column":1}},"7":{"start":{"line":15,"column":2},"end":{"line":21,"column":3}},"8":{"start":{"line":16,"column":21},"end":{"line":16,"column":70}},"9":{"start":{"line":17,"column":21},"end":{"line":17,"column":34}},"10":{"start":{"line":18,"column":4},"end":{"line":18,"column":35}},"11":{"start":{"line":20,"column":4},"end":{"line":20,"column":64}},"12":{"start":{"line":24,"column":33},"end":{"line":32,"column":1}},"13":{"start":{"line":25,"column":2},"end":{"line":31,"column":3}},"14":{"start":{"line":26,"column":21},"end":{"line":26,"column":73}},"15":{"start":{"line":27,"column":21},"end":{"line":27,"column":34}},"16":{"start":{"line":28,"column":4},"end":{"line":28,"column":35}},"17":{"start":{"line":30,"column":4},"end":{"line":30,"column":64}},"18":{"start":{"line":34,"column":31},"end":{"line":42,"column":1}},"19":{"start":{"line":35,"column":2},"end":{"line":41,"column":3}},"20":{"start":{"line":36,"column":21},"end":{"line":36,"column":75}},"21":{"start":{"line":37,"column":21},"end":{"line":37,"column":34}},"22":{"start":{"line":38,"column":4},"end":{"line":38,"column":35}},"23":{"start":{"line":40,"column":4},"end":{"line":40,"column":64}},"24":{"start":{"line":44,"column":31},"end":{"line":54,"column":1}},"25":{"start":{"line":45,"column":2},"end":{"line":53,"column":3}},"26":{"start":{"line":46,"column":21},"end":{"line":48,"column":5}},"27":{"start":{"line":49,"column":21},"end":{"line":49,"column":34}},"28":{"start":{"line":50,"column":4},"end":{"line":50,"column":35}},"29":{"start":{"line":52,"column":4},"end":{"line":52,"column":64}},"30":{"start":{"line":56,"column":30},"end":{"line":69,"column":1}},"31":{"start":{"line":57,"column":2},"end":{"line":68,"column":3}},"32":{"start":{"line":58,"column":20},"end":{"line":58,"column":39}},"33":{"start":{"line":59,"column":21},"end":{"line":63,"column":5}},"34":{"start":{"line":64,"column":21},"end":{"line":64,"column":34}},"35":{"start":{"line":65,"column":4},"end":{"line":65,"column":35}},"36":{"start":{"line":67,"column":4},"end":{"line":67,"column":64}},"37":{"start":{"line":71,"column":35},"end":{"line":85,"column":1}},"38":{"start":{"line":72,"column":2},"end":{"line":84,"column":3}},"39":{"start":{"line":73,"column":20},"end":{"line":73,"column":39}},"40":{"start":{"line":74,"column":21},"end":{"line":78,"column":5}},"41":{"start":{"line":80,"column":21},"end":{"line":80,"column":34}},"42":{"start":{"line":81,"column":4},"end":{"line":81,"column":35}},"43":{"start":{"line":83,"column":4},"end":{"line":83,"column":64}},"44":{"start":{"line":87,"column":29},"end":{"line":95,"column":1}},"45":{"start":{"line":88,"column":2},"end":{"line":94,"column":3}},"46":{"start":{"line":89,"column":21},"end":{"line":89,"column":79}},"47":{"start":{"line":90,"column":24},"end":{"line":90,"column":37}},"48":{"start":{"line":91,"column":4},"end":{"line":91,"column":38}},"49":{"start":{"line":93,"column":4},"end":{"line":93,"column":64}},"50":{"start":{"line":97,"column":32},"end":{"line":108,"column":1}},"51":{"start":{"line":98,"column":2},"end":{"line":107,"column":3}},"52":{"start":{"line":99,"column":20},"end":{"line":99,"column":39}},"53":{"start":{"line":100,"column":21},"end":{"line":102,"column":6}},"54":{"start":{"line":103,"column":21},"end":{"line":103,"column":34}},"55":{"start":{"line":104,"column":4},"end":{"line":104,"column":41}},"56":{"start":{"line":106,"column":4},"end":{"line":106,"column":64}},"57":{"start":{"line":110,"column":35},"end":{"line":121,"column":1}},"58":{"start":{"line":111,"column":2},"end":{"line":120,"column":3}},"59":{"start":{"line":112,"column":20},"end":{"line":112,"column":39}},"60":{"start":{"line":113,"column":21},"end":{"line":115,"column":6}},"61":{"start":{"line":116,"column":21},"end":{"line":116,"column":34}},"62":{"start":{"line":117,"column":4},"end":{"line":117,"column":41}},"63":{"start":{"line":119,"column":4},"end":{"line":119,"column":64}},"64":{"start":{"line":123,"column":28},"end":{"line":134,"column":1}},"65":{"start":{"line":124,"column":2},"end":{"line":133,"column":3}},"66":{"start":{"line":125,"column":20},"end":{"line":125,"column":39}},"67":{"start":{"line":126,"column":21},"end":{"line":128,"column":6}},"68":{"start":{"line":129,"column":21},"end":{"line":129,"column":34}},"69":{"start":{"line":130,"column":4},"end":{"line":130,"column":41}},"70":{"start":{"line":132,"column":4},"end":{"line":132,"column":64}},"71":{"start":{"line":136,"column":28},"end":{"line":147,"column":1}},"72":{"start":{"line":137,"column":2},"end":{"line":146,"column":3}},"73":{"start":{"line":138,"column":20},"end":{"line":138,"column":39}},"74":{"start":{"line":139,"column":21},"end":{"line":141,"column":6}},"75":{"start":{"line":142,"column":21},"end":{"line":142,"column":34}},"76":{"start":{"line":143,"column":4},"end":{"line":143,"column":41}},"77":{"start":{"line":145,"column":4},"end":{"line":145,"column":64}},"78":{"start":{"line":149,"column":26},"end":{"line":160,"column":1}},"79":{"start":{"line":150,"column":2},"end":{"line":159,"column":3}},"80":{"start":{"line":151,"column":20},"end":{"line":151,"column":39}},"81":{"start":{"line":152,"column":21},"end":{"line":154,"column":6}},"82":{"start":{"line":155,"column":21},"end":{"line":155,"column":34}},"83":{"start":{"line":156,"column":4},"end":{"line":156,"column":41}},"84":{"start":{"line":158,"column":4},"end":{"line":158,"column":64}},"85":{"start":{"line":162,"column":32},"end":{"line":173,"column":1}},"86":{"start":{"line":163,"column":2},"end":{"line":172,"column":3}},"87":{"start":{"line":164,"column":20},"end":{"line":164,"column":39}},"88":{"start":{"line":165,"column":21},"end":{"line":167,"column":6}},"89":{"start":{"line":168,"column":21},"end":{"line":168,"column":34}},"90":{"start":{"line":169,"column":4},"end":{"line":169,"column":41}},"91":{"start":{"line":171,"column":4},"end":{"line":171,"column":64}},"92":{"start":{"line":175,"column":32},"end":{"line":187,"column":1}},"93":{"start":{"line":176,"column":2},"end":{"line":186,"column":3}},"94":{"start":{"line":177,"column":20},"end":{"line":177,"column":39}},"95":{"start":{"line":178,"column":21},"end":{"line":181,"column":5}},"96":{"start":{"line":182,"column":21},"end":{"line":182,"column":34}},"97":{"start":{"line":183,"column":4},"end":{"line":183,"column":41}},"98":{"start":{"line":185,"column":4},"end":{"line":185,"column":64}},"99":{"start":{"line":189,"column":35},"end":{"line":201,"column":1}},"100":{"start":{"line":190,"column":2},"end":{"line":200,"column":3}},"101":{"start":{"line":191,"column":20},"end":{"line":191,"column":39}},"102":{"start":{"line":192,"column":21},"end":{"line":195,"column":5}},"103":{"start":{"line":196,"column":21},"end":{"line":196,"column":34}},"104":{"start":{"line":197,"column":4},"end":{"line":197,"column":41}},"105":{"start":{"line":199,"column":4},"end":{"line":199,"column":64}},"106":{"start":{"line":203,"column":29},"end":{"line":215,"column":1}},"107":{"start":{"line":204,"column":2},"end":{"line":214,"column":3}},"108":{"start":{"line":205,"column":20},"end":{"line":205,"column":39}},"109":{"start":{"line":206,"column":21},"end":{"line":209,"column":5}},"110":{"start":{"line":210,"column":21},"end":{"line":210,"column":34}},"111":{"start":{"line":211,"column":4},"end":{"line":211,"column":41}},"112":{"start":{"line":213,"column":4},"end":{"line":213,"column":64}},"113":{"start":{"line":217,"column":27},"end":{"line":232,"column":1}},"114":{"start":{"line":218,"column":2},"end":{"line":231,"column":3}},"115":{"start":{"line":219,"column":20},"end":{"line":219,"column":39}},"116":{"start":{"line":220,"column":21},"end":{"line":226,"column":5}},"117":{"start":{"line":227,"column":21},"end":{"line":227,"column":34}},"118":{"start":{"line":228,"column":4},"end":{"line":228,"column":41}},"119":{"start":{"line":230,"column":4},"end":{"line":230,"column":64}}},"fnMap":{"0":{"name":"(anonymous_0)","decl":{"start":{"line":4,"column":22},"end":{"line":4,"column":23}},"loc":{"start":{"line":4,"column":44},"end":{"line":12,"column":1}},"line":4},"1":{"name":"(anonymous_1)","decl":{"start":{"line":14,"column":22},"end":{"line":14,"column":23}},"loc":{"start":{"line":14,"column":44},"end":{"line":22,"column":1}},"line":14},"2":{"name":"(anonymous_2)","decl":{"start":{"line":24,"column":33},"end":{"line":24,"column":34}},"loc":{"start":{"line":24,"column":53},"end":{"line":32,"column":1}},"line":24},"3":{"name":"(anonymous_3)","decl":{"start":{"line":34,"column":31},"end":{"line":34,"column":32}},"loc":{"start":{"line":34,"column":50},"end":{"line":42,"column":1}},"line":34},"4":{"name":"(anonymous_4)","decl":{"start":{"line":44,"column":31},"end":{"line":44,"column":32}},"loc":{"start":{"line":44,"column":52},"end":{"line":54,"column":1}},"line":44},"5":{"name":"(anonymous_5)","decl":{"start":{"line":56,"column":30},"end":{"line":56,"column":31}},"loc":{"start":{"line":56,"column":67},"end":{"line":69,"column":1}},"line":56},"6":{"name":"(anonymous_6)","decl":{"start":{"line":71,"column":35},"end":{"line":71,"column":36}},"loc":{"start":{"line":71,"column":65},"end":{"line":85,"column":1}},"line":71},"7":{"name":"(anonymous_7)","decl":{"start":{"line":87,"column":29},"end":{"line":87,"column":30}},"loc":{"start":{"line":87,"column":52},"end":{"line":95,"column":1}},"line":87},"8":{"name":"(anonymous_8)","decl":{"start":{"line":97,"column":32},"end":{"line":97,"column":33}},"loc":{"start":{"line":97,"column":49},"end":{"line":108,"column":1}},"line":97},"9":{"name":"(anonymous_9)","decl":{"start":{"line":110,"column":35},"end":{"line":110,"column":36}},"loc":{"start":{"line":110,"column":52},"end":{"line":121,"column":1}},"line":110},"10":{"name":"(anonymous_10)","decl":{"start":{"line":123,"column":28},"end":{"line":123,"column":29}},"loc":{"start":{"line":123,"column":45},"end":{"line":134,"column":1}},"line":123},"11":{"name":"(anonymous_11)","decl":{"start":{"line":136,"column":28},"end":{"line":136,"column":29}},"loc":{"start":{"line":136,"column":57},"end":{"line":147,"column":1}},"line":136},"12":{"name":"(anonymous_12)","decl":{"start":{"line":149,"column":26},"end":{"line":149,"column":27}},"loc":{"start":{"line":149,"column":55},"end":{"line":160,"column":1}},"line":149},"13":{"name":"(anonymous_13)","decl":{"start":{"line":162,"column":32},"end":{"line":162,"column":33}},"loc":{"start":{"line":162,"column":49},"end":{"line":173,"column":1}},"line":162},"14":{"name":"(anonymous_14)","decl":{"start":{"line":175,"column":32},"end":{"line":175,"column":33}},"loc":{"start":{"line":175,"column":59},"end":{"line":187,"column":1}},"line":175},"15":{"name":"(anonymous_15)","decl":{"start":{"line":189,"column":35},"end":{"line":189,"column":36}},"loc":{"start":{"line":189,"column":63},"end":{"line":201,"column":1}},"line":189},"16":{"name":"(anonymous_16)","decl":{"start":{"line":203,"column":29},"end":{"line":203,"column":30}},"loc":{"start":{"line":203,"column":57},"end":{"line":215,"column":1}},"line":203},"17":{"name":"(anonymous_17)","decl":{"start":{"line":217,"column":27},"end":{"line":217,"column":28}},"loc":{"start":{"line":217,"column":54},"end":{"line":232,"column":1}},"line":217}},"branchMap":{},"s":{"0":4,"1":0,"2":0,"3":0,"4":0,"5":0,"6":4,"7":0,"8":0,"9":0,"10":0,"11":0,"12":4,"13":0,"14":0,"15":0,"16":0,"17":0,"18":4,"19":0,"20":0,"21":0,"22":0,"23":0,"24":4,"25":0,"26":0,"27":0,"28":0,"29":0,"30":4,"31":0,"32":0,"33":0,"34":0,"35":0,"36":0,"37":4,"38":0,"39":0,"40":0,"41":0,"42":0,"43":0,"44":4,"45":0,"46":0,"47":0,"48":0,"49":0,"50":4,"51":0,"52":0,"53":0,"54":0,"55":0,"56":0,"57":4,"58":0,"59":0,"60":0,"61":0,"62":0,"63":0,"64":4,"65":0,"66":0,"67":0,"68":0,"69":0,"70":0,"71":4,"72":0,"73":0,"74":0,"75":0,"76":0,"77":0,"78":4,"79":0,"80":0,"81":0,"82":0,"83":0,"84":0,"85":4,"86":0,"87":0,"88":0,"89":0,"90":0,"91":0,"92":4,"93":0,"94":0,"95":0,"96":0,"97":0,"98":0,"99":4,"100":0,"101":0,"102":0,"103":0,"104":0,"105":0,"106":4,"107":0,"108":0,"109":0,"110":0,"111":0,"112":0,"113":4,"114":0,"115":0,"116":0,"117":0,"118":0,"119":0},"f":{"0":0,"1":0,"2":0,"3":0,"4":0,"5":0,"6":0,"7":0,"8":0,"9":0,"10":0,"11":0,"12":0,"13":0,"14":0,"15":0,"16":0,"17":0},"b":{},"_coverageSchema":"1a1c01bbd47fc00a2c39e90264f33305004495a9","hash":"1711c239e90dca8a649d0ab26cda657eb1849de6"}
,"/Users/dev/Documents/MERN/Projects/bookNow/frontend/src/utils/constants.jsx": {"path":"/Users/dev/Documents/MERN/Projects/bookNow/frontend/src/utils/constants.jsx","statementMap":{"0":{"start":{"line":1,"column":23},"end":{"line":1,"column":46}},"1":{"start":{"line":3,"column":28},"end":{"line":8,"column":1}},"2":{"start":{"line":4,"column":2},"end":{"line":7,"column":4}},"3":{"start":{"line":10,"column":27},"end":{"line":21,"column":1}},"4":{"start":{"line":23,"column":33},"end":{"line":54,"column":1}},"5":{"start":{"line":56,"column":2},"end":{"line":56,"column":268}}},"fnMap":{"0":{"name":"(anonymous_0)","decl":{"start":{"line":3,"column":28},"end":{"line":3,"column":29}},"loc":{"start":{"line":3,"column":39},"end":{"line":8,"column":1}},"line":3}},"branchMap":{},"s":{"0":5,"1":5,"2":0,"3":5,"4":5,"5":5},"f":{"0":0},"b":{},"_coverageSchema":"1a1c01bbd47fc00a2c39e90264f33305004495a9","hash":"1537f32021cdf022d8b7d9bc06d18c38a1753ca0"}
,"/Users/dev/Documents/MERN/Projects/bookNow/frontend/src/utils/notification.jsx": {"path":"/Users/dev/Documents/MERN/Projects/bookNow/frontend/src/utils/notification.jsx","statementMap":{"0":{"start":{"line":5,"column":37},"end":{"line":16,"column":1}},"1":{"start":{"line":6,"column":2},"end":{"line":15,"column":5}},"2":{"start":{"line":18,"column":39},"end":{"line":29,"column":1}},"3":{"start":{"line":19,"column":2},"end":{"line":28,"column":5}},"4":{"start":{"line":31,"column":39},"end":{"line":43,"column":1}},"5":{"start":{"line":32,"column":2},"end":{"line":32,"column":44}},"6":{"start":{"line":33,"column":2},"end":{"line":42,"column":5}}},"fnMap":{"0":{"name":"(anonymous_0)","decl":{"start":{"line":5,"column":37},"end":{"line":5,"column":38}},"loc":{"start":{"line":5,"column":50},"end":{"line":16,"column":1}},"line":5},"1":{"name":"(anonymous_1)","decl":{"start":{"line":18,"column":39},"end":{"line":18,"column":40}},"loc":{"start":{"line":18,"column":52},"end":{"line":29,"column":1}},"line":18},"2":{"name":"(anonymous_2)","decl":{"start":{"line":31,"column":39},"end":{"line":31,"column":40}},"loc":{"start":{"line":31,"column":52},"end":{"line":43,"column":1}},"line":31}},"branchMap":{},"s":{"0":7,"1":0,"2":7,"3":0,"4":7,"5":0,"6":0},"f":{"0":0,"1":0,"2":0},"b":{},"_coverageSchema":"1a1c01bbd47fc00a2c39e90264f33305004495a9","hash":"91f879347c78ba102d6af5766f9b657123e823e3"}
}
