TN:
SF:src/App.jsx
FN:13,App
FNF:1
FNH:0
FNDA:0,App
DA:14,0
LF:1
LH:0
BRF:0
BRH:0
end_of_record
TN:
SF:src/main.jsx
FNF:0
FNH:0
DA:6,0
LF:1
LH:0
BRF:0
BRH:0
end_of_record
TN:
SF:src/Components/BookingCart.jsx
FN:12,(anonymous_0)
FN:18,(anonymous_1)
FN:21,(anonymous_2)
FN:26,(anonymous_3)
FN:30,(anonymous_4)
FN:32,(anonymous_5)
FN:64,(anonymous_6)
FN:66,(anonymous_7)
FN:85,(anonymous_8)
FN:92,(anonymous_9)
FN:107,(anonymous_10)
FNF:11
FNH:4
FNDA:8,(anonymous_0)
FNDA:0,(anonymous_1)
FNDA:8,(anonymous_2)
FNDA:0,(anonymous_3)
FNDA:0,(anonymous_4)
FNDA:0,(anonymous_5)
FNDA:8,(anonymous_6)
FNDA:8,(anonymous_7)
FNDA:0,(anonymous_8)
FNDA:0,(anonymous_9)
FNDA:0,(anonymous_10)
DA:12,1
DA:13,8
DA:14,8
DA:15,8
DA:16,8
DA:17,8
DA:18,8
DA:19,0
DA:21,8
DA:22,8
DA:23,8
DA:26,8
DA:27,0
DA:30,8
DA:32,8
DA:33,0
DA:34,0
DA:35,0
DA:36,0
DA:37,0
DA:38,0
DA:39,0
DA:40,0
DA:42,0
DA:44,0
DA:47,8
DA:65,8
DA:67,8
DA:85,0
DA:92,0
DA:107,0
DA:125,1
LF:32
LH:17
BRDA:38,0,0,0
BRDA:38,0,1,0
BRDA:69,1,0,8
BRDA:69,1,1,0
BRDA:74,2,0,8
BRDA:74,2,1,0
BRDA:90,3,0,8
BRDA:90,3,1,2
BRDA:95,4,0,0
BRDA:95,4,1,2
BRDA:106,5,0,8
BRDA:106,5,1,6
BRF:12
BRH:7
end_of_record
TN:
SF:src/Components/BookingConfirmation.jsx
FN:4,(anonymous_0)
FNF:1
FNH:0
FNDA:0,(anonymous_0)
DA:4,0
DA:5,0
DA:6,0
DA:7,0
DA:8,0
DA:9,0
LF:6
LH:0
BRF:0
BRH:0
end_of_record
TN:
SF:src/Components/BookingDetails.jsx
FN:9,(anonymous_0)
FN:14,(anonymous_1)
FN:15,(anonymous_2)
FNF:3
FNH:0
FNDA:0,(anonymous_0)
FNDA:0,(anonymous_1)
FNDA:0,(anonymous_2)
DA:9,0
DA:10,0
DA:11,0
DA:12,0
DA:13,0
DA:14,0
DA:15,0
DA:16,0
DA:17,0
DA:18,0
DA:19,0
DA:20,0
DA:21,0
DA:23,0
DA:25,0
DA:27,0
DA:28,0
DA:30,0
LF:18
LH:0
BRDA:18,0,0,0
BRDA:18,0,1,0
BRDA:37,1,0,0
BRDA:37,1,1,0
BRDA:45,2,0,0
BRDA:45,2,1,0
BRF:6
BRH:0
end_of_record
TN:
SF:src/Components/BookingSummery.jsx
FN:8,(anonymous_0)
FN:9,(anonymous_1)
FN:18,(anonymous_2)
FN:128,(anonymous_3)
FN:130,(anonymous_4)
FN:199,(anonymous_5)
FNF:6
FNH:5
FNDA:1,(anonymous_0)
FNDA:1,(anonymous_1)
FNDA:0,(anonymous_2)
FNDA:1,(anonymous_3)
FNDA:3,(anonymous_4)
FNDA:1,(anonymous_5)
DA:8,1
DA:9,1
DA:10,1
DA:11,1
DA:13,1
DA:14,1
DA:15,1
DA:16,1
DA:17,1
DA:18,1
DA:19,0
DA:21,0
DA:22,0
DA:23,0
DA:26,0
DA:27,0
DA:28,0
DA:29,0
DA:30,0
DA:31,0
DA:32,0
DA:34,0
DA:35,0
DA:38,0
DA:39,0
DA:41,0
DA:43,1
DA:129,1
DA:131,3
DA:199,1
DA:215,1
LF:31
LH:15
BRDA:21,0,0,0
BRDA:21,0,1,0
BRDA:38,1,0,0
BRDA:38,1,1,0
BRDA:208,2,0,1
BRDA:208,2,1,0
BRF:6
BRH:1
end_of_record
TN:
SF:src/Components/Calendar.jsx
FN:3,(anonymous_0)
FN:16,(anonymous_1)
FN:19,(anonymous_2)
FN:40,(anonymous_3)
FN:68,(anonymous_4)
FN:80,(anonymous_5)
FN:86,(anonymous_6)
FN:90,(anonymous_7)
FNF:8
FNH:4
FNDA:102,(anonymous_0)
FNDA:102,(anonymous_1)
FNDA:0,(anonymous_2)
FNDA:0,(anonymous_3)
FNDA:0,(anonymous_4)
FNDA:510,(anonymous_5)
FNDA:3162,(anonymous_6)
FNDA:0,(anonymous_7)
DA:3,2
DA:13,102
DA:14,102
DA:15,102
DA:16,102
DA:17,102
DA:18,0
DA:19,0
DA:25,102
DA:26,102
DA:27,102
DA:28,102
DA:29,3162
DA:30,2754
DA:32,408
DA:33,408
DA:34,408
DA:36,3162
DA:38,102
DA:40,102
DA:41,0
DA:42,0
DA:43,0
DA:45,0
DA:46,0
DA:47,0
DA:48,0
DA:50,0
DA:54,0
DA:55,0
DA:56,0
DA:57,0
DA:59,0
DA:60,0
DA:63,0
DA:64,0
DA:65,0
DA:68,102
DA:69,0
DA:70,0
DA:71,0
DA:73,0
DA:76,102
DA:81,510
DA:87,3162
DA:91,0
DA:124,2
LF:47
LH:23
BRDA:15,0,0,102
BRDA:15,0,1,0
BRDA:17,1,0,0
BRDA:17,1,1,102
BRDA:29,2,0,2754
BRDA:29,2,1,408
BRDA:38,3,0,102
BRDA:38,3,1,0
BRDA:41,4,0,0
BRDA:41,4,1,0
BRDA:41,5,0,0
BRDA:41,5,1,0
BRDA:43,6,0,0
BRDA:43,6,1,0
BRDA:47,7,0,0
BRDA:47,7,1,0
BRDA:54,8,0,0
BRDA:54,8,1,0
BRDA:79,9,0,102
BRDA:79,9,1,102
BRDA:94,10,0,0
BRDA:94,10,1,0
BRDA:99,11,0,2550
BRDA:99,11,1,612
BRDA:99,12,0,3162
BRDA:99,12,1,3162
BRDA:99,12,2,3162
BRDA:105,13,0,0
BRDA:105,13,1,3162
BRDA:105,14,0,3162
BRDA:105,14,1,0
BRF:31
BRH:14
end_of_record
TN:
SF:src/Components/City.jsx
FN:12,(anonymous_0)
FN:20,(anonymous_1)
FN:22,(anonymous_2)
FN:36,(anonymous_3)
FN:40,(anonymous_4)
FN:45,(anonymous_5)
FN:54,(anonymous_6)
FN:91,(anonymous_7)
FN:146,(anonymous_8)
FN:193,(anonymous_9)
FN:197,(anonymous_10)
FNF:11
FNH:6
FNDA:2,(anonymous_0)
FNDA:1,(anonymous_1)
FNDA:1,(anonymous_2)
FNDA:1,(anonymous_3)
FNDA:0,(anonymous_4)
FNDA:0,(anonymous_5)
FNDA:0,(anonymous_6)
FNDA:0,(anonymous_7)
FNDA:0,(anonymous_8)
FNDA:1,(anonymous_9)
FNDA:1,(anonymous_10)
DA:12,1
DA:13,2
DA:14,2
DA:15,2
DA:16,2
DA:17,2
DA:18,2
DA:19,2
DA:20,2
DA:21,1
DA:22,1
DA:23,1
DA:24,1
DA:25,1
DA:26,1
DA:28,0
DA:30,1
DA:33,1
DA:36,2
DA:37,1
DA:40,2
DA:41,0
DA:42,0
DA:43,0
DA:44,0
DA:45,0
DA:46,0
DA:48,0
DA:49,0
DA:51,0
DA:52,0
DA:53,0
DA:54,0
DA:55,0
DA:57,0
DA:58,0
DA:62,2
DA:91,0
DA:146,0
DA:194,1
DA:197,1
LF:41
LH:23
BRDA:24,0,0,1
BRDA:24,0,1,0
BRDA:41,1,0,0
BRDA:41,1,1,0
BRDA:68,2,0,1
BRDA:68,2,1,1
BRDA:81,3,0,0
BRDA:81,3,1,1
BRDA:186,4,0,0
BRDA:186,4,1,1
BRDA:192,5,0,1
BRDA:192,5,1,1
BRF:12
BRH:7
end_of_record
TN:
SF:src/Components/ConfirmBooking.jsx
FN:25,(anonymous_0)
FN:53,(anonymous_1)
FN:54,(anonymous_2)
FN:87,(anonymous_3)
FN:167,(anonymous_4)
FN:179,(anonymous_5)
FN:203,(anonymous_6)
FN:221,(anonymous_7)
FN:226,(anonymous_8)
FN:237,(anonymous_9)
FN:261,(anonymous_10)
FN:282,(anonymous_11)
FN:289,(anonymous_12)
FN:314,(anonymous_13)
FN:452,(anonymous_14)
FN:463,(anonymous_15)
FN:487,(anonymous_16)
FN:506,(anonymous_17)
FN:519,(anonymous_18)
FN:530,(anonymous_19)
FN:614,(anonymous_20)
FN:625,(anonymous_21)
FNF:22
FNH:5
FNDA:104,(anonymous_0)
FNDA:2,(anonymous_1)
FNDA:2,(anonymous_2)
FNDA:0,(anonymous_3)
FNDA:0,(anonymous_4)
FNDA:0,(anonymous_5)
FNDA:0,(anonymous_6)
FNDA:0,(anonymous_7)
FNDA:0,(anonymous_8)
FNDA:0,(anonymous_9)
FNDA:0,(anonymous_10)
FNDA:0,(anonymous_11)
FNDA:0,(anonymous_12)
FNDA:0,(anonymous_13)
FNDA:0,(anonymous_14)
FNDA:0,(anonymous_15)
FNDA:0,(anonymous_16)
FNDA:0,(anonymous_17)
FNDA:0,(anonymous_18)
FNDA:0,(anonymous_19)
FNDA:1,(anonymous_20)
FNDA:1,(anonymous_21)
DA:25,1
DA:26,104
DA:27,104
DA:28,104
DA:29,103
DA:30,103
DA:31,103
DA:32,103
DA:33,103
DA:34,103
DA:35,103
DA:36,103
DA:37,103
DA:42,103
DA:48,103
DA:53,103
DA:54,2
DA:55,2
DA:56,2
DA:57,2
DA:63,2
DA:64,2
DA:65,2
DA:67,0
DA:68,0
DA:71,2
DA:74,103
DA:81,103
DA:88,0
DA:89,0
DA:90,0
DA:91,0
DA:92,0
DA:94,0
DA:95,0
DA:97,0
DA:112,0
DA:114,0
DA:115,0
DA:116,0
DA:117,0
DA:118,0
DA:125,0
DA:128,0
DA:133,0
DA:139,0
DA:140,0
DA:144,0
DA:146,0
DA:148,0
DA:150,0
DA:152,0
DA:153,0
DA:154,0
DA:155,0
DA:161,0
DA:162,0
DA:167,103
DA:170,0
DA:180,0
DA:186,0
DA:187,0
DA:188,0
DA:199,0
DA:200,0
DA:203,103
DA:204,0
DA:205,0
DA:206,0
DA:207,0
DA:208,0
DA:214,0
DA:216,0
DA:221,103
DA:222,0
DA:223,0
DA:224,0
DA:225,0
DA:226,0
DA:227,0
DA:229,0
DA:234,0
DA:237,103
DA:238,0
DA:239,0
DA:240,0
DA:241,0
DA:247,0
DA:249,0
DA:250,0
DA:251,0
DA:257,0
DA:261,103
DA:262,0
DA:263,0
DA:264,0
DA:266,0
DA:267,0
DA:270,0
DA:271,0
DA:276,0
DA:278,0
DA:279,0
DA:282,103
DA:283,0
DA:285,0
DA:286,0
DA:289,103
DA:290,0
DA:291,0
DA:292,0
DA:294,0
DA:297,103
DA:314,0
DA:452,0
DA:463,0
DA:487,0
DA:507,0
DA:520,0
DA:531,0
DA:614,1
DA:625,1
LF:122
LH:36
BRDA:56,0,0,2
BRDA:56,0,1,0
BRDA:88,1,0,0
BRDA:88,1,1,0
BRDA:91,2,0,0
BRDA:91,2,1,0
BRDA:94,3,0,0
BRDA:94,3,1,0
BRDA:114,4,0,0
BRDA:114,4,1,0
BRDA:116,5,0,0
BRDA:116,5,1,0
BRDA:144,6,0,0
BRDA:144,6,1,0
BRDA:187,7,0,0
BRDA:187,7,1,0
BRDA:206,8,0,0
BRDA:206,8,1,0
BRDA:238,9,0,0
BRDA:238,9,1,0
BRDA:262,10,0,0
BRDA:262,10,1,0
BRDA:283,11,0,0
BRDA:283,11,1,0
BRDA:299,12,0,2
BRDA:299,12,1,101
BRDA:372,13,0,101
BRDA:372,13,1,82
BRDA:372,13,2,0
BRDA:395,14,0,101
BRDA:395,14,1,46
BRDA:395,14,2,0
BRDA:418,15,0,101
BRDA:418,15,1,24
BRDA:418,15,2,0
BRDA:450,16,0,101
BRDA:450,16,1,0
BRDA:461,17,0,101
BRDA:461,17,1,101
BRDA:494,18,0,0
BRDA:494,18,1,101
BRDA:501,19,0,101
BRDA:501,19,1,0
BRDA:504,20,0,0
BRDA:504,20,1,0
BRDA:524,21,0,0
BRDA:524,21,1,0
BRDA:535,22,0,0
BRDA:535,22,1,0
BRDA:574,23,0,0
BRDA:574,23,1,0
BRDA:616,24,0,100
BRDA:616,24,1,1
BRDA:627,25,0,1
BRDA:627,25,1,100
BRF:55
BRH:18
end_of_record
TN:
SF:src/Components/Contact.jsx
FN:8,(anonymous_0)
FN:10,(anonymous_1)
FN:42,(anonymous_2)
FN:73,(anonymous_3)
FN:109,(anonymous_4)
FN:144,(anonymous_5)
FNF:6
FNH:1
FNDA:2,(anonymous_0)
FNDA:0,(anonymous_1)
FNDA:0,(anonymous_2)
FNDA:0,(anonymous_3)
FNDA:0,(anonymous_4)
FNDA:0,(anonymous_5)
DA:8,2
DA:9,2
DA:10,2
DA:11,0
DA:12,0
DA:13,0
DA:14,0
DA:16,2
DA:42,0
DA:73,0
DA:109,0
DA:144,0
LF:12
LH:4
BRDA:47,0,0,0
BRDA:47,0,1,2
BRDA:57,1,0,2
BRDA:57,1,1,0
BRDA:78,2,0,0
BRDA:78,2,1,2
BRDA:88,3,0,2
BRDA:88,3,1,0
BRDA:114,4,0,0
BRDA:114,4,1,2
BRDA:124,5,0,2
BRDA:124,5,1,0
BRDA:142,6,0,0
BRDA:142,6,1,2
BRDA:149,7,0,0
BRDA:149,7,1,2
BRDA:159,8,0,2
BRDA:159,8,1,0
BRF:18
BRH:9
end_of_record
TN:
SF:src/Components/EditProfileForm.jsx
FN:14,(anonymous_0)
FN:28,(anonymous_1)
FN:145,(anonymous_2)
FN:179,(anonymous_3)
FNF:4
FNH:1
FNDA:1,(anonymous_0)
FNDA:0,(anonymous_1)
FNDA:0,(anonymous_2)
FNDA:0,(anonymous_3)
DA:14,1
DA:15,1
DA:16,1
DA:17,1
DA:25,1
DA:29,0
DA:30,0
DA:31,0
DA:32,0
DA:33,0
DA:34,0
DA:35,0
DA:36,0
DA:37,0
DA:39,0
DA:41,0
DA:42,0
DA:45,1
DA:145,0
DA:179,0
DA:213,1
LF:21
LH:7
BRDA:33,0,0,0
BRDA:33,0,1,0
BRDA:51,1,0,0
BRDA:51,1,1,1
BRDA:75,2,0,0
BRDA:75,2,1,1
BRDA:75,3,0,1
BRDA:75,3,1,0
BRDA:98,4,0,0
BRDA:98,4,1,1
BRDA:98,5,0,1
BRDA:98,5,1,0
BRDA:122,6,0,0
BRDA:122,6,1,1
BRDA:122,7,0,1
BRDA:122,7,1,0
BRDA:136,8,0,0
BRDA:136,8,1,1
BRDA:148,9,0,1
BRDA:148,9,1,0
BRDA:156,10,0,0
BRDA:156,10,1,1
BRDA:156,11,0,1
BRDA:156,11,1,0
BRDA:170,12,0,0
BRDA:170,12,1,1
BRDA:182,13,0,1
BRDA:182,13,1,0
BRDA:190,14,0,0
BRDA:190,14,1,1
BRDA:190,15,0,1
BRDA:190,15,1,0
BRF:32
BRH:15
end_of_record
TN:
SF:src/Components/Home.jsx
FN:6,(anonymous_0)
FN:9,(anonymous_1)
FNF:2
FNH:0
FNDA:0,(anonymous_0)
FNDA:0,(anonymous_1)
DA:6,0
DA:7,0
DA:8,0
DA:9,0
DA:10,0
DA:11,0
DA:12,0
DA:13,0
DA:14,0
DA:15,0
DA:16,0
DA:17,0
DA:21,0
LF:13
LH:0
BRDA:12,0,0,0
BRDA:12,0,1,0
BRF:2
BRH:0
end_of_record
TN:
SF:src/Components/Homepage.jsx
FN:8,(anonymous_0)
FN:10,(anonymous_1)
FN:47,(anonymous_2)
FN:60,(anonymous_3)
FN:75,(anonymous_4)
FN:88,(anonymous_5)
FN:103,(anonymous_6)
FN:116,(anonymous_7)
FN:129,(anonymous_8)
FNF:9
FNH:9
FNDA:1,(anonymous_0)
FNDA:7,(anonymous_1)
FNDA:1,(anonymous_2)
FNDA:1,(anonymous_3)
FNDA:1,(anonymous_4)
FNDA:1,(anonymous_5)
FNDA:1,(anonymous_6)
FNDA:1,(anonymous_7)
FNDA:1,(anonymous_8)
DA:8,1
DA:9,1
DA:10,1
DA:11,7
DA:14,1
DA:47,1
DA:60,1
DA:75,1
DA:88,1
DA:103,1
DA:116,1
DA:129,1
LF:12
LH:12
BRF:0
BRH:0
end_of_record
TN:
SF:src/Components/Hotel.jsx
FN:32,(anonymous_0)
FN:78,(anonymous_1)
FN:80,(anonymous_2)
FN:102,(anonymous_3)
FN:126,(anonymous_4)
FN:132,(anonymous_5)
FN:154,(anonymous_6)
FN:204,(anonymous_7)
FN:329,(anonymous_8)
FN:340,(anonymous_9)
FN:414,(anonymous_10)
FN:434,(anonymous_11)
FN:475,(anonymous_12)
FN:479,(anonymous_13)
FN:577,(anonymous_14)
FN:592,(anonymous_15)
FN:595,(anonymous_16)
FN:675,(anonymous_17)
FNF:18
FNH:11
FNDA:4,(anonymous_0)
FNDA:1,(anonymous_1)
FNDA:1,(anonymous_2)
FNDA:0,(anonymous_3)
FNDA:0,(anonymous_4)
FNDA:2,(anonymous_5)
FNDA:3,(anonymous_6)
FNDA:0,(anonymous_7)
FNDA:0,(anonymous_8)
FNDA:0,(anonymous_9)
FNDA:4,(anonymous_10)
FNDA:16,(anonymous_11)
FNDA:3,(anonymous_12)
FNDA:0,(anonymous_13)
FNDA:1,(anonymous_14)
FNDA:3,(anonymous_15)
FNDA:0,(anonymous_16)
FNDA:1,(anonymous_17)
DA:32,1
DA:33,4
DA:43,4
DA:52,4
DA:53,4
DA:54,3
DA:55,3
DA:56,3
DA:57,3
DA:58,3
DA:59,3
DA:61,3
DA:62,3
DA:67,3
DA:73,3
DA:78,3
DA:79,1
DA:80,1
DA:81,1
DA:82,1
DA:83,1
DA:84,1
DA:89,1
DA:90,1
DA:93,1
DA:95,0
DA:98,1
DA:99,1
DA:102,3
DA:103,0
DA:104,0
DA:105,0
DA:106,0
DA:112,0
DA:114,0
DA:115,0
DA:116,0
DA:122,0
DA:125,3
DA:126,3
DA:127,0
DA:128,0
DA:129,0
DA:132,3
DA:133,2
DA:134,2
DA:136,3
DA:155,3
DA:204,0
DA:329,0
DA:340,0
DA:415,4
DA:435,16
DA:476,3
DA:480,0
DA:577,1
DA:593,3
DA:595,0
DA:675,1
LF:59
LH:41
BRDA:82,0,0,1
BRDA:82,0,1,0
BRDA:103,1,0,0
BRDA:103,1,1,0
BRDA:138,2,0,1
BRDA:138,2,1,2
BRDA:145,3,0,2
BRDA:145,3,1,1
BRDA:197,4,0,1
BRDA:197,4,1,0
BRDA:206,5,0,1
BRDA:206,5,1,0
BRDA:219,6,0,0
BRDA:219,6,1,1
BRDA:229,7,0,1
BRDA:229,7,1,0
BRDA:239,8,0,1
BRDA:239,8,1,0
BRDA:249,9,0,1
BRDA:249,9,1,0
BRDA:259,10,0,1
BRDA:259,10,1,0
BRDA:272,11,0,1
BRDA:272,11,1,0
BRDA:282,12,0,0
BRDA:282,12,1,1
BRDA:292,13,0,1
BRDA:292,13,1,0
BRDA:302,14,0,1
BRDA:302,14,1,0
BRDA:312,15,0,1
BRDA:312,15,1,0
BRDA:327,16,0,1
BRDA:327,16,1,0
BRDA:338,17,0,1
BRDA:338,17,1,1
BRDA:409,18,0,1
BRDA:409,18,1,1
BRDA:413,19,0,1
BRDA:413,19,1,1
BRDA:449,20,0,1
BRDA:449,20,1,1
BRDA:473,21,0,1
BRDA:473,21,1,1
BRDA:483,22,0,1
BRDA:483,22,1,2
BRDA:545,23,0,0
BRDA:545,23,1,1
BRDA:591,24,0,1
BRDA:591,24,1,1
BRDA:598,25,0,0
BRDA:598,25,1,3
BRDA:607,26,0,0
BRDA:607,26,1,3
BRDA:614,27,0,3
BRDA:614,27,1,0
BRDA:653,28,0,0
BRDA:653,28,1,0
BRF:58
BRH:36
end_of_record
TN:
SF:src/Components/Navbar.jsx
FN:7,(anonymous_0)
FN:18,(anonymous_1)
FN:19,(anonymous_2)
FN:25,(anonymous_3)
FN:32,(anonymous_4)
FN:36,(anonymous_5)
FN:46,(anonymous_6)
FN:51,(anonymous_7)
FN:56,(anonymous_8)
FN:60,(anonymous_9)
FN:74,(anonymous_10)
FN:92,(anonymous_11)
FN:102,(anonymous_12)
FN:120,(anonymous_13)
FN:133,(anonymous_14)
FN:136,(anonymous_15)
FN:176,(anonymous_16)
FN:189,(anonymous_17)
FN:192,(anonymous_18)
FN:217,(anonymous_19)
FN:230,(anonymous_20)
FN:242,(anonymous_21)
FN:254,(anonymous_22)
FNF:23
FNH:8
FNDA:137,(anonymous_0)
FNDA:20,(anonymous_1)
FNDA:20,(anonymous_2)
FNDA:2,(anonymous_3)
FNDA:2,(anonymous_4)
FNDA:2,(anonymous_5)
FNDA:0,(anonymous_6)
FNDA:0,(anonymous_7)
FNDA:0,(anonymous_8)
FNDA:0,(anonymous_9)
FNDA:1,(anonymous_10)
FNDA:0,(anonymous_11)
FNDA:0,(anonymous_12)
FNDA:0,(anonymous_13)
FNDA:0,(anonymous_14)
FNDA:0,(anonymous_15)
FNDA:0,(anonymous_16)
FNDA:2,(anonymous_17)
FNDA:0,(anonymous_18)
FNDA:0,(anonymous_19)
FNDA:0,(anonymous_20)
FNDA:0,(anonymous_21)
FNDA:0,(anonymous_22)
DA:7,6
DA:8,137
DA:9,137
DA:10,136
DA:11,136
DA:12,136
DA:13,136
DA:14,136
DA:15,136
DA:16,136
DA:18,136
DA:19,20
DA:20,20
DA:22,20
DA:25,136
DA:26,2
DA:27,0
DA:29,2
DA:30,2
DA:31,2
DA:32,2
DA:33,2
DA:36,136
DA:37,2
DA:38,2
DA:39,2
DA:40,2
DA:42,0
DA:46,136
DA:47,0
DA:48,0
DA:51,136
DA:52,0
DA:53,0
DA:56,136
DA:57,0
DA:60,136
DA:61,0
DA:62,0
DA:63,0
DA:64,0
DA:67,136
DA:74,1
DA:92,0
DA:102,0
DA:120,0
DA:134,0
DA:136,0
DA:176,0
DA:190,2
DA:192,0
DA:217,0
DA:230,0
DA:242,0
DA:254,0
LF:55
LH:33
BRDA:26,0,0,0
BRDA:26,0,1,2
BRDA:39,1,0,2
BRDA:39,1,1,0
BRDA:70,2,0,136
BRDA:70,2,1,136
BRDA:89,3,0,136
BRDA:89,3,1,136
BRDA:98,4,0,136
BRDA:98,4,1,0
BRDA:115,5,0,0
BRDA:115,5,1,0
BRDA:126,6,0,0
BRDA:126,6,1,0
BRDA:171,7,0,136
BRDA:171,7,1,2
BRDA:182,8,0,2
BRDA:182,8,1,1
BRDA:214,9,0,136
BRDA:214,9,1,0
BRDA:214,10,0,136
BRDA:214,10,1,136
BRDA:239,11,0,0
BRDA:239,11,1,0
BRF:24
BRH:14
end_of_record
TN:
SF:src/Components/Profile.jsx
FN:27,(anonymous_0)
FN:43,(anonymous_1)
FN:44,(anonymous_2)
FN:66,(anonymous_3)
FN:71,(anonymous_4)
FN:81,(anonymous_5)
FN:115,(anonymous_6)
FN:146,(anonymous_7)
FN:154,(anonymous_8)
FN:174,(anonymous_9)
FN:190,(anonymous_10)
FN:206,(anonymous_11)
FN:231,(anonymous_12)
FN:255,(anonymous_13)
FN:263,(anonymous_14)
FN:270,(anonymous_15)
FN:271,(anonymous_16)
FN:272,(anonymous_17)
FN:275,(anonymous_18)
FN:284,(anonymous_19)
FN:330,(anonymous_20)
FN:342,(anonymous_21)
FN:354,(anonymous_22)
FN:367,(anonymous_23)
FN:379,(anonymous_24)
FN:406,(anonymous_25)
FN:415,(anonymous_26)
FN:423,(anonymous_27)
FN:432,(anonymous_28)
FN:440,(anonymous_29)
FN:448,(anonymous_30)
FN:456,(anonymous_31)
FN:463,(anonymous_32)
FN:484,(anonymous_33)
FN:505,(anonymous_34)
FNF:35
FNH:15
FNDA:26,(anonymous_0)
FNDA:7,(anonymous_1)
FNDA:7,(anonymous_2)
FNDA:1,(anonymous_3)
FNDA:1,(anonymous_4)
FNDA:1,(anonymous_5)
FNDA:1,(anonymous_6)
FNDA:0,(anonymous_7)
FNDA:0,(anonymous_8)
FNDA:0,(anonymous_9)
FNDA:0,(anonymous_10)
FNDA:0,(anonymous_11)
FNDA:0,(anonymous_12)
FNDA:0,(anonymous_13)
FNDA:0,(anonymous_14)
FNDA:0,(anonymous_15)
FNDA:0,(anonymous_16)
FNDA:0,(anonymous_17)
FNDA:1,(anonymous_18)
FNDA:0,(anonymous_19)
FNDA:1,(anonymous_20)
FNDA:1,(anonymous_21)
FNDA:1,(anonymous_22)
FNDA:1,(anonymous_23)
FNDA:1,(anonymous_24)
FNDA:0,(anonymous_25)
FNDA:0,(anonymous_26)
FNDA:0,(anonymous_27)
FNDA:0,(anonymous_28)
FNDA:0,(anonymous_29)
FNDA:0,(anonymous_30)
FNDA:0,(anonymous_31)
FNDA:0,(anonymous_32)
FNDA:6,(anonymous_33)
FNDA:2,(anonymous_34)
DA:27,1
DA:28,26
DA:29,25
DA:30,25
DA:31,25
DA:32,25
DA:33,25
DA:34,25
DA:35,25
DA:36,25
DA:37,25
DA:38,25
DA:39,25
DA:40,25
DA:41,25
DA:42,25
DA:43,25
DA:44,7
DA:45,7
DA:46,7
DA:47,7
DA:48,7
DA:50,7
DA:51,7
DA:52,7
DA:53,7
DA:54,7
DA:55,7
DA:57,7
DA:59,0
DA:61,7
DA:63,7
DA:66,25
DA:67,1
DA:68,1
DA:71,25
DA:72,1
DA:73,0
DA:74,0
DA:75,0
DA:77,1
DA:81,25
DA:82,1
DA:83,0
DA:84,0
DA:85,0
DA:86,0
DA:88,0
DA:89,0
DA:90,0
DA:92,0
DA:96,0
DA:98,1
DA:99,1
DA:100,1
DA:101,1
DA:102,1
DA:103,1
DA:104,1
DA:106,0
DA:111,1
DA:115,25
DA:116,1
DA:117,1
DA:118,0
DA:119,0
DA:120,0
DA:121,0
DA:122,0
DA:123,0
DA:125,0
DA:130,0
DA:132,1
DA:133,1
DA:134,1
DA:135,1
DA:137,0
DA:141,1
DA:142,1
DA:146,25
DA:151,0
DA:154,25
DA:161,0
DA:162,0
DA:163,0
DA:164,0
DA:165,0
DA:167,0
DA:170,0
DA:171,0
DA:172,0
DA:173,0
DA:174,0
DA:175,0
DA:180,0
DA:181,0
DA:183,0
DA:185,0
DA:186,0
DA:187,0
DA:188,0
DA:189,0
DA:190,0
DA:191,0
DA:196,0
DA:197,0
DA:199,0
DA:201,0
DA:202,0
DA:203,0
DA:204,0
DA:205,0
DA:206,0
DA:207,0
DA:211,0
DA:212,0
DA:213,0
DA:215,0
DA:220,0
DA:221,0
DA:223,0
DA:225,0
DA:226,0
DA:228,0
DA:229,0
DA:230,0
DA:231,0
DA:232,0
DA:236,0
DA:237,0
DA:238,0
DA:240,0
DA:245,0
DA:246,0
DA:248,0
DA:250,0
DA:251,0
DA:252,0
DA:253,0
DA:254,0
DA:255,0
DA:256,0
DA:258,0
DA:259,0
DA:260,0
DA:261,0
DA:262,0
DA:263,0
DA:264,0
DA:266,0
DA:267,0
DA:270,25
DA:271,0
DA:272,0
DA:275,25
DA:276,1
DA:277,0
DA:278,0
DA:280,1
DA:284,25
DA:285,0
DA:288,25
DA:330,1
DA:342,1
DA:354,1
DA:367,1
DA:379,1
DA:406,0
DA:415,0
DA:423,0
DA:432,0
DA:440,0
DA:448,0
DA:456,0
DA:463,0
DA:485,6
DA:506,2
LF:177
LH:71
BRDA:46,0,0,7
BRDA:46,0,1,0
BRDA:52,1,0,7
BRDA:52,1,1,0
BRDA:52,2,0,7
BRDA:52,2,1,7
BRDA:72,3,0,0
BRDA:72,3,1,1
BRDA:82,4,0,0
BRDA:82,4,1,1
BRDA:86,5,0,0
BRDA:86,5,1,0
BRDA:101,6,0,1
BRDA:101,6,1,0
BRDA:117,7,0,0
BRDA:117,7,1,1
BRDA:120,8,0,0
BRDA:120,8,1,0
BRDA:134,9,0,1
BRDA:134,9,1,0
BRDA:162,10,0,0
BRDA:162,10,1,0
BRDA:164,11,0,0
BRDA:164,11,1,0
BRDA:170,12,0,0
BRDA:170,12,1,0
BRDA:180,13,0,0
BRDA:180,13,1,0
BRDA:186,14,0,0
BRDA:186,14,1,0
BRDA:196,15,0,0
BRDA:196,15,1,0
BRDA:202,16,0,0
BRDA:202,16,1,0
BRDA:207,17,0,0
BRDA:207,17,1,0
BRDA:220,18,0,0
BRDA:220,18,1,0
BRDA:226,19,0,0
BRDA:226,19,1,0
BRDA:232,20,0,0
BRDA:232,20,1,0
BRDA:245,21,0,0
BRDA:245,21,1,0
BRDA:251,22,0,0
BRDA:251,22,1,0
BRDA:260,23,0,0
BRDA:260,23,1,0
BRDA:276,24,0,0
BRDA:276,24,1,1
BRDA:291,25,0,7
BRDA:291,25,1,18
BRDA:307,26,0,18
BRDA:307,26,1,11
BRDA:394,27,0,2
BRDA:394,27,1,16
BRDA:401,28,0,16
BRDA:401,28,1,15
BRDA:401,28,2,15
BRDA:401,28,3,0
BRDA:411,29,0,0
BRDA:411,29,1,0
BRDA:413,30,0,0
BRDA:413,30,1,0
BRDA:421,31,0,0
BRDA:421,31,1,0
BRDA:430,32,0,0
BRDA:430,32,1,0
BRDA:438,33,0,0
BRDA:438,33,1,0
BRDA:446,34,0,0
BRDA:446,34,1,0
BRDA:454,35,0,0
BRDA:454,35,1,0
BRDA:474,36,0,16
BRDA:474,36,1,6
BRDA:476,37,0,0
BRDA:476,37,1,6
BRDA:476,38,0,6
BRDA:476,38,1,6
BRDA:483,39,0,6
BRDA:483,39,1,6
BRDA:495,40,0,16
BRDA:495,40,1,1
BRDA:497,41,0,0
BRDA:497,41,1,1
BRDA:497,42,0,1
BRDA:497,42,1,1
BRDA:504,43,0,1
BRDA:504,43,1,1
BRDA:516,44,0,16
BRDA:516,44,1,1
BRDA:519,45,0,16
BRDA:519,45,1,1
BRF:94
BRH:37
end_of_record
TN:
SF:src/Components/Review.jsx
FN:10,(anonymous_0)
FN:15,(anonymous_1)
FN:16,(anonymous_2)
FN:23,(anonymous_3)
FN:29,(anonymous_4)
FN:34,(anonymous_5)
FN:44,(anonymous_6)
FN:50,(anonymous_7)
FN:74,(anonymous_8)
FNF:9
FNH:4
FNDA:2,(anonymous_0)
FNDA:1,(anonymous_1)
FNDA:1,(anonymous_2)
FNDA:0,(anonymous_3)
FNDA:0,(anonymous_4)
FNDA:0,(anonymous_5)
FNDA:0,(anonymous_6)
FNDA:0,(anonymous_7)
FNDA:1,(anonymous_8)
DA:10,1
DA:11,2
DA:12,2
DA:13,2
DA:15,2
DA:16,1
DA:17,1
DA:18,1
DA:19,1
DA:21,1
DA:23,2
DA:24,0
DA:25,0
DA:26,0
DA:29,2
DA:30,0
DA:31,0
DA:32,0
DA:33,0
DA:35,0
DA:36,0
DA:38,0
DA:44,2
DA:45,0
DA:46,0
DA:47,0
DA:48,0
DA:49,0
DA:50,0
DA:52,0
DA:54,0
DA:58,0
DA:59,0
DA:62,2
DA:75,1
DA:91,1
LF:36
LH:16
BRDA:30,0,0,0
BRDA:30,0,1,0
BRDA:32,1,0,0
BRDA:32,1,1,0
BRDA:35,2,0,0
BRDA:35,2,1,0
BRDA:48,3,0,0
BRDA:48,3,1,0
BRDA:65,4,0,2
BRDA:65,4,1,1
BRDA:65,4,2,0
BRDA:72,5,0,2
BRDA:72,5,1,1
BRDA:72,5,2,1
BRF:14
BRH:5
end_of_record
TN:
SF:src/Components/ReviewCart.jsx
FN:8,(anonymous_0)
FN:20,(anonymous_1)
FN:23,(anonymous_2)
FN:44,(anonymous_3)
FN:52,(anonymous_4)
FN:58,(anonymous_5)
FN:64,(anonymous_6)
FN:77,(anonymous_7)
FNF:8
FNH:2
FNDA:1,(anonymous_0)
FNDA:0,(anonymous_1)
FNDA:0,(anonymous_2)
FNDA:0,(anonymous_3)
FNDA:0,(anonymous_4)
FNDA:0,(anonymous_5)
FNDA:0,(anonymous_6)
FNDA:4,(anonymous_7)
DA:8,1
DA:17,1
DA:18,1
DA:20,1
DA:21,0
DA:23,1
DA:24,0
DA:25,0
DA:26,0
DA:27,0
DA:30,1
DA:44,0
DA:52,0
DA:58,0
DA:64,0
DA:78,4
DA:95,1
LF:17
LH:8
BRDA:49,0,0,1
BRDA:49,0,1,0
BRDA:61,1,0,0
BRDA:61,1,1,0
BRF:4
BRH:1
end_of_record
TN:
SF:src/Components/ReviewModal.jsx
FN:11,(anonymous_0)
FN:24,(anonymous_1)
FN:43,(anonymous_2)
FN:47,(anonymous_3)
FN:56,(anonymous_4)
FN:89,(anonymous_5)
FN:113,(anonymous_6)
FN:126,(anonymous_7)
FN:130,(anonymous_8)
FN:135,(anonymous_9)
FN:164,(anonymous_10)
FN:172,(anonymous_11)
FNF:12
FNH:2
FNDA:17,(anonymous_0)
FNDA:9,(anonymous_1)
FNDA:0,(anonymous_2)
FNDA:0,(anonymous_3)
FNDA:0,(anonymous_4)
FNDA:0,(anonymous_5)
FNDA:0,(anonymous_6)
FNDA:0,(anonymous_7)
FNDA:0,(anonymous_8)
FNDA:0,(anonymous_9)
FNDA:0,(anonymous_10)
FNDA:0,(anonymous_11)
DA:11,1
DA:18,17
DA:19,17
DA:20,17
DA:21,17
DA:22,17
DA:24,17
DA:25,9
DA:26,0
DA:28,9
DA:29,8
DA:30,8
DA:31,8
DA:32,8
DA:33,0
DA:35,8
DA:39,17
DA:40,17
DA:43,0
DA:44,0
DA:47,0
DA:48,0
DA:49,0
DA:50,0
DA:52,0
DA:53,0
DA:56,0
DA:57,0
DA:58,0
DA:59,0
DA:60,0
DA:65,0
DA:66,0
DA:67,0
DA:68,0
DA:70,0
DA:73,0
DA:78,0
DA:79,0
DA:80,0
DA:81,0
DA:83,0
DA:86,0
DA:87,0
DA:89,0
DA:90,0
DA:91,0
DA:92,0
DA:93,0
DA:95,0
DA:113,0
DA:127,0
DA:130,0
DA:135,0
DA:164,0
DA:172,0
DA:188,1
LF:57
LH:17
BRDA:25,0,0,0
BRDA:25,0,1,9
BRDA:28,1,0,8
BRDA:28,1,1,1
BRDA:39,2,0,17
BRDA:39,2,1,0
BRDA:59,3,0,0
BRDA:59,3,1,0
BRDA:66,4,0,0
BRDA:66,4,1,0
BRDA:79,5,0,0
BRDA:79,5,1,0
BRDA:102,6,0,0
BRDA:102,6,1,0
BRDA:127,7,0,0
BRDA:127,7,1,0
BRF:16
BRH:4
end_of_record
TN:
SF:src/Components/ShowProfileInfo.jsx
FN:10,(anonymous_0)
FN:22,(anonymous_1)
FN:23,(anonymous_2)
FN:38,(anonymous_3)
FN:50,(anonymous_4)
FN:62,(anonymous_5)
FN:74,(anonymous_6)
FN:94,(anonymous_7)
FN:113,(anonymous_8)
FN:121,(anonymous_9)
FN:129,(anonymous_10)
FN:131,(anonymous_11)
FN:132,(anonymous_12)
FN:142,(anonymous_13)
FN:159,(anonymous_14)
FN:168,(anonymous_15)
FN:176,(anonymous_16)
FN:184,(anonymous_17)
FN:192,(anonymous_18)
FN:200,(anonymous_19)
FN:208,(anonymous_20)
FN:215,(anonymous_21)
FN:241,(anonymous_22)
FN:261,(anonymous_23)
FNF:24
FNH:3
FNDA:25,(anonymous_0)
FNDA:7,(anonymous_1)
FNDA:7,(anonymous_2)
FNDA:0,(anonymous_3)
FNDA:0,(anonymous_4)
FNDA:0,(anonymous_5)
FNDA:0,(anonymous_6)
FNDA:0,(anonymous_7)
FNDA:0,(anonymous_8)
FNDA:0,(anonymous_9)
FNDA:0,(anonymous_10)
FNDA:0,(anonymous_11)
FNDA:0,(anonymous_12)
FNDA:0,(anonymous_13)
FNDA:0,(anonymous_14)
FNDA:0,(anonymous_15)
FNDA:0,(anonymous_16)
FNDA:0,(anonymous_17)
FNDA:0,(anonymous_18)
FNDA:0,(anonymous_19)
FNDA:0,(anonymous_20)
FNDA:0,(anonymous_21)
FNDA:0,(anonymous_22)
FNDA:0,(anonymous_23)
DA:10,1
DA:18,25
DA:19,25
DA:20,25
DA:21,25
DA:22,25
DA:23,7
DA:24,7
DA:25,7
DA:26,7
DA:28,0
DA:31,7
DA:34,25
DA:35,25
DA:38,0
DA:46,0
DA:47,0
DA:48,0
DA:49,0
DA:50,0
DA:51,0
DA:56,0
DA:57,0
DA:58,0
DA:59,0
DA:60,0
DA:61,0
DA:62,0
DA:63,0
DA:68,0
DA:69,0
DA:70,0
DA:71,0
DA:72,0
DA:73,0
DA:74,0
DA:75,0
DA:79,0
DA:80,0
DA:81,0
DA:83,0
DA:88,0
DA:89,0
DA:90,0
DA:91,0
DA:92,0
DA:93,0
DA:94,0
DA:95,0
DA:99,0
DA:100,0
DA:101,0
DA:103,0
DA:108,0
DA:109,0
DA:110,0
DA:111,0
DA:112,0
DA:113,0
DA:114,0
DA:116,0
DA:117,0
DA:118,0
DA:119,0
DA:120,0
DA:121,0
DA:122,0
DA:124,0
DA:125,0
DA:129,0
DA:130,0
DA:131,0
DA:132,0
DA:136,0
DA:142,0
DA:159,0
DA:168,0
DA:176,0
DA:184,0
DA:192,0
DA:200,0
DA:208,0
DA:215,0
DA:242,0
DA:262,0
DA:284,1
LF:86
LH:14
BRDA:25,0,0,7
BRDA:25,0,1,0
BRDA:34,1,0,25
BRDA:34,1,1,0
BRDA:46,2,0,0
BRDA:46,2,1,0
BRDA:58,3,0,0
BRDA:58,3,1,0
BRDA:70,4,0,0
BRDA:70,4,1,0
BRDA:75,5,0,0
BRDA:75,5,1,0
BRDA:90,6,0,0
BRDA:90,6,1,0
BRDA:95,7,0,0
BRDA:95,7,1,0
BRDA:110,8,0,0
BRDA:110,8,1,0
BRDA:118,9,0,0
BRDA:118,9,1,0
BRDA:149,10,0,0
BRDA:149,10,1,0
BRDA:150,11,0,0
BRDA:150,11,1,0
BRDA:151,12,0,0
BRDA:151,12,1,0
BRDA:152,13,0,0
BRDA:152,13,1,0
BRDA:155,14,0,0
BRDA:155,14,1,0
BRDA:155,14,2,0
BRDA:164,15,0,0
BRDA:164,15,1,0
BRDA:166,16,0,0
BRDA:166,16,1,0
BRDA:174,17,0,0
BRDA:174,17,1,0
BRDA:182,18,0,0
BRDA:182,18,1,0
BRDA:190,19,0,0
BRDA:190,19,1,0
BRDA:198,20,0,0
BRDA:198,20,1,0
BRDA:206,21,0,0
BRDA:206,21,1,0
BRDA:226,22,0,0
BRDA:226,22,1,0
BRDA:232,23,0,0
BRDA:232,23,1,0
BRDA:234,24,0,0
BRDA:234,24,1,0
BRDA:234,25,0,0
BRDA:234,25,1,0
BRDA:252,26,0,0
BRDA:252,26,1,0
BRDA:254,27,0,0
BRDA:254,27,1,0
BRDA:254,28,0,0
BRDA:254,28,1,0
BRDA:272,29,0,0
BRDA:272,29,1,0
BRDA:273,30,0,0
BRDA:273,30,1,0
BRF:63
BRH:2
end_of_record
TN:
SF:src/Components/SignInForm.jsx
FN:16,(anonymous_0)
FN:31,(anonymous_1)
FN:47,(anonymous_2)
FN:60,(anonymous_3)
FN:65,(anonymous_4)
FN:147,(anonymous_5)
FN:151,(anonymous_6)
FN:162,(anonymous_7)
FN:306,(anonymous_8)
FN:310,(anonymous_9)
FN:320,(anonymous_10)
FNF:11
FNH:2
FNDA:12,(anonymous_0)
FNDA:0,(anonymous_1)
FNDA:0,(anonymous_2)
FNDA:0,(anonymous_3)
FNDA:0,(anonymous_4)
FNDA:0,(anonymous_5)
FNDA:0,(anonymous_6)
FNDA:1,(anonymous_7)
FNDA:0,(anonymous_8)
FNDA:0,(anonymous_9)
FNDA:0,(anonymous_10)
DA:16,1
DA:17,12
DA:18,11
DA:19,11
DA:20,11
DA:28,11
DA:32,0
DA:33,0
DA:34,0
DA:35,0
DA:36,0
DA:38,0
DA:40,0
DA:44,11
DA:48,0
DA:49,0
DA:50,0
DA:51,0
DA:52,0
DA:54,0
DA:56,0
DA:60,11
DA:61,0
DA:62,0
DA:65,11
DA:66,0
DA:67,0
DA:70,11
DA:147,0
DA:151,0
DA:162,1
DA:306,0
DA:310,0
DA:320,0
LF:34
LH:11
BRDA:33,0,0,0
BRDA:33,0,1,0
BRDA:49,1,0,0
BRDA:49,1,1,0
BRDA:73,2,0,5
BRDA:73,2,1,6
BRDA:96,3,0,0
BRDA:96,3,1,5
BRDA:96,4,0,5
BRDA:96,4,1,0
BRDA:117,5,0,0
BRDA:117,5,1,5
BRDA:117,6,0,5
BRDA:117,6,1,0
BRDA:194,7,0,0
BRDA:194,7,1,6
BRDA:194,8,0,6
BRDA:194,8,1,0
BRDA:215,9,0,0
BRDA:215,9,1,6
BRDA:215,10,0,6
BRDA:215,10,1,0
BRDA:236,11,0,0
BRDA:236,11,1,6
BRDA:236,12,0,6
BRDA:236,12,1,0
BRDA:258,13,0,0
BRDA:258,13,1,6
BRDA:258,14,0,6
BRDA:258,14,1,0
BRDA:281,15,0,0
BRDA:281,15,1,6
BRDA:281,16,0,6
BRDA:281,16,1,0
BRF:34
BRH:16
end_of_record
TN:
SF:src/Components/SignInHomePage.jsx
FN:2,(anonymous_0)
FNF:1
FNH:0
FNDA:0,(anonymous_0)
DA:2,0
DA:3,0
LF:2
LH:0
BRF:0
BRH:0
end_of_record
TN:
SF:src/Components/UpdateImages.jsx
FN:3,(anonymous_0)
FN:5,(anonymous_1)
FN:31,(anonymous_2)
FN:50,(anonymous_3)
FNF:4
FNH:0
FNDA:0,(anonymous_0)
FNDA:0,(anonymous_1)
FNDA:0,(anonymous_2)
FNDA:0,(anonymous_3)
DA:3,0
DA:4,0
DA:5,0
DA:6,0
DA:7,0
DA:12,0
DA:13,0
DA:14,0
DA:15,0
DA:17,0
DA:24,0
DA:25,0
DA:28,0
DA:31,0
DA:32,0
DA:33,0
DA:34,0
DA:35,0
DA:36,0
DA:37,0
DA:38,0
DA:39,0
DA:40,0
DA:43,0
DA:50,0
LF:25
LH:0
BRDA:7,0,0,0
BRDA:7,0,1,0
BRDA:8,1,0,0
BRDA:8,1,1,0
BRDA:8,1,2,0
BRF:5
BRH:0
end_of_record
TN:
SF:src/Components/useWindowSize.jsx
FN:3,(anonymous_0)
FN:9,(anonymous_1)
FN:10,(anonymous_2)
FN:20,(anonymous_3)
FNF:4
FNH:4
FNDA:25,(anonymous_0)
FNDA:7,(anonymous_1)
FNDA:7,(anonymous_2)
FNDA:7,(anonymous_3)
DA:3,1
DA:4,25
DA:9,25
DA:10,7
DA:11,7
DA:17,7
DA:19,7
DA:20,7
DA:23,25
LF:9
LH:9
BRF:0
BRH:0
end_of_record
TN:
SF:src/ValidationSchemas/EditProfileSchema.jsx
FNF:0
FNH:0
DA:2,1
LF:1
LH:1
BRF:0
BRH:0
end_of_record
TN:
SF:src/ValidationSchemas/SignInSchema.jsx
FNF:0
FNH:0
DA:2,1
LF:1
LH:1
BRF:0
BRH:0
end_of_record
TN:
SF:src/ValidationSchemas/SignUpSchema.jsx
FNF:0
FNH:0
DA:2,1
LF:1
LH:1
BRF:0
BRH:0
end_of_record
TN:
SF:src/ValidationSchemas/hotelBookingFormSchema.jsx
FNF:0
FNH:0
DA:2,1
LF:1
LH:1
BRF:0
BRH:0
end_of_record
TN:
SF:src/ValidationSchemas/index.jsx
FNF:0
FNH:0
DA:2,0
LF:1
LH:0
BRF:0
BRH:0
end_of_record
TN:
SF:src/assets/data/BookingDetailsData.jsx
FNF:0
FNH:0
DA:1,0
LF:1
LH:0
BRF:0
BRH:0
end_of_record
TN:
SF:src/assets/data/CitiesData.jsx
FNF:0
FNH:0
DA:3,0
LF:1
LH:0
BRF:0
BRH:0
end_of_record
TN:
SF:src/assets/data/reviewTempData.jsx
FNF:0
FNH:0
DA:1,0
LF:1
LH:0
BRF:0
BRH:0
end_of_record
TN:
SF:src/assets/data/trendingData.js
FNF:0
FNH:0
DA:1,1
DA:6,1
LF:2
LH:2
BRF:0
BRH:0
end_of_record
TN:
SF:src/utils/CirculareSpinner.jsx
FN:3,(anonymous_0)
FNF:1
FNH:1
FNDA:2,(anonymous_0)
DA:3,3
DA:4,2
DA:10,2
LF:3
LH:3
BRF:0
BRH:0
end_of_record
TN:
SF:src/utils/Spinners.jsx
FN:3,(anonymous_0)
FNF:1
FNH:1
FNDA:11,(anonymous_0)
DA:3,4
DA:4,11
DA:10,11
LF:3
LH:3
BRF:0
BRH:0
end_of_record
TN:
SF:src/utils/api.jsx
FN:4,(anonymous_0)
FN:14,(anonymous_1)
FN:24,(anonymous_2)
FN:34,(anonymous_3)
FN:44,(anonymous_4)
FN:56,(anonymous_5)
FN:71,(anonymous_6)
FN:87,(anonymous_7)
FN:97,(anonymous_8)
FN:110,(anonymous_9)
FN:123,(anonymous_10)
FN:136,(anonymous_11)
FN:149,(anonymous_12)
FN:162,(anonymous_13)
FN:175,(anonymous_14)
FN:189,(anonymous_15)
FN:203,(anonymous_16)
FN:217,(anonymous_17)
FNF:18
FNH:0
FNDA:0,(anonymous_0)
FNDA:0,(anonymous_1)
FNDA:0,(anonymous_2)
FNDA:0,(anonymous_3)
FNDA:0,(anonymous_4)
FNDA:0,(anonymous_5)
FNDA:0,(anonymous_6)
FNDA:0,(anonymous_7)
FNDA:0,(anonymous_8)
FNDA:0,(anonymous_9)
FNDA:0,(anonymous_10)
FNDA:0,(anonymous_11)
FNDA:0,(anonymous_12)
FNDA:0,(anonymous_13)
FNDA:0,(anonymous_14)
FNDA:0,(anonymous_15)
FNDA:0,(anonymous_16)
FNDA:0,(anonymous_17)
DA:4,4
DA:5,0
DA:6,0
DA:7,0
DA:8,0
DA:10,0
DA:14,4
DA:15,0
DA:16,0
DA:17,0
DA:18,0
DA:20,0
DA:24,4
DA:25,0
DA:26,0
DA:27,0
DA:28,0
DA:30,0
DA:34,4
DA:35,0
DA:36,0
DA:37,0
DA:38,0
DA:40,0
DA:44,4
DA:45,0
DA:46,0
DA:49,0
DA:50,0
DA:52,0
DA:56,4
DA:57,0
DA:58,0
DA:59,0
DA:64,0
DA:65,0
DA:67,0
DA:71,4
DA:72,0
DA:73,0
DA:74,0
DA:80,0
DA:81,0
DA:83,0
DA:87,4
DA:88,0
DA:89,0
DA:90,0
DA:91,0
DA:93,0
DA:97,4
DA:98,0
DA:99,0
DA:100,0
DA:103,0
DA:104,0
DA:106,0
DA:110,4
DA:111,0
DA:112,0
DA:113,0
DA:116,0
DA:117,0
DA:119,0
DA:123,4
DA:124,0
DA:125,0
DA:126,0
DA:129,0
DA:130,0
DA:132,0
DA:136,4
DA:137,0
DA:138,0
DA:139,0
DA:142,0
DA:143,0
DA:145,0
DA:149,4
DA:150,0
DA:151,0
DA:152,0
DA:155,0
DA:156,0
DA:158,0
DA:162,4
DA:163,0
DA:164,0
DA:165,0
DA:168,0
DA:169,0
DA:171,0
DA:175,4
DA:176,0
DA:177,0
DA:178,0
DA:182,0
DA:183,0
DA:185,0
DA:189,4
DA:190,0
DA:191,0
DA:192,0
DA:196,0
DA:197,0
DA:199,0
DA:203,4
DA:204,0
DA:205,0
DA:206,0
DA:210,0
DA:211,0
DA:213,0
DA:217,4
DA:218,0
DA:219,0
DA:220,0
DA:227,0
DA:228,0
DA:230,0
LF:120
LH:18
BRF:0
BRH:0
end_of_record
TN:
SF:src/utils/constants.jsx
FN:3,(anonymous_0)
FNF:1
FNH:0
FNDA:0,(anonymous_0)
DA:1,5
DA:3,5
DA:4,0
DA:10,5
DA:23,5
DA:56,5
LF:6
LH:5
BRF:0
BRH:0
end_of_record
TN:
SF:src/utils/notification.jsx
FN:5,(anonymous_0)
FN:18,(anonymous_1)
FN:31,(anonymous_2)
FNF:3
FNH:0
FNDA:0,(anonymous_0)
FNDA:0,(anonymous_1)
FNDA:0,(anonymous_2)
DA:5,7
DA:6,0
DA:18,7
DA:19,0
DA:31,7
DA:32,0
DA:33,0
LF:7
LH:3
BRF:0
BRH:0
end_of_record
